2025-06-15 12:01:38,485 - INFO - --- Clustering Session Started: 2025-06-15 12:01:38 ---
2025-06-15 12:01:38,485 - INFO - Results will be saved to: E:\PythonProject\logs\clustering_results-3.8v.log
2025-06-15 12:01:38,485 - INFO - 
@---- ||||||||||||| iris Dataset ||||||||||||| ----@

2025-06-15 12:01:38,518 - INFO - 



@----iris Dataset information:
@---- shape: (150, 4).
@---- 3 Classes: [0. 1. 2.].
@---- Features: 4.
----------------------------------------------------------------
@---- Description: 
       sepal length (cm)  sepal width (cm)  ...  petal width (cm)      target
count         150.000000        150.000000  ...        150.000000  150.000000
mean            5.843333          3.057333  ...          1.199333    1.000000
std             0.828066          0.435866  ...          0.762238    0.819232
min             4.300000          2.000000  ...          0.100000    0.000000
25%             5.100000          2.800000  ...          0.300000    0.000000
50%             5.800000          3.000000  ...          1.300000    1.000000
75%             6.400000          3.300000  ...          1.800000    2.000000
max             7.900000          4.400000  ...          2.500000    2.000000

[8 rows x 5 columns].

2025-06-15 12:01:38,518 - INFO - 
@---- ||||||||||||| 3gaussians_std0.6 Dataset ||||||||||||| ----@

2025-06-15 12:01:38,532 - INFO - 



@----3gaussians_std0.6 Dataset information:
@---- shape: (299, 2).
@---- 3 Classes: [0. 1. 2.].
@---- Features: 2.
----------------------------------------------------------------
@---- Description: 
       4.285767432799999499e-01  ...  0.000000000000000000e+00
count                299.000000  ...                299.000000
mean                   0.433259  ...                  1.003344
std                    1.621123  ...                  0.817174
min                   -2.948656  ...                  0.000000
25%                   -1.118518  ...                  0.000000
50%                    0.836857  ...                  1.000000
75%                    1.697178  ...                  2.000000
max                    3.437618  ...                  2.000000

[8 rows x 3 columns].

2025-06-15 12:01:38,533 - INFO - 
@---- ||||||||||||| 3gaussians_std0.9 Dataset ||||||||||||| ----@

2025-06-15 12:01:38,546 - INFO - 



@----3gaussians_std0.9 Dataset information:
@---- shape: (299, 2).
@---- 3 Classes: [0. 1. 2.].
@---- Features: 2.
----------------------------------------------------------------
@---- Description: 
       1.547300756467523408e-01  ...  0.000000000000000000e+00
count                299.000000  ...                299.000000
mean                   0.399910  ...                  1.003344
std                    1.755779  ...                  0.817174
min                   -3.659532  ...                  0.000000
25%                   -1.016968  ...                  0.000000
50%                    0.630623  ...                  1.000000
75%                    1.764866  ...                  2.000000
max                    4.128793  ...                  2.000000

[8 rows x 3 columns].

2025-06-15 12:01:38,547 - INFO - 
@---- ||||||||||||| circles Dataset ||||||||||||| ----@

2025-06-15 12:01:38,561 - INFO - 



@----circles Dataset information:
@---- shape: (999, 2).
@---- 2 Classes: [0. 1.].
@---- Features: 2.
----------------------------------------------------------------
@---- Description: 
       1.047437080492018335e+00  ...  0.000000000000000000e+00
count                999.000000  ...                999.000000
mean                  -0.001979  ...                  0.500501
std                    0.560129  ...                  0.500250
min                   -1.140872  ...                  0.000000
25%                   -0.439372  ...                  0.000000
50%                   -0.010470  ...                  1.000000
75%                    0.432331  ...                  1.000000
max                    1.105457  ...                  1.000000

[8 rows x 3 columns].

2025-06-15 12:01:38,561 - INFO - 
@---- ||||||||||||| moons Dataset ||||||||||||| ----@

2025-06-15 12:01:38,575 - INFO - 



@----moons Dataset information:
@---- shape: (999, 2).
@---- 2 Classes: [0. 1.].
@---- Features: 2.
----------------------------------------------------------------
@---- Description: 
       -1.036507032733241296e+00  ...  0.000000000000000000e+00
count                 999.000000  ...                999.000000
mean                    0.501228  ...                  0.500501
std                     0.870626  ...                  0.500250
min                    -1.120606  ...                  0.000000
25%                    -0.041113  ...                  0.000000
50%                     0.508633  ...                  1.000000
75%                     1.035793  ...                  1.000000
max                     2.079038  ...                  1.000000

[8 rows x 3 columns].

2025-06-15 12:01:38,575 - INFO - 
@---- ||||||||||||| digits Dataset ||||||||||||| ----@

2025-06-15 12:01:38,761 - INFO - 



@----digits Dataset information:
@---- shape: (1797, 64).
@---- 10 Classes: [0. 1. 2. 3. 4. 5. 6. 7. 8. 9.].
@---- Features: 64.
----------------------------------------------------------------
@---- Description: 
       pixel_0      pixel_1      pixel_2  ...     pixel_62     pixel_63       target
count   1797.0  1797.000000  1797.000000  ...  1797.000000  1797.000000  1797.000000
mean       0.0     0.303840     5.204786  ...     2.067891     0.364496     4.490818
std        0.0     0.907192     4.754826  ...     4.090548     1.860122     2.865304
min        0.0     0.000000     0.000000  ...     0.000000     0.000000     0.000000
25%        0.0     0.000000     1.000000  ...     0.000000     0.000000     2.000000
50%        0.0     0.000000     4.000000  ...     0.000000     0.000000     4.000000
75%        0.0     0.000000     9.000000  ...     2.000000     0.000000     7.000000
max        0.0     8.000000    16.000000  ...    16.000000    16.000000     9.000000

[8 rows x 65 columns].

2025-06-15 12:01:38,761 - INFO - 
@---- ||||||||||||| complex9 Dataset ||||||||||||| ----@

2025-06-15 12:01:38,778 - INFO - 



@----complex9 Dataset information:
@---- shape: (3031, 2).
@---- 9 Classes: [0. 1. 2. 3. 4. 5. 6. 7. 8.].
@---- Features: 2.
----------------------------------------------------------------
@---- Description: 
                 x            y        class
count  3031.000000  3031.000000  3031.000000
mean    359.697611   261.066163     5.648301
std     198.923555   118.335242     2.119304
min       7.798000    40.127000     0.000000
25%     176.642500   153.760000     5.000000
50%     350.352000   274.685000     6.000000
75%     543.993500   366.150500     7.000000
max     685.940000   465.752000     8.000000.

2025-06-15 12:01:38,778 - INFO - 
@---- ||||||||||||| vehicle Dataset ||||||||||||| ----@

2025-06-15 12:01:38,833 - INFO - 



@----vehicle Dataset information:
@---- shape: (846, 18).
@---- 4 Classes: ['bus' 'opel' 'saab' 'van'].
@---- Features: 18.
----------------------------------------------------------------
@---- Description: 
       COMPACTNESS  CIRCULARITY  ...  'KURTOSIS ABOUT_MINOR'  'HOLLOWS RATIO'
count   846.000000   846.000000  ...              846.000000       846.000000
mean     93.678487    44.861702  ...              188.932624       195.632388
std       8.234474     6.169866  ...                6.163949         7.438797
min      73.000000    33.000000  ...              176.000000       181.000000
25%      87.000000    40.000000  ...              184.000000       190.250000
50%      93.000000    44.000000  ...              188.000000       197.000000
75%     100.000000    49.000000  ...              193.000000       201.000000
max     119.000000    59.000000  ...              206.000000       211.000000

[8 rows x 18 columns].

2025-06-15 12:01:38,834 - INFO - 
--- All Clustering Processes Completed ---
