2025-06-16 15:34:14,043 - INFO - --- Clustering Session Started: 2025-06-16 15:34:14 ---
2025-06-16 15:34:14,044 - INFO - Results will be saved to: E:\PythonProject\logs\clustering_results-3.8v.log
2025-06-16 15:34:14,044 - INFO - 
@---- ||||||||||||| iris Dataset ||||||||||||| ----@

2025-06-16 15:34:14,049 - INFO - 
@---- ||||||||||||| DBSCAN algorithm ||||||||||||| ----@

2025-06-16 15:34:14,050 - INFO - DBSCAN outputs will be saved to E:\PythonProject\dbscan_results\iris
2025-06-16 15:34:14,051 - INFO - Starting best_eps for iris  k=4
2025-06-16 15:34:14,053 - INFO - points=150  k-dist[min]=0.1789  k-dist[max]=1.6577
2025-06-16 15:34:14,055 - INFO - knee index=133  chosen eps=0.6868
2025-06-16 15:34:14,699 - INFO - Saved k-distance plot -> dbscan_results/iris/elbow_iris_4NN_eps0.687.png
2025-06-16 15:34:14,700 - INFO - Final parameters -> eps=0.6868  min_samples=4
2025-06-16 15:34:14,704 - INFO - clusters=2  noise=6 (4.0%)
2025-06-16 15:34:14,712 - INFO - ARI=0.546  Homog.=0.569  Compl.=0.798  AMI=0.659
2025-06-16 15:34:14,714 - INFO - Dunn: 0.423
2025-06-16 15:34:14,717 - INFO - Silhouette=0.511
2025-06-16 15:34:14,718 - INFO - V-measure=0.664
2025-06-16 15:34:14,719 - INFO - Calinski_Harabasz_Score: 119.882
2025-06-16 15:34:15,771 - INFO - Saved DBSCAN plot -> dbscan_results/iris/dbscan_iris_eps0.687_min4.png
2025-06-16 15:34:15,771 - INFO - DBSCAN outputs will be saved to E:\PythonProject\dbscan_results\iris
2025-06-16 15:34:15,772 - INFO - Starting best_eps for iris  k=4
2025-06-16 15:34:15,773 - INFO - points=150  k-dist[min]=0.1789  k-dist[max]=1.6577
2025-06-16 15:34:15,774 - INFO - knee index=133  chosen eps=0.6868
2025-06-16 15:34:16,366 - INFO - Saved k-distance plot -> dbscan_results/iris/elbow_iris_4NN_eps0.687.png
2025-06-16 15:34:16,366 - INFO - Final parameters -> eps=0.6868  min_samples=4
2025-06-16 15:34:16,368 - INFO - clusters=2  noise=6 (4.0%)
2025-06-16 15:34:16,373 - INFO - ARI=0.546  Homog.=0.569  Compl.=0.798  AMI=0.659
2025-06-16 15:34:16,375 - INFO - Dunn: 0.423
2025-06-16 15:34:16,378 - INFO - Silhouette=0.511
2025-06-16 15:34:16,379 - INFO - V-measure=0.664
2025-06-16 15:34:16,380 - INFO - Calinski_Harabasz_Score: 119.882
2025-06-16 15:34:16,386 - INFO - PCA vis -> 2D  var=95.8%
2025-06-16 15:34:17,428 - INFO - Saved DBSCAN plot -> dbscan_results/iris/dbscan_iris_eps0.687_min4_pca.png
2025-06-16 15:34:17,430 - INFO - iris-DBSCAN-nd Prediction Accuracy (Hungarian Matched): 0.6805555555555556
2025-06-16 15:34:17,431 - INFO - iris-DBSCAN-2d Prediction Accuracy (Hungarian Matched): 0.6805555555555556
2025-06-16 15:34:17,431 - INFO - 
@---- ||||||||||||| 3gaussians_std0.6 Dataset ||||||||||||| ----@

2025-06-16 15:34:17,435 - INFO - Features: 2 without labels
2025-06-16 15:34:17,435 - INFO - 
@---- ||||||||||||| DBSCAN algorithm ||||||||||||| ----@

2025-06-16 15:34:17,436 - INFO - DBSCAN outputs will be saved to E:\PythonProject\dbscan_results\3gaussians_std0.6
2025-06-16 15:34:17,437 - INFO - Starting best_eps for 3gaussians_std0.6  k=10
2025-06-16 15:34:17,439 - INFO - points=299  k-dist[min]=0.1368  k-dist[max]=0.7273
2025-06-16 15:34:17,441 - INFO - knee index=260  chosen eps=0.4008
2025-06-16 15:34:17,995 - INFO - Saved k-distance plot -> dbscan_results/3gaussians_std0.6/elbow_3gaussians_std0.6_10NN_eps0.401.png
2025-06-16 15:34:17,996 - INFO - Final parameters -> eps=0.4008  min_samples=10
2025-06-16 15:34:17,998 - INFO - clusters=3  noise=4 (1.3%)
2025-06-16 15:34:18,003 - INFO - ARI=0.970  Homog.=0.970  Compl.=0.923  AMI=0.946
2025-06-16 15:34:18,007 - INFO - Dunn: 0.124
2025-06-16 15:34:18,010 - INFO - Silhouette=0.604
2025-06-16 15:34:18,012 - INFO - V-measure=0.946
2025-06-16 15:34:18,013 - INFO - Calinski_Harabasz_Score: 575.184
2025-06-16 15:34:19,189 - INFO - Saved DBSCAN plot -> dbscan_results/3gaussians_std0.6/dbscan_3gaussians_std0.6_eps0.401_min10.png
2025-06-16 15:34:19,190 - INFO - DBSCAN outputs will be saved to E:\PythonProject\dbscan_results\3gaussians_std0.6
2025-06-16 15:34:19,192 - INFO - Starting best_eps for 3gaussians_std0.6  k=10
2025-06-16 15:34:19,194 - INFO - points=299  k-dist[min]=0.1368  k-dist[max]=0.7273
2025-06-16 15:34:19,194 - INFO - knee index=260  chosen eps=0.4008
2025-06-16 15:34:19,967 - INFO - Saved k-distance plot -> dbscan_results/3gaussians_std0.6/elbow_3gaussians_std0.6_10NN_eps0.401.png
2025-06-16 15:34:19,968 - INFO - Final parameters -> eps=0.4008  min_samples=10
2025-06-16 15:34:19,970 - INFO - clusters=3  noise=4 (1.3%)
2025-06-16 15:34:19,979 - INFO - ARI=0.970  Homog.=0.970  Compl.=0.923  AMI=0.946
2025-06-16 15:34:19,984 - INFO - Dunn: 0.124
2025-06-16 15:34:19,989 - INFO - Silhouette=0.604
2025-06-16 15:34:19,991 - INFO - V-measure=0.946
2025-06-16 15:34:19,994 - INFO - Calinski_Harabasz_Score: 575.184
2025-06-16 15:34:21,299 - INFO - Saved DBSCAN plot -> dbscan_results/3gaussians_std0.6/dbscan_3gaussians_std0.6_eps0.401_min10_pca.png
2025-06-16 15:34:21,301 - INFO - 3gaussians_std0.6-DBSCAN-nd Prediction Accuracy (Hungarian Matched): 0.9966101694915255
2025-06-16 15:34:21,303 - INFO - 3gaussians_std0.6-DBSCAN-2d Prediction Accuracy (Hungarian Matched): 0.9966101694915255
2025-06-16 15:34:21,303 - INFO - 
@---- ||||||||||||| 3gaussians_std0.9 Dataset ||||||||||||| ----@

2025-06-16 15:34:21,305 - INFO - Features: 2 without labels
2025-06-16 15:34:21,305 - INFO - 
@---- ||||||||||||| DBSCAN algorithm ||||||||||||| ----@

2025-06-16 15:34:21,306 - INFO - DBSCAN outputs will be saved to E:\PythonProject\dbscan_results\3gaussians_std0.9
2025-06-16 15:34:21,306 - INFO - Starting best_eps for 3gaussians_std0.9  k=20
2025-06-16 15:34:21,309 - INFO - points=299  k-dist[min]=0.2913  k-dist[max]=1.1783
2025-06-16 15:34:21,310 - INFO - knee index=280  chosen eps=0.8062
2025-06-16 15:34:22,018 - INFO - Saved k-distance plot -> dbscan_results/3gaussians_std0.9/elbow_3gaussians_std0.9_20NN_eps0.806.png
2025-06-16 15:34:22,018 - INFO - Final parameters -> eps=0.8062  min_samples=20
2025-06-16 15:34:22,022 - INFO - clusters=1  noise=0 (0.0%)
2025-06-16 15:34:22,028 - INFO - ARI=0.000  Homog.=0.000  Compl.=1.000  AMI=0.000
2025-06-16 15:34:22,031 - INFO - Dunn: inf
2025-06-16 15:34:23,022 - INFO - Saved DBSCAN plot -> dbscan_results/3gaussians_std0.9/dbscan_3gaussians_std0.9_eps0.806_min20.png
2025-06-16 15:34:23,023 - INFO - DBSCAN outputs will be saved to E:\PythonProject\dbscan_results\3gaussians_std0.9
2025-06-16 15:34:23,024 - INFO - Starting best_eps for 3gaussians_std0.9  k=20
2025-06-16 15:34:23,026 - INFO - points=299  k-dist[min]=0.2913  k-dist[max]=1.1783
2025-06-16 15:34:23,027 - INFO - knee index=280  chosen eps=0.8062
2025-06-16 15:34:23,647 - INFO - Saved k-distance plot -> dbscan_results/3gaussians_std0.9/elbow_3gaussians_std0.9_20NN_eps0.806.png
2025-06-16 15:34:23,647 - INFO - Final parameters -> eps=0.8062  min_samples=20
2025-06-16 15:34:23,650 - INFO - clusters=1  noise=0 (0.0%)
2025-06-16 15:34:23,655 - INFO - ARI=0.000  Homog.=0.000  Compl.=1.000  AMI=0.000
2025-06-16 15:34:23,658 - INFO - Dunn: inf
2025-06-16 15:34:24,815 - INFO - Saved DBSCAN plot -> dbscan_results/3gaussians_std0.9/dbscan_3gaussians_std0.9_eps0.806_min20_pca.png
2025-06-16 15:34:24,816 - INFO - 3gaussians_std0.9-DBSCAN-nd Prediction Accuracy (Hungarian Matched): 0.33444816053511706
2025-06-16 15:34:24,817 - INFO - 3gaussians_std0.9-DBSCAN-2d Prediction Accuracy (Hungarian Matched): 0.33444816053511706
2025-06-16 15:34:24,818 - INFO - 
@---- ||||||||||||| circles Dataset ||||||||||||| ----@

2025-06-16 15:34:24,820 - INFO - Features: 2 without labels
2025-06-16 15:34:24,821 - INFO - 
@---- ||||||||||||| DBSCAN algorithm ||||||||||||| ----@

2025-06-16 15:34:24,821 - INFO - DBSCAN outputs will be saved to E:\PythonProject\dbscan_results\circles
2025-06-16 15:34:24,822 - INFO - Starting best_eps for circles  k=7
2025-06-16 15:34:24,825 - INFO - points=999  k-dist[min]=0.0384  k-dist[max]=0.3210
2025-06-16 15:34:24,827 - INFO - knee index=965  chosen eps=0.1887
2025-06-16 15:34:25,293 - INFO - Saved k-distance plot -> dbscan_results/circles/elbow_circles_7NN_eps0.189.png
2025-06-16 15:34:25,294 - INFO - Final parameters -> eps=0.1887  min_samples=7
2025-06-16 15:34:25,300 - INFO - clusters=2  noise=4 (0.4%)
2025-06-16 15:34:25,305 - INFO - ARI=0.992  Homog.=0.997  Compl.=0.964  AMI=0.980
2025-06-16 15:34:25,340 - INFO - Dunn: 0.105
2025-06-16 15:34:25,363 - INFO - Silhouette=0.075
2025-06-16 15:34:25,365 - INFO - V-measure=0.980
2025-06-16 15:34:25,366 - INFO - Calinski_Harabasz_Score: 0.757
2025-06-16 15:34:29,710 - INFO - Saved DBSCAN plot -> dbscan_results/circles/dbscan_circles_eps0.189_min7.png
2025-06-16 15:34:29,712 - INFO - DBSCAN outputs will be saved to E:\PythonProject\dbscan_results\circles
2025-06-16 15:34:29,713 - INFO - Starting best_eps for circles  k=7
2025-06-16 15:34:29,720 - INFO - points=999  k-dist[min]=0.0384  k-dist[max]=0.3210
2025-06-16 15:34:29,724 - INFO - knee index=965  chosen eps=0.1887
2025-06-16 15:34:30,604 - INFO - Saved k-distance plot -> dbscan_results/circles/elbow_circles_7NN_eps0.189.png
2025-06-16 15:34:30,604 - INFO - Final parameters -> eps=0.1887  min_samples=7
2025-06-16 15:34:30,615 - INFO - clusters=2  noise=4 (0.4%)
2025-06-16 15:34:30,622 - INFO - ARI=0.992  Homog.=0.997  Compl.=0.964  AMI=0.980
2025-06-16 15:34:30,639 - INFO - Dunn: 0.105
2025-06-16 15:34:30,666 - INFO - Silhouette=0.075
2025-06-16 15:34:30,668 - INFO - V-measure=0.980
2025-06-16 15:34:30,670 - INFO - Calinski_Harabasz_Score: 0.757
2025-06-16 15:34:32,699 - INFO - Saved DBSCAN plot -> dbscan_results/circles/dbscan_circles_eps0.189_min7_pca.png
2025-06-16 15:34:32,703 - INFO - circles-DBSCAN-nd Prediction Accuracy (Hungarian Matched): 1.0
2025-06-16 15:34:32,707 - INFO - circles-DBSCAN-2d Prediction Accuracy (Hungarian Matched): 1.0
2025-06-16 15:34:32,708 - INFO - 
@---- ||||||||||||| moons Dataset ||||||||||||| ----@

2025-06-16 15:34:32,714 - INFO - Features: 2 without labels
2025-06-16 15:34:32,715 - INFO - 
@---- ||||||||||||| DBSCAN algorithm ||||||||||||| ----@

2025-06-16 15:34:32,716 - INFO - DBSCAN outputs will be saved to E:\PythonProject\dbscan_results\moons
2025-06-16 15:34:32,717 - INFO - Starting best_eps for moons  k=7
2025-06-16 15:34:32,724 - INFO - points=999  k-dist[min]=0.0233  k-dist[max]=0.3685
2025-06-16 15:34:32,727 - INFO - knee index=972  chosen eps=0.1427
2025-06-16 15:34:33,566 - INFO - Saved k-distance plot -> dbscan_results/moons/elbow_moons_7NN_eps0.143.png
2025-06-16 15:34:33,567 - INFO - Final parameters -> eps=0.1427  min_samples=7
2025-06-16 15:34:33,577 - INFO - clusters=2  noise=3 (0.3%)
2025-06-16 15:34:33,587 - INFO - ARI=0.994  Homog.=0.997  Compl.=0.972  AMI=0.984
2025-06-16 15:34:33,652 - INFO - Dunn: 0.218
2025-06-16 15:34:33,690 - INFO - Silhouette=0.243
2025-06-16 15:34:33,694 - INFO - V-measure=0.984
2025-06-16 15:34:33,695 - INFO - Calinski_Harabasz_Score: 443.727
2025-06-16 15:34:36,236 - INFO - Saved DBSCAN plot -> dbscan_results/moons/dbscan_moons_eps0.143_min7.png
2025-06-16 15:34:36,237 - INFO - DBSCAN outputs will be saved to E:\PythonProject\dbscan_results\moons
2025-06-16 15:34:36,238 - INFO - Starting best_eps for moons  k=7
2025-06-16 15:34:36,244 - INFO - points=999  k-dist[min]=0.0233  k-dist[max]=0.3685
2025-06-16 15:34:36,248 - INFO - knee index=972  chosen eps=0.1427
2025-06-16 15:34:37,119 - INFO - Saved k-distance plot -> dbscan_results/moons/elbow_moons_7NN_eps0.143.png
2025-06-16 15:34:37,120 - INFO - Final parameters -> eps=0.1427  min_samples=7
2025-06-16 15:34:37,129 - INFO - clusters=2  noise=3 (0.3%)
2025-06-16 15:34:37,136 - INFO - ARI=0.994  Homog.=0.997  Compl.=0.972  AMI=0.984
2025-06-16 15:34:37,205 - INFO - Dunn: 0.218
2025-06-16 15:34:37,239 - INFO - Silhouette=0.243
2025-06-16 15:34:37,243 - INFO - V-measure=0.984
2025-06-16 15:34:37,244 - INFO - Calinski_Harabasz_Score: 443.727
2025-06-16 15:34:38,950 - INFO - Saved DBSCAN plot -> dbscan_results/moons/dbscan_moons_eps0.143_min7_pca.png
2025-06-16 15:34:38,952 - INFO - moons-DBSCAN-nd Prediction Accuracy (Hungarian Matched): 1.0
2025-06-16 15:34:38,955 - INFO - moons-DBSCAN-2d Prediction Accuracy (Hungarian Matched): 1.0
2025-06-16 15:34:38,956 - INFO - 
@---- ||||||||||||| digits Dataset ||||||||||||| ----@

2025-06-16 15:34:38,981 - INFO - Features: 2 without labels
2025-06-16 15:34:38,982 - INFO - 
@---- ||||||||||||| DBSCAN algorithm ||||||||||||| ----@

2025-06-16 15:34:38,984 - INFO - DBSCAN outputs will be saved to E:\PythonProject\dbscan_results\digits
2025-06-16 15:34:38,988 - INFO - Starting best_eps for digits  k=10
2025-06-16 15:34:39,324 - INFO - points=1797  k-dist[min]=2.2257  k-dist[max]=46.3133
2025-06-16 15:34:39,327 - INFO - knee index=1744  chosen eps=8.5134
2025-06-16 15:34:40,038 - INFO - Saved k-distance plot -> dbscan_results/digits/elbow_digits_10NN_eps8.513.png
2025-06-16 15:34:40,039 - INFO - Final parameters -> eps=8.5134  min_samples=10
2025-06-16 15:34:41,015 - INFO - clusters=1  noise=28 (1.6%)
2025-06-16 15:34:41,024 - INFO - ARI=0.000  Homog.=0.002  Compl.=0.072  AMI=0.003
2025-06-16 15:34:41,135 - INFO - Dunn: inf
2025-06-16 15:34:43,743 - INFO - Saved DBSCAN plot -> dbscan_results/digits/dbscan_digits_eps8.513_min10.png
2025-06-16 15:34:43,745 - INFO - DBSCAN outputs will be saved to E:\PythonProject\dbscan_results\digits
2025-06-16 15:34:43,749 - INFO - Starting best_eps for digits  k=10
2025-06-16 15:34:44,071 - INFO - points=1797  k-dist[min]=2.2257  k-dist[max]=46.3133
2025-06-16 15:34:44,075 - INFO - knee index=1744  chosen eps=8.5134
2025-06-16 15:34:44,918 - INFO - Saved k-distance plot -> dbscan_results/digits/elbow_digits_10NN_eps8.513.png
2025-06-16 15:34:44,919 - INFO - Final parameters -> eps=8.5134  min_samples=10
2025-06-16 15:34:45,591 - INFO - clusters=1  noise=28 (1.6%)
2025-06-16 15:34:45,597 - INFO - ARI=0.000  Homog.=0.002  Compl.=0.072  AMI=0.003
2025-06-16 15:34:45,656 - INFO - Dunn: inf
2025-06-16 15:34:45,697 - INFO - PCA vis -> 2D  var=21.6%
2025-06-16 15:34:47,305 - INFO - Saved DBSCAN plot -> dbscan_results/digits/dbscan_digits_eps8.513_min10_pca.png
2025-06-16 15:34:47,309 - INFO - digits-DBSCAN-nd Prediction Accuracy (Hungarian Matched): 0.10231769361221028
2025-06-16 15:34:47,315 - INFO - digits-DBSCAN-2d Prediction Accuracy (Hungarian Matched): 0.10231769361221028
2025-06-16 15:34:47,315 - INFO - 
@---- ||||||||||||| complex9 Dataset ||||||||||||| ----@

2025-06-16 15:34:47,319 - INFO - Features: 2 without labels
2025-06-16 15:34:47,320 - INFO - 
@---- ||||||||||||| DBSCAN algorithm ||||||||||||| ----@

2025-06-16 15:34:47,321 - INFO - DBSCAN outputs will be saved to E:\PythonProject\dbscan_results\complex9
2025-06-16 15:34:47,322 - INFO - Starting best_eps for complex9  k=4
2025-06-16 15:34:47,335 - INFO - points=3031  k-dist[min]=0.0072  k-dist[max]=0.1091
2025-06-16 15:34:47,338 - INFO - knee index=3007  chosen eps=0.0865
2025-06-16 15:34:48,301 - INFO - Saved k-distance plot -> dbscan_results/complex9/elbow_complex9_4NN_eps0.087.png
2025-06-16 15:34:48,302 - INFO - Final parameters -> eps=0.0865  min_samples=4
2025-06-16 15:34:48,324 - INFO - clusters=9  noise=1 (0.0%)
2025-06-16 15:34:48,337 - INFO - ARI=1.000  Homog.=1.000  Compl.=0.999  AMI=0.999
2025-06-16 15:34:48,465 - INFO - Dunn: 0.026
2025-06-16 15:34:48,708 - INFO - Silhouette=-0.057
2025-06-16 15:34:48,711 - INFO - V-measure=0.999
2025-06-16 15:34:48,713 - INFO - Calinski_Harabasz_Score: 932.832
2025-06-16 15:34:51,179 - INFO - Saved DBSCAN plot -> dbscan_results/complex9/dbscan_complex9_eps0.087_min4.png
2025-06-16 15:34:51,179 - INFO - DBSCAN outputs will be saved to E:\PythonProject\dbscan_results\complex9
2025-06-16 15:34:51,180 - INFO - Starting best_eps for complex9  k=4
2025-06-16 15:34:51,192 - INFO - points=3031  k-dist[min]=0.0072  k-dist[max]=0.1091
2025-06-16 15:34:51,197 - INFO - knee index=3007  chosen eps=0.0865
2025-06-16 15:34:52,013 - INFO - Saved k-distance plot -> dbscan_results/complex9/elbow_complex9_4NN_eps0.087.png
2025-06-16 15:34:52,014 - INFO - Final parameters -> eps=0.0865  min_samples=4
2025-06-16 15:34:52,053 - INFO - clusters=9  noise=1 (0.0%)
2025-06-16 15:34:52,075 - INFO - ARI=1.000  Homog.=1.000  Compl.=0.999  AMI=0.999
2025-06-16 15:34:52,213 - INFO - Dunn: 0.026
2025-06-16 15:34:52,511 - INFO - Silhouette=-0.057
2025-06-16 15:34:52,513 - INFO - V-measure=0.999
2025-06-16 15:34:52,516 - INFO - Calinski_Harabasz_Score: 932.832
2025-06-16 15:34:55,084 - INFO - Saved DBSCAN plot -> dbscan_results/complex9/dbscan_complex9_eps0.087_min4_pca.png
2025-06-16 15:34:55,088 - INFO - complex9-DBSCAN-nd Prediction Accuracy (Hungarian Matched): 1.0
2025-06-16 15:34:55,094 - INFO - complex9-DBSCAN-2d Prediction Accuracy (Hungarian Matched): 1.0
2025-06-16 15:34:55,094 - INFO - 
@---- ||||||||||||| vehicle Dataset ||||||||||||| ----@

2025-06-16 15:34:55,103 - INFO - Features: 2 without labels
2025-06-16 15:34:55,104 - INFO - 
@---- ||||||||||||| DBSCAN algorithm ||||||||||||| ----@

2025-06-16 15:34:55,104 - INFO - DBSCAN outputs will be saved to E:\PythonProject\dbscan_results\vehicle
2025-06-16 15:34:55,106 - INFO - Starting best_eps for vehicle  k=30
2025-06-16 15:34:55,145 - INFO - points=846  k-dist[min]=1.2516  k-dist[max]=16.0431
2025-06-16 15:34:55,148 - INFO - knee index=825  chosen eps=3.9213
2025-06-16 15:34:56,065 - INFO - Saved k-distance plot -> dbscan_results/vehicle/elbow_vehicle_30NN_eps3.921.png
2025-06-16 15:34:56,065 - INFO - Final parameters -> eps=3.9213  min_samples=30
2025-06-16 15:34:56,148 - INFO - clusters=1  noise=8 (0.9%)
2025-06-16 15:34:56,158 - INFO - ARI=0.001  Homog.=0.006  Compl.=0.154  AMI=0.009
2025-06-16 15:34:56,180 - INFO - Dunn: inf
2025-06-16 15:34:59,046 - INFO - Saved DBSCAN plot -> dbscan_results/vehicle/dbscan_vehicle_eps3.921_min30.png
2025-06-16 15:34:59,047 - INFO - DBSCAN outputs will be saved to E:\PythonProject\dbscan_results\vehicle
2025-06-16 15:34:59,048 - INFO - Starting best_eps for vehicle  k=30
2025-06-16 15:34:59,087 - INFO - points=846  k-dist[min]=1.2516  k-dist[max]=16.0431
2025-06-16 15:34:59,089 - INFO - knee index=825  chosen eps=3.9213
2025-06-16 15:35:00,037 - INFO - Saved k-distance plot -> dbscan_results/vehicle/elbow_vehicle_30NN_eps3.921.png
2025-06-16 15:35:00,038 - INFO - Final parameters -> eps=3.9213  min_samples=30
2025-06-16 15:35:00,106 - INFO - clusters=1  noise=8 (0.9%)
2025-06-16 15:35:00,115 - INFO - ARI=0.001  Homog.=0.006  Compl.=0.154  AMI=0.009
2025-06-16 15:35:00,136 - INFO - Dunn: inf
2025-06-16 15:35:00,147 - INFO - PCA vis -> 2D  var=69.2%
2025-06-16 15:35:02,037 - INFO - Saved DBSCAN plot -> dbscan_results/vehicle/dbscan_vehicle_eps3.921_min30_pca.png
2025-06-16 15:35:02,044 - INFO - vehicle-DBSCAN-nd Prediction Accuracy (Hungarian Matched): 0.25894988066825775
2025-06-16 15:35:02,052 - INFO - vehicle-DBSCAN-2d Prediction Accuracy (Hungarian Matched): 0.25894988066825775
2025-06-16 15:35:02,053 - INFO - 
--- All Clustering Processes Completed ---
2025-06-16 15:50:50,283 - INFO - --- Clustering Session Started: 2025-06-16 15:50:50 ---
2025-06-16 15:50:50,283 - INFO - Results will be saved to: E:\PythonProject\logs\clustering_results-3.8v.log
2025-06-16 15:50:50,284 - INFO - 
@---- ||||||||||||| iris Dataset ||||||||||||| ----@

2025-06-16 15:50:50,289 - INFO - 
@---- ||||||||||||| DBSCAN algorithm ||||||||||||| ----@

2025-06-16 15:50:50,290 - INFO - DBSCAN outputs will be saved to E:\PythonProject\dbscan_results\iris
2025-06-16 15:50:50,291 - INFO - Starting best_eps for iris  k=4
2025-06-16 15:50:50,292 - INFO - points=150  k-dist[min]=0.1789  k-dist[max]=1.6577
2025-06-16 15:50:50,293 - INFO - knee index=133  chosen eps=0.6868
2025-06-16 15:50:51,226 - INFO - Saved k-distance plot -> dbscan_results/iris/elbow_iris_4NN_eps0.687.png
2025-06-16 15:50:51,227 - INFO - Final parameters -> eps=0.6868  min_samples=4
2025-06-16 15:50:51,230 - INFO - clusters=2  noise=6 (4.0%)
2025-06-16 15:50:51,240 - INFO - ARI=0.546  Homog.=0.569  Compl.=0.798  AMI=0.659
2025-06-16 15:50:51,243 - INFO - Dunn: 0.423
2025-06-16 15:50:51,244 - INFO - Silhouette=0.511
2025-06-16 15:50:51,249 - INFO - V-measure=0.664
2025-06-16 15:50:51,250 - INFO - Calinski_Harabasz_Score: 119.882
2025-06-16 15:50:52,672 - INFO - Saved DBSCAN plot -> dbscan_results/iris/dbscan_iris_eps0.687_min4.png
2025-06-16 15:50:52,673 - INFO - DBSCAN outputs will be saved to E:\PythonProject\dbscan_results\iris
2025-06-16 15:50:52,673 - INFO - Starting best_eps for iris  k=4
2025-06-16 15:50:52,675 - INFO - points=150  k-dist[min]=0.1789  k-dist[max]=1.6577
2025-06-16 15:50:52,675 - INFO - knee index=133  chosen eps=0.6868
2025-06-16 15:50:53,466 - INFO - Saved k-distance plot -> dbscan_results/iris/elbow_iris_4NN_eps0.687.png
2025-06-16 15:50:53,468 - INFO - Final parameters -> eps=0.6868  min_samples=4
2025-06-16 15:50:53,470 - INFO - clusters=2  noise=6 (4.0%)
2025-06-16 15:50:53,476 - INFO - ARI=0.546  Homog.=0.569  Compl.=0.798  AMI=0.659
2025-06-16 15:50:53,480 - INFO - Dunn: 0.423
2025-06-16 15:50:53,484 - INFO - Silhouette=0.511
2025-06-16 15:50:53,486 - INFO - V-measure=0.664
2025-06-16 15:50:53,488 - INFO - Calinski_Harabasz_Score: 119.882
2025-06-16 15:50:53,489 - INFO - PCA vis -> 2D  var=95.8%
2025-06-16 15:50:54,757 - INFO - Saved DBSCAN plot -> dbscan_results/iris/dbscan_iris_eps0.687_min4_pca.png
2025-06-16 15:50:54,759 - INFO - iris-DBSCAN-nd Prediction Accuracy (Hungarian Matched): 0.6805555555555556
2025-06-16 15:50:54,761 - INFO - iris-DBSCAN-2d Prediction Accuracy (Hungarian Matched): 0.6805555555555556
2025-06-16 15:50:54,762 - INFO - 
@---- ||||||||||||| 3gaussians_std0.6 Dataset ||||||||||||| ----@

2025-06-16 15:50:54,767 - INFO - Features: 2 without labels
2025-06-16 15:50:54,767 - INFO - 
@---- ||||||||||||| DBSCAN algorithm ||||||||||||| ----@

2025-06-16 15:50:54,768 - INFO - DBSCAN outputs will be saved to E:\PythonProject\dbscan_results\3gaussians_std0.6
2025-06-16 15:50:54,770 - INFO - Starting best_eps for 3gaussians_std0.6  k=10
2025-06-16 15:50:54,772 - INFO - points=299  k-dist[min]=0.1368  k-dist[max]=0.7273
2025-06-16 15:50:54,774 - INFO - knee index=260  chosen eps=0.4008
2025-06-16 15:50:55,452 - INFO - Saved k-distance plot -> dbscan_results/3gaussians_std0.6/elbow_3gaussians_std0.6_10NN_eps0.401.png
2025-06-16 15:50:55,452 - INFO - Final parameters -> eps=0.4008  min_samples=10
2025-06-16 15:50:55,454 - INFO - clusters=3  noise=4 (1.3%)
2025-06-16 15:50:55,458 - INFO - ARI=0.970  Homog.=0.970  Compl.=0.923  AMI=0.946
2025-06-16 15:50:55,464 - INFO - Dunn: 0.124
2025-06-16 15:50:55,468 - INFO - Silhouette=0.604
2025-06-16 15:50:55,469 - INFO - V-measure=0.946
2025-06-16 15:50:55,470 - INFO - Calinski_Harabasz_Score: 575.184
2025-06-16 15:50:56,749 - INFO - Saved DBSCAN plot -> dbscan_results/3gaussians_std0.6/dbscan_3gaussians_std0.6_eps0.401_min10.png
2025-06-16 15:50:56,750 - INFO - DBSCAN outputs will be saved to E:\PythonProject\dbscan_results\3gaussians_std0.6
2025-06-16 15:50:56,751 - INFO - Starting best_eps for 3gaussians_std0.6  k=10
2025-06-16 15:50:56,753 - INFO - points=299  k-dist[min]=0.1368  k-dist[max]=0.7273
2025-06-16 15:50:56,754 - INFO - knee index=260  chosen eps=0.4008
2025-06-16 15:50:57,372 - INFO - Saved k-distance plot -> dbscan_results/3gaussians_std0.6/elbow_3gaussians_std0.6_10NN_eps0.401.png
2025-06-16 15:50:57,372 - INFO - Final parameters -> eps=0.4008  min_samples=10
2025-06-16 15:50:57,377 - INFO - clusters=3  noise=4 (1.3%)
2025-06-16 15:50:57,385 - INFO - ARI=0.970  Homog.=0.970  Compl.=0.923  AMI=0.946
2025-06-16 15:50:57,389 - INFO - Dunn: 0.124
2025-06-16 15:50:57,393 - INFO - Silhouette=0.604
2025-06-16 15:50:57,396 - INFO - V-measure=0.946
2025-06-16 15:50:57,397 - INFO - Calinski_Harabasz_Score: 575.184
2025-06-16 15:50:58,723 - INFO - Saved DBSCAN plot -> dbscan_results/3gaussians_std0.6/dbscan_3gaussians_std0.6_eps0.401_min10_pca.png
2025-06-16 15:50:58,724 - INFO - 3gaussians_std0.6-DBSCAN-nd Prediction Accuracy (Hungarian Matched): 0.9966101694915255
2025-06-16 15:50:58,726 - INFO - 3gaussians_std0.6-DBSCAN-2d Prediction Accuracy (Hungarian Matched): 0.9966101694915255
2025-06-16 15:50:58,726 - INFO - 
@---- ||||||||||||| 3gaussians_std0.9 Dataset ||||||||||||| ----@

2025-06-16 15:50:58,729 - INFO - Features: 2 without labels
2025-06-16 15:50:58,729 - INFO - 
@---- ||||||||||||| DBSCAN algorithm ||||||||||||| ----@

2025-06-16 15:50:58,730 - INFO - DBSCAN outputs will be saved to E:\PythonProject\dbscan_results\3gaussians_std0.9
2025-06-16 15:50:58,730 - INFO - Starting best_eps for 3gaussians_std0.9  k=20
2025-06-16 15:50:58,732 - INFO - points=299  k-dist[min]=0.2913  k-dist[max]=1.1783
2025-06-16 15:50:58,733 - INFO - knee index=280  chosen eps=0.8062
2025-06-16 15:50:59,219 - INFO - Saved k-distance plot -> dbscan_results/3gaussians_std0.9/elbow_3gaussians_std0.9_20NN_eps0.806.png
2025-06-16 15:50:59,219 - INFO - Final parameters -> eps=0.8062  min_samples=20
2025-06-16 15:50:59,222 - INFO - clusters=1  noise=0 (0.0%)
2025-06-16 15:50:59,225 - INFO - ARI=0.000  Homog.=0.000  Compl.=1.000  AMI=0.000
2025-06-16 15:50:59,228 - INFO - Dunn: inf
2025-06-16 15:51:00,167 - INFO - Saved DBSCAN plot -> dbscan_results/3gaussians_std0.9/dbscan_3gaussians_std0.9_eps0.806_min20.png
2025-06-16 15:51:00,168 - INFO - DBSCAN outputs will be saved to E:\PythonProject\dbscan_results\3gaussians_std0.9
2025-06-16 15:51:00,169 - INFO - Starting best_eps for 3gaussians_std0.9  k=20
2025-06-16 15:51:00,171 - INFO - points=299  k-dist[min]=0.2913  k-dist[max]=1.1783
2025-06-16 15:51:00,172 - INFO - knee index=280  chosen eps=0.8062
2025-06-16 15:51:07,184 - INFO - --- Clustering Session Started: 2025-06-16 15:51:07 ---
2025-06-16 15:51:07,185 - INFO - Results will be saved to: E:\PythonProject\logs\clustering_results-3.8v.log
2025-06-16 15:51:07,185 - INFO - 
@---- ||||||||||||| iris Dataset ||||||||||||| ----@

2025-06-16 15:51:07,192 - INFO - 
@---- ||||||||||||| DBSCAN algorithm ||||||||||||| ----@

2025-06-16 15:51:07,193 - INFO - DBSCAN outputs will be saved to E:\PythonProject\dbscan_results\iris
2025-06-16 15:51:07,195 - INFO - Starting best_eps for iris  k=4
2025-06-16 15:51:07,198 - INFO - points=150  k-dist[min]=0.1789  k-dist[max]=1.6577
2025-06-16 15:51:07,200 - INFO - knee index=133  chosen eps=0.6868
2025-06-16 15:51:08,585 - INFO - Saved k-distance plot -> dbscan_results/iris/elbow_iris_4NN_eps0.687.png
2025-06-16 15:51:08,585 - INFO - Final parameters -> eps=0.6868  min_samples=4
2025-06-16 15:51:08,588 - INFO - clusters=2  noise=6 (4.0%)
2025-06-16 15:51:08,598 - INFO - ARI=0.546  Homog.=0.569  Compl.=0.798  AMI=0.659
2025-06-16 15:51:08,602 - INFO - Dunn: 0.423
2025-06-16 15:51:08,606 - INFO - Silhouette=0.511
2025-06-16 15:51:08,609 - INFO - V-measure=0.664
2025-06-16 15:51:08,610 - INFO - Calinski_Harabasz_Score: 119.882
2025-06-16 15:51:11,062 - INFO - Saved DBSCAN plot -> dbscan_results/iris/dbscan_iris_eps0.687_min4.png
2025-06-16 15:51:11,063 - INFO - DBSCAN outputs will be saved to E:\PythonProject\dbscan_results\iris
2025-06-16 15:51:11,065 - INFO - Starting best_eps for iris  k=4
2025-06-16 15:51:11,068 - INFO - points=150  k-dist[min]=0.1789  k-dist[max]=1.6577
2025-06-16 15:51:11,070 - INFO - knee index=133  chosen eps=0.6868
2025-06-16 15:51:12,928 - INFO - Saved k-distance plot -> dbscan_results/iris/elbow_iris_4NN_eps0.687.png
2025-06-16 15:51:12,929 - INFO - Final parameters -> eps=0.6868  min_samples=4
2025-06-16 15:51:12,934 - INFO - clusters=2  noise=6 (4.0%)
2025-06-16 15:51:12,947 - INFO - ARI=0.546  Homog.=0.569  Compl.=0.798  AMI=0.659
2025-06-16 15:51:12,952 - INFO - Dunn: 0.423
2025-06-16 15:51:12,958 - INFO - Silhouette=0.511
2025-06-16 15:51:12,961 - INFO - V-measure=0.664
2025-06-16 15:51:12,962 - INFO - Calinski_Harabasz_Score: 119.882
2025-06-16 15:51:12,964 - INFO - PCA vis -> 2D  var=95.8%
2025-06-16 15:51:16,657 - INFO - Saved DBSCAN plot -> dbscan_results/iris/dbscan_iris_eps0.687_min4_pca.png
2025-06-16 15:51:16,660 - INFO - iris-DBSCAN-nd Prediction Accuracy (Hungarian Matched): 0.6805555555555556
2025-06-16 15:51:16,663 - INFO - iris-DBSCAN-2d Prediction Accuracy (Hungarian Matched): 0.6805555555555556
2025-06-16 15:51:16,664 - INFO - 
@---- ||||||||||||| 3gaussians_std0.6 Dataset ||||||||||||| ----@

2025-06-16 15:51:16,672 - INFO - Features: 2 without labels
2025-06-16 15:51:16,672 - INFO - 
@---- ||||||||||||| DBSCAN algorithm ||||||||||||| ----@

2025-06-16 15:51:16,673 - INFO - DBSCAN outputs will be saved to E:\PythonProject\dbscan_results\3gaussians_std0.6
2025-06-16 15:51:16,677 - INFO - Starting best_eps for 3gaussians_std0.6  k=10
2025-06-16 15:51:16,683 - INFO - points=299  k-dist[min]=0.1368  k-dist[max]=0.7273
2025-06-16 15:51:16,685 - INFO - knee index=260  chosen eps=0.4008
2025-06-16 15:51:18,292 - INFO - Saved k-distance plot -> dbscan_results/3gaussians_std0.6/elbow_3gaussians_std0.6_10NN_eps0.401.png
2025-06-16 15:51:18,293 - INFO - Final parameters -> eps=0.4008  min_samples=10
2025-06-16 15:51:18,298 - INFO - clusters=3  noise=4 (1.3%)
2025-06-16 15:51:18,308 - INFO - ARI=0.970  Homog.=0.970  Compl.=0.923  AMI=0.946
2025-06-16 15:51:18,315 - INFO - Dunn: 0.124
2025-06-16 15:51:18,322 - INFO - Silhouette=0.604
2025-06-16 15:51:18,325 - INFO - V-measure=0.946
2025-06-16 15:51:18,327 - INFO - Calinski_Harabasz_Score: 575.184
2025-06-16 15:51:22,426 - INFO - Saved DBSCAN plot -> dbscan_results/3gaussians_std0.6/dbscan_3gaussians_std0.6_eps0.401_min10.png
2025-06-16 15:51:22,428 - INFO - DBSCAN outputs will be saved to E:\PythonProject\dbscan_results\3gaussians_std0.6
2025-06-16 15:51:22,430 - INFO - Starting best_eps for 3gaussians_std0.6  k=10
2025-06-16 15:51:22,434 - INFO - points=299  k-dist[min]=0.1368  k-dist[max]=0.7273
2025-06-16 15:51:22,437 - INFO - knee index=260  chosen eps=0.4008
2025-06-16 15:51:25,834 - INFO - Saved k-distance plot -> dbscan_results/3gaussians_std0.6/elbow_3gaussians_std0.6_10NN_eps0.401.png
2025-06-16 15:51:25,835 - INFO - Final parameters -> eps=0.4008  min_samples=10
2025-06-16 15:51:25,840 - INFO - clusters=3  noise=4 (1.3%)
2025-06-16 15:51:25,857 - INFO - ARI=0.970  Homog.=0.970  Compl.=0.923  AMI=0.946
2025-06-16 15:51:25,866 - INFO - Dunn: 0.124
2025-06-16 15:51:25,874 - INFO - Silhouette=0.604
2025-06-16 15:51:25,878 - INFO - V-measure=0.946
2025-06-16 15:51:25,879 - INFO - Calinski_Harabasz_Score: 575.184
2025-06-16 15:51:30,902 - INFO - Saved DBSCAN plot -> dbscan_results/3gaussians_std0.6/dbscan_3gaussians_std0.6_eps0.401_min10_pca.png
2025-06-16 15:51:30,905 - INFO - 3gaussians_std0.6-DBSCAN-nd Prediction Accuracy (Hungarian Matched): 0.9966101694915255
2025-06-16 15:51:30,910 - INFO - 3gaussians_std0.6-DBSCAN-2d Prediction Accuracy (Hungarian Matched): 0.9966101694915255
2025-06-16 15:51:30,910 - INFO - 
@---- ||||||||||||| 3gaussians_std0.9 Dataset ||||||||||||| ----@

2025-06-16 15:51:30,916 - INFO - Features: 2 without labels
2025-06-16 15:51:30,917 - INFO - 
@---- ||||||||||||| DBSCAN algorithm ||||||||||||| ----@

2025-06-16 15:51:30,918 - INFO - DBSCAN outputs will be saved to E:\PythonProject\dbscan_results\3gaussians_std0.9
2025-06-16 15:51:30,920 - INFO - Starting best_eps for 3gaussians_std0.9  k=20
2025-06-16 15:51:30,924 - INFO - points=299  k-dist[min]=0.2913  k-dist[max]=1.1783
2025-06-16 15:51:30,926 - INFO - knee index=280  chosen eps=0.8062
2025-06-16 15:51:32,037 - INFO - Saved k-distance plot -> dbscan_results/3gaussians_std0.9/elbow_3gaussians_std0.9_20NN_eps0.806.png
2025-06-16 15:51:32,038 - INFO - Final parameters -> eps=0.8062  min_samples=20
2025-06-16 15:51:32,041 - INFO - clusters=1  noise=0 (0.0%)
2025-06-16 15:51:32,050 - INFO - ARI=0.000  Homog.=0.000  Compl.=1.000  AMI=0.000
2025-06-16 15:51:32,053 - INFO - Dunn: inf
2025-06-16 15:51:33,733 - INFO - Saved DBSCAN plot -> dbscan_results/3gaussians_std0.9/dbscan_3gaussians_std0.9_eps0.806_min20.png
2025-06-16 15:51:33,734 - INFO - DBSCAN outputs will be saved to E:\PythonProject\dbscan_results\3gaussians_std0.9
2025-06-16 15:51:33,736 - INFO - Starting best_eps for 3gaussians_std0.9  k=20
2025-06-16 15:51:33,739 - INFO - points=299  k-dist[min]=0.2913  k-dist[max]=1.1783
2025-06-16 15:51:33,741 - INFO - knee index=280  chosen eps=0.8062
2025-06-16 15:51:34,499 - INFO - Saved k-distance plot -> dbscan_results/3gaussians_std0.9/elbow_3gaussians_std0.9_20NN_eps0.806.png
2025-06-16 15:51:34,500 - INFO - Final parameters -> eps=0.8062  min_samples=20
2025-06-16 15:51:34,503 - INFO - clusters=1  noise=0 (0.0%)
2025-06-16 15:51:34,510 - INFO - ARI=0.000  Homog.=0.000  Compl.=1.000  AMI=0.000
2025-06-16 15:51:34,514 - INFO - Dunn: inf
2025-06-16 15:51:36,185 - INFO - Saved DBSCAN plot -> dbscan_results/3gaussians_std0.9/dbscan_3gaussians_std0.9_eps0.806_min20_pca.png
2025-06-16 15:51:36,187 - INFO - 3gaussians_std0.9-DBSCAN-nd Prediction Accuracy (Hungarian Matched): 0.33444816053511706
2025-06-16 15:51:36,190 - INFO - 3gaussians_std0.9-DBSCAN-2d Prediction Accuracy (Hungarian Matched): 0.33444816053511706
2025-06-16 15:51:36,190 - INFO - 
@---- ||||||||||||| circles Dataset ||||||||||||| ----@

2025-06-16 15:51:36,196 - INFO - Features: 2 without labels
2025-06-16 15:51:36,197 - INFO - 
@---- ||||||||||||| DBSCAN algorithm ||||||||||||| ----@

2025-06-16 15:51:36,197 - INFO - DBSCAN outputs will be saved to E:\PythonProject\dbscan_results\circles
2025-06-16 15:51:36,199 - INFO - Starting best_eps for circles  k=7
2025-06-16 15:51:36,204 - INFO - points=999  k-dist[min]=0.0384  k-dist[max]=0.3210
2025-06-16 15:51:36,209 - INFO - knee index=965  chosen eps=0.1887
2025-06-16 15:51:37,089 - INFO - Saved k-distance plot -> dbscan_results/circles/elbow_circles_7NN_eps0.189.png
2025-06-16 15:51:37,089 - INFO - Final parameters -> eps=0.1887  min_samples=7
2025-06-16 15:51:37,096 - INFO - clusters=2  noise=4 (0.4%)
2025-06-16 15:51:37,104 - INFO - ARI=0.992  Homog.=0.997  Compl.=0.964  AMI=0.980
2025-06-16 15:51:37,138 - INFO - Dunn: 0.105
2025-06-16 15:51:37,181 - INFO - Silhouette=0.075
2025-06-16 15:51:37,183 - INFO - V-measure=0.980
2025-06-16 15:51:37,184 - INFO - Calinski_Harabasz_Score: 0.757
2025-06-16 15:51:39,309 - INFO - Saved DBSCAN plot -> dbscan_results/circles/dbscan_circles_eps0.189_min7.png
2025-06-16 15:51:39,309 - INFO - DBSCAN outputs will be saved to E:\PythonProject\dbscan_results\circles
2025-06-16 15:51:39,311 - INFO - Starting best_eps for circles  k=7
2025-06-16 15:51:39,315 - INFO - points=999  k-dist[min]=0.0384  k-dist[max]=0.3210
2025-06-16 15:51:39,317 - INFO - knee index=965  chosen eps=0.1887
2025-06-16 15:51:40,422 - INFO - Saved k-distance plot -> dbscan_results/circles/elbow_circles_7NN_eps0.189.png
2025-06-16 15:51:40,423 - INFO - Final parameters -> eps=0.1887  min_samples=7
2025-06-16 15:51:40,437 - INFO - clusters=2  noise=4 (0.4%)
2025-06-16 15:51:40,451 - INFO - ARI=0.992  Homog.=0.997  Compl.=0.964  AMI=0.980
2025-06-16 15:51:40,484 - INFO - Dunn: 0.105
2025-06-16 15:51:40,535 - INFO - Silhouette=0.075
2025-06-16 15:51:40,540 - INFO - V-measure=0.980
2025-06-16 15:51:40,542 - INFO - Calinski_Harabasz_Score: 0.757
2025-06-16 15:51:42,078 - INFO - Saved DBSCAN plot -> dbscan_results/circles/dbscan_circles_eps0.189_min7_pca.png
2025-06-16 15:51:42,081 - INFO - circles-DBSCAN-nd Prediction Accuracy (Hungarian Matched): 1.0
2025-06-16 15:51:42,084 - INFO - circles-DBSCAN-2d Prediction Accuracy (Hungarian Matched): 1.0
2025-06-16 15:51:42,084 - INFO - 
@---- ||||||||||||| moons Dataset ||||||||||||| ----@

2025-06-16 15:51:42,089 - INFO - Features: 2 without labels
2025-06-16 15:51:42,089 - INFO - 
@---- ||||||||||||| DBSCAN algorithm ||||||||||||| ----@

2025-06-16 15:51:42,090 - INFO - DBSCAN outputs will be saved to E:\PythonProject\dbscan_results\moons
2025-06-16 15:51:42,091 - INFO - Starting best_eps for moons  k=7
2025-06-16 15:51:42,094 - INFO - points=999  k-dist[min]=0.0233  k-dist[max]=0.3685
2025-06-16 15:51:42,098 - INFO - knee index=972  chosen eps=0.1427
2025-06-16 15:51:43,208 - INFO - Saved k-distance plot -> dbscan_results/moons/elbow_moons_7NN_eps0.143.png
2025-06-16 15:51:43,208 - INFO - Final parameters -> eps=0.1427  min_samples=7
2025-06-16 15:51:43,220 - INFO - clusters=2  noise=3 (0.3%)
2025-06-16 15:51:43,233 - INFO - ARI=0.994  Homog.=0.997  Compl.=0.972  AMI=0.984
2025-06-16 15:51:43,260 - INFO - Dunn: 0.218
2025-06-16 15:51:43,298 - INFO - Silhouette=0.243
2025-06-16 15:51:43,300 - INFO - V-measure=0.984
2025-06-16 15:51:43,301 - INFO - Calinski_Harabasz_Score: 443.727
2025-06-16 15:51:45,150 - INFO - Saved DBSCAN plot -> dbscan_results/moons/dbscan_moons_eps0.143_min7.png
2025-06-16 15:51:45,152 - INFO - DBSCAN outputs will be saved to E:\PythonProject\dbscan_results\moons
2025-06-16 15:51:45,153 - INFO - Starting best_eps for moons  k=7
2025-06-16 15:51:45,160 - INFO - points=999  k-dist[min]=0.0233  k-dist[max]=0.3685
2025-06-16 15:51:45,164 - INFO - knee index=972  chosen eps=0.1427
2025-06-16 15:51:46,108 - INFO - Saved k-distance plot -> dbscan_results/moons/elbow_moons_7NN_eps0.143.png
2025-06-16 15:51:46,109 - INFO - Final parameters -> eps=0.1427  min_samples=7
2025-06-16 15:51:46,120 - INFO - clusters=2  noise=3 (0.3%)
2025-06-16 15:51:46,130 - INFO - ARI=0.994  Homog.=0.997  Compl.=0.972  AMI=0.984
2025-06-16 15:51:46,182 - INFO - Dunn: 0.218
2025-06-16 15:51:46,230 - INFO - Silhouette=0.243
2025-06-16 15:51:46,233 - INFO - V-measure=0.984
2025-06-16 15:51:46,235 - INFO - Calinski_Harabasz_Score: 443.727
2025-06-16 15:51:48,208 - INFO - Saved DBSCAN plot -> dbscan_results/moons/dbscan_moons_eps0.143_min7_pca.png
2025-06-16 15:51:48,210 - INFO - moons-DBSCAN-nd Prediction Accuracy (Hungarian Matched): 1.0
2025-06-16 15:51:48,213 - INFO - moons-DBSCAN-2d Prediction Accuracy (Hungarian Matched): 1.0
2025-06-16 15:51:48,214 - INFO - 
@---- ||||||||||||| digits Dataset ||||||||||||| ----@

2025-06-16 15:51:48,241 - INFO - Features: 2 without labels
2025-06-16 15:51:48,241 - INFO - 
@---- ||||||||||||| DBSCAN algorithm ||||||||||||| ----@

2025-06-16 15:51:48,242 - INFO - DBSCAN outputs will be saved to E:\PythonProject\dbscan_results\digits
2025-06-16 15:51:48,245 - INFO - Starting best_eps for digits  k=10
2025-06-16 15:51:48,482 - INFO - points=1797  k-dist[min]=2.2257  k-dist[max]=46.3133
2025-06-16 15:51:48,486 - INFO - knee index=1744  chosen eps=8.5134
2025-06-16 15:51:49,542 - INFO - Saved k-distance plot -> dbscan_results/digits/elbow_digits_10NN_eps8.513.png
2025-06-16 15:51:49,543 - INFO - Final parameters -> eps=8.5134  min_samples=10
2025-06-16 15:51:50,487 - INFO - clusters=1  noise=28 (1.6%)
2025-06-16 15:51:50,496 - INFO - ARI=0.000  Homog.=0.002  Compl.=0.072  AMI=0.003
2025-06-16 15:51:50,619 - INFO - Dunn: inf
2025-06-16 15:51:52,236 - INFO - Saved DBSCAN plot -> dbscan_results/digits/dbscan_digits_eps8.513_min10.png
2025-06-16 15:51:52,237 - INFO - DBSCAN outputs will be saved to E:\PythonProject\dbscan_results\digits
2025-06-16 15:51:52,242 - INFO - Starting best_eps for digits  k=10
2025-06-16 15:51:52,568 - INFO - points=1797  k-dist[min]=2.2257  k-dist[max]=46.3133
2025-06-16 15:51:52,572 - INFO - knee index=1744  chosen eps=8.5134
2025-06-16 15:51:53,838 - INFO - Saved k-distance plot -> dbscan_results/digits/elbow_digits_10NN_eps8.513.png
2025-06-16 15:51:53,839 - INFO - Final parameters -> eps=8.5134  min_samples=10
2025-06-16 15:51:54,468 - INFO - clusters=1  noise=28 (1.6%)
2025-06-16 15:51:54,475 - INFO - ARI=0.000  Homog.=0.002  Compl.=0.072  AMI=0.003
2025-06-16 15:51:54,538 - INFO - Dunn: inf
2025-06-16 15:51:54,601 - INFO - PCA vis -> 2D  var=21.6%
2025-06-16 15:51:56,623 - INFO - Saved DBSCAN plot -> dbscan_results/digits/dbscan_digits_eps8.513_min10_pca.png
2025-06-16 15:51:56,629 - INFO - digits-DBSCAN-nd Prediction Accuracy (Hungarian Matched): 0.10231769361221028
2025-06-16 15:51:56,634 - INFO - digits-DBSCAN-2d Prediction Accuracy (Hungarian Matched): 0.10231769361221028
2025-06-16 15:51:56,635 - INFO - 
@---- ||||||||||||| complex9 Dataset ||||||||||||| ----@

2025-06-16 15:51:56,642 - INFO - Features: 2 without labels
2025-06-16 15:51:56,642 - INFO - 
@---- ||||||||||||| DBSCAN algorithm ||||||||||||| ----@

2025-06-16 15:51:56,643 - INFO - DBSCAN outputs will be saved to E:\PythonProject\dbscan_results\complex9
2025-06-16 15:51:56,645 - INFO - Starting best_eps for complex9  k=4
2025-06-16 15:51:56,662 - INFO - points=3031  k-dist[min]=0.0072  k-dist[max]=0.1091
2025-06-16 15:51:56,668 - INFO - knee index=3007  chosen eps=0.0865
2025-06-16 15:51:57,814 - INFO - Saved k-distance plot -> dbscan_results/complex9/elbow_complex9_4NN_eps0.087.png
2025-06-16 15:51:57,814 - INFO - Final parameters -> eps=0.0865  min_samples=4
2025-06-16 15:51:57,852 - INFO - clusters=9  noise=1 (0.0%)
2025-06-16 15:51:57,870 - INFO - ARI=1.000  Homog.=1.000  Compl.=0.999  AMI=0.999
2025-06-16 15:51:58,048 - INFO - Dunn: 0.026
2025-06-16 15:51:58,369 - INFO - Silhouette=-0.057
2025-06-16 15:51:58,373 - INFO - V-measure=0.999
2025-06-16 15:51:58,375 - INFO - Calinski_Harabasz_Score: 932.832
2025-06-16 15:52:01,138 - INFO - Saved DBSCAN plot -> dbscan_results/complex9/dbscan_complex9_eps0.087_min4.png
2025-06-16 15:52:01,139 - INFO - DBSCAN outputs will be saved to E:\PythonProject\dbscan_results\complex9
2025-06-16 15:52:01,141 - INFO - Starting best_eps for complex9  k=4
2025-06-16 15:52:01,159 - INFO - points=3031  k-dist[min]=0.0072  k-dist[max]=0.1091
2025-06-16 15:52:01,168 - INFO - knee index=3007  chosen eps=0.0865
2025-06-16 15:52:02,229 - INFO - Saved k-distance plot -> dbscan_results/complex9/elbow_complex9_4NN_eps0.087.png
2025-06-16 15:52:02,230 - INFO - Final parameters -> eps=0.0865  min_samples=4
2025-06-16 15:52:02,266 - INFO - clusters=9  noise=1 (0.0%)
2025-06-16 15:52:02,288 - INFO - ARI=1.000  Homog.=1.000  Compl.=0.999  AMI=0.999
2025-06-16 15:52:02,440 - INFO - Dunn: 0.026
2025-06-16 15:52:02,751 - INFO - Silhouette=-0.057
2025-06-16 15:52:02,755 - INFO - V-measure=0.999
2025-06-16 15:52:02,756 - INFO - Calinski_Harabasz_Score: 932.832
2025-06-16 15:52:05,350 - INFO - Saved DBSCAN plot -> dbscan_results/complex9/dbscan_complex9_eps0.087_min4_pca.png
2025-06-16 15:52:05,358 - INFO - complex9-DBSCAN-nd Prediction Accuracy (Hungarian Matched): 1.0
2025-06-16 15:52:05,363 - INFO - complex9-DBSCAN-2d Prediction Accuracy (Hungarian Matched): 1.0
2025-06-16 15:52:05,364 - INFO - 
@---- ||||||||||||| vehicle Dataset ||||||||||||| ----@

2025-06-16 15:52:05,375 - INFO - Features: 2 without labels
2025-06-16 15:52:05,376 - INFO - 
@---- ||||||||||||| DBSCAN algorithm ||||||||||||| ----@

2025-06-16 15:52:05,377 - INFO - DBSCAN outputs will be saved to E:\PythonProject\dbscan_results\vehicle
2025-06-16 15:52:05,378 - INFO - Starting best_eps for vehicle  k=30
2025-06-16 15:52:05,403 - INFO - points=846  k-dist[min]=1.2516  k-dist[max]=16.0431
2025-06-16 15:52:05,405 - INFO - knee index=825  chosen eps=3.9213
2025-06-16 15:52:06,252 - INFO - Saved k-distance plot -> dbscan_results/vehicle/elbow_vehicle_30NN_eps3.921.png
2025-06-16 15:52:06,252 - INFO - Final parameters -> eps=3.9213  min_samples=30
2025-06-16 15:52:06,312 - INFO - clusters=1  noise=8 (0.9%)
2025-06-16 15:52:06,320 - INFO - ARI=0.001  Homog.=0.006  Compl.=0.154  AMI=0.009
2025-06-16 15:52:06,338 - INFO - Dunn: inf
2025-06-16 15:52:07,943 - INFO - Saved DBSCAN plot -> dbscan_results/vehicle/dbscan_vehicle_eps3.921_min30.png
2025-06-16 15:52:07,944 - INFO - DBSCAN outputs will be saved to E:\PythonProject\dbscan_results\vehicle
2025-06-16 15:52:07,946 - INFO - Starting best_eps for vehicle  k=30
2025-06-16 15:52:07,989 - INFO - points=846  k-dist[min]=1.2516  k-dist[max]=16.0431
2025-06-16 15:52:07,992 - INFO - knee index=825  chosen eps=3.9213
2025-06-16 15:52:08,828 - INFO - Saved k-distance plot -> dbscan_results/vehicle/elbow_vehicle_30NN_eps3.921.png
2025-06-16 15:52:08,828 - INFO - Final parameters -> eps=3.9213  min_samples=30
2025-06-16 15:52:08,882 - INFO - clusters=1  noise=8 (0.9%)
2025-06-16 15:52:08,887 - INFO - ARI=0.001  Homog.=0.006  Compl.=0.154  AMI=0.009
2025-06-16 15:52:08,902 - INFO - Dunn: inf
2025-06-16 15:52:08,908 - INFO - PCA vis -> 2D  var=69.2%
2025-06-16 15:52:10,606 - INFO - Saved DBSCAN plot -> dbscan_results/vehicle/dbscan_vehicle_eps3.921_min30_pca.png
2025-06-16 15:52:10,612 - INFO - vehicle-DBSCAN-nd Prediction Accuracy (Hungarian Matched): 0.25894988066825775
2025-06-16 15:52:10,621 - INFO - vehicle-DBSCAN-2d Prediction Accuracy (Hungarian Matched): 0.25894988066825775
2025-06-16 15:52:10,621 - INFO - 
--- All Clustering Processes Completed ---
2025-06-16 16:09:27,537 - INFO - --- Clustering Session Started: 2025-06-16 16:09:27 ---
2025-06-16 16:09:27,538 - INFO - Results will be saved to: E:\PythonProject\logs\clustering_results-3.8v.log
2025-06-16 16:09:27,539 - INFO - 
@---- ||||||||||||| iris Dataset ||||||||||||| ----@

2025-06-16 16:09:27,549 - INFO - 
@---- ||||||||||||| DBSCAN algorithm ||||||||||||| ----@

2025-06-16 16:09:27,550 - INFO - Saving DBSCAN visualizations to: E:\dbscan_results
2025-06-16 16:09:27,553 - INFO - Effective parameters for iris: eps=0.6, min_samples=4
2025-06-16 16:09:27,554 - INFO - Starting best_eps for iris with k=4
2025-06-16 16:09:27,558 - INFO - Points=150  k-dist[min]=0.1789  k-dist[max]=1.6577
2025-06-16 16:09:27,560 - INFO - knee index=133  best eps=0.6868
2025-06-16 16:09:29,509 - INFO - Saved k-distance plot to ../dbscan_results/elbow_iris_4NN_eps0.687.png
2025-06-16 16:09:29,513 - INFO - 
=== DBSCAN on iris (eps=0.6868185797302817, min_samples=4, PCA_vis=False) ===
2025-06-16 16:09:29,514 - INFO - Clusters: 2 | Noise: 6 (4.0%)
2025-06-16 16:09:29,517 - INFO - ARI: 0.546
2025-06-16 16:09:29,520 - INFO - Homogeneity: 0.569
2025-06-16 16:09:29,524 - INFO - Completeness: 0.798
2025-06-16 16:09:29,528 - INFO - Adjusted Mutual Information: 0.659
2025-06-16 16:09:29,532 - INFO - Silhouette: 0.511
2025-06-16 16:09:29,535 - INFO - V-measure: 0.664
2025-06-16 16:09:31,669 - INFO - Saved DBSCAN plot to ../dbscan_results\dbscan_iris_eps0.6868185797302817_min_s4.png
2025-06-16 16:09:31,670 - INFO - Saving DBSCAN visualizations to: E:\dbscan_results
2025-06-16 16:09:31,673 - INFO - Reduced to 2D for visualization using PCA. Explained variance: 95.8%
2025-06-16 16:09:31,673 - INFO - Effective parameters for iris: eps=0.6, min_samples=4
2025-06-16 16:09:31,673 - INFO - Starting best_eps for iris with k=4
2025-06-16 16:09:31,675 - INFO - Points=150  k-dist[min]=0.1789  k-dist[max]=1.6577
2025-06-16 16:09:31,676 - INFO - knee index=133  best eps=0.6868
2025-06-16 16:09:32,728 - INFO - Saved k-distance plot to ../dbscan_results/elbow_iris_4NN_eps0.687.png
2025-06-16 16:09:32,732 - INFO - 
=== DBSCAN on iris (eps=0.6868185797302817, min_samples=4, PCA_vis=True) ===
2025-06-16 16:09:32,732 - INFO - Clusters: 2 | Noise: 6 (4.0%)
2025-06-16 16:09:32,734 - INFO - ARI: 0.546
2025-06-16 16:09:32,736 - INFO - Homogeneity: 0.569
2025-06-16 16:09:32,739 - INFO - Completeness: 0.798
2025-06-16 16:09:32,743 - INFO - Adjusted Mutual Information: 0.659
2025-06-16 16:09:32,749 - INFO - Silhouette: 0.511
2025-06-16 16:09:32,751 - INFO - V-measure: 0.664
2025-06-16 16:09:34,286 - INFO - Saved DBSCAN plot to ../dbscan_results\dbscan_iris_eps0.6868185797302817_min_s4_pca_vis.png
2025-06-16 16:09:34,288 - INFO - iris-DBSCAN-nd Prediction Accuracy (Hungarian Matched): 0.6805555555555556
2025-06-16 16:09:34,290 - INFO - iris-DBSCAN-2d Prediction Accuracy (Hungarian Matched): 0.6805555555555556
2025-06-16 16:09:34,290 - INFO - 
@---- ||||||||||||| 3gaussians_std0.6 Dataset ||||||||||||| ----@

2025-06-16 16:09:34,292 - INFO - Features: 2 without labels
2025-06-16 16:09:34,294 - INFO - 
@---- ||||||||||||| DBSCAN algorithm ||||||||||||| ----@

2025-06-16 16:09:34,295 - INFO - Saving DBSCAN visualizations to: E:\dbscan_results
2025-06-16 16:09:34,295 - INFO - Effective parameters for 3gaussians_std0.6: eps=0.35, min_samples=10
2025-06-16 16:09:34,296 - INFO - Starting best_eps for 3gaussians_std0.6 with k=10
2025-06-16 16:09:34,298 - INFO - Points=299  k-dist[min]=0.1368  k-dist[max]=0.7273
2025-06-16 16:09:34,300 - INFO - knee index=260  best eps=0.4008
2025-06-16 16:09:35,042 - INFO - Saved k-distance plot to ../dbscan_results/elbow_3gaussians_std0.6_10NN_eps0.401.png
2025-06-16 16:09:35,047 - INFO - 
=== DBSCAN on 3gaussians_std0.6 (eps=0.4008113845915244, min_samples=10, PCA_vis=False) ===
2025-06-16 16:09:35,047 - INFO - Clusters: 3 | Noise: 4 (1.3%)
2025-06-16 16:09:35,050 - INFO - ARI: 0.970
2025-06-16 16:09:35,053 - INFO - Homogeneity: 0.970
2025-06-16 16:09:35,056 - INFO - Completeness: 0.923
2025-06-16 16:09:35,060 - INFO - Adjusted Mutual Information: 0.946
2025-06-16 16:09:35,068 - INFO - Silhouette: 0.604
2025-06-16 16:09:35,070 - INFO - V-measure: 0.946
2025-06-16 16:09:36,690 - INFO - Saved DBSCAN plot to ../dbscan_results\dbscan_3gaussians_std0.6_eps0.4008113845915244_min_s10.png
2025-06-16 16:09:36,693 - INFO - Saving DBSCAN visualizations to: E:\dbscan_results
2025-06-16 16:09:36,693 - WARNING - PCA requested for 3gaussians_std0.6, but data already has <= 2 features (2D). Skipping PCA for visualization.
2025-06-16 16:09:36,694 - INFO - Effective parameters for 3gaussians_std0.6: eps=0.35, min_samples=10
2025-06-16 16:09:36,694 - INFO - Starting best_eps for 3gaussians_std0.6 with k=10
2025-06-16 16:09:36,697 - INFO - Points=299  k-dist[min]=0.1368  k-dist[max]=0.7273
2025-06-16 16:09:36,699 - INFO - knee index=260  best eps=0.4008
2025-06-16 16:09:37,730 - INFO - Saved k-distance plot to ../dbscan_results/elbow_3gaussians_std0.6_10NN_eps0.401.png
2025-06-16 16:09:37,739 - INFO - 
=== DBSCAN on 3gaussians_std0.6 (eps=0.4008113845915244, min_samples=10, PCA_vis=True) ===
2025-06-16 16:09:37,741 - INFO - Clusters: 3 | Noise: 4 (1.3%)
2025-06-16 16:09:37,746 - INFO - ARI: 0.970
2025-06-16 16:09:37,749 - INFO - Homogeneity: 0.970
2025-06-16 16:09:37,751 - INFO - Completeness: 0.923
2025-06-16 16:09:37,758 - INFO - Adjusted Mutual Information: 0.946
2025-06-16 16:09:37,770 - INFO - Silhouette: 0.604
2025-06-16 16:09:37,773 - INFO - V-measure: 0.946
2025-06-16 16:09:39,394 - INFO - Saved DBSCAN plot to ../dbscan_results\dbscan_3gaussians_std0.6_eps0.4008113845915244_min_s10_pca_vis.png
2025-06-16 16:09:39,397 - INFO - 3gaussians_std0.6-DBSCAN-nd Prediction Accuracy (Hungarian Matched): 0.9966101694915255
2025-06-16 16:09:39,400 - INFO - 3gaussians_std0.6-DBSCAN-2d Prediction Accuracy (Hungarian Matched): 0.9966101694915255
2025-06-16 16:09:39,400 - INFO - 
@---- ||||||||||||| 3gaussians_std0.9 Dataset ||||||||||||| ----@

2025-06-16 16:09:39,406 - INFO - Features: 2 without labels
2025-06-16 16:09:39,407 - INFO - 
@---- ||||||||||||| DBSCAN algorithm ||||||||||||| ----@

2025-06-16 16:09:39,408 - INFO - Saving DBSCAN visualizations to: E:\dbscan_results
2025-06-16 16:09:39,408 - INFO - Effective parameters for 3gaussians_std0.9: eps=0.54, min_samples=20
2025-06-16 16:09:39,408 - INFO - Starting best_eps for 3gaussians_std0.9 with k=20
2025-06-16 16:09:39,414 - INFO - Points=299  k-dist[min]=0.2913  k-dist[max]=1.1783
2025-06-16 16:09:39,420 - INFO - knee index=280  best eps=0.8062
2025-06-16 16:09:40,224 - INFO - Saved k-distance plot to ../dbscan_results/elbow_3gaussians_std0.9_20NN_eps0.806.png
2025-06-16 16:09:40,229 - INFO - 
=== DBSCAN on 3gaussians_std0.9 (eps=0.80621883356974, min_samples=20, PCA_vis=False) ===
2025-06-16 16:09:40,230 - INFO - Clusters: 1 | Noise: 0 (0.0%)
2025-06-16 16:09:40,230 - INFO - ARI: 0.000
2025-06-16 16:09:40,232 - INFO - Homogeneity: 0.000
2025-06-16 16:09:40,234 - INFO - Completeness: 1.000
2025-06-16 16:09:40,236 - INFO - Adjusted Mutual Information: 0.000
2025-06-16 16:09:40,236 - INFO - Silhouette: N/A (requires > 1 cluster)
2025-06-16 16:09:40,237 - INFO - V-measure: N/A (requires > 1 cluster)
2025-06-16 16:09:41,757 - INFO - Saved DBSCAN plot to ../dbscan_results\dbscan_3gaussians_std0.9_eps0.80621883356974_min_s20.png
2025-06-16 16:09:41,758 - INFO - Saving DBSCAN visualizations to: E:\dbscan_results
2025-06-16 16:09:41,759 - WARNING - PCA requested for 3gaussians_std0.9, but data already has <= 2 features (2D). Skipping PCA for visualization.
2025-06-16 16:09:41,760 - INFO - Effective parameters for 3gaussians_std0.9: eps=0.54, min_samples=20
2025-06-16 16:09:41,760 - INFO - Starting best_eps for 3gaussians_std0.9 with k=20
2025-06-16 16:09:41,764 - INFO - Points=299  k-dist[min]=0.2913  k-dist[max]=1.1783
2025-06-16 16:09:41,768 - INFO - knee index=280  best eps=0.8062
2025-06-16 16:09:42,488 - INFO - Saved k-distance plot to ../dbscan_results/elbow_3gaussians_std0.9_20NN_eps0.806.png
2025-06-16 16:09:42,497 - INFO - 
=== DBSCAN on 3gaussians_std0.9 (eps=0.80621883356974, min_samples=20, PCA_vis=True) ===
2025-06-16 16:09:42,498 - INFO - Clusters: 1 | Noise: 0 (0.0%)
2025-06-16 16:09:42,501 - INFO - ARI: 0.000
2025-06-16 16:09:42,503 - INFO - Homogeneity: 0.000
2025-06-16 16:09:42,508 - INFO - Completeness: 1.000
2025-06-16 16:09:42,515 - INFO - Adjusted Mutual Information: 0.000
2025-06-16 16:09:42,516 - INFO - Silhouette: N/A (requires > 1 cluster)
2025-06-16 16:09:42,516 - INFO - V-measure: N/A (requires > 1 cluster)
2025-06-16 16:09:43,597 - INFO - Saved DBSCAN plot to ../dbscan_results\dbscan_3gaussians_std0.9_eps0.80621883356974_min_s20_pca_vis.png
2025-06-16 16:09:43,599 - INFO - 3gaussians_std0.9-DBSCAN-nd Prediction Accuracy (Hungarian Matched): 0.33444816053511706
2025-06-16 16:09:43,601 - INFO - 3gaussians_std0.9-DBSCAN-2d Prediction Accuracy (Hungarian Matched): 0.33444816053511706
2025-06-16 16:09:43,601 - INFO - 
@---- ||||||||||||| circles Dataset ||||||||||||| ----@

2025-06-16 16:09:43,605 - INFO - Features: 2 without labels
2025-06-16 16:09:43,605 - INFO - 
@---- ||||||||||||| DBSCAN algorithm ||||||||||||| ----@

2025-06-16 16:09:43,606 - INFO - Saving DBSCAN visualizations to: E:\dbscan_results
2025-06-16 16:09:43,606 - INFO - Effective parameters for circles: eps=0.18, min_samples=7
2025-06-16 16:09:43,606 - INFO - Starting best_eps for circles with k=7
2025-06-16 16:09:43,611 - INFO - Points=999  k-dist[min]=0.0384  k-dist[max]=0.3210
2025-06-16 16:09:43,613 - INFO - knee index=965  best eps=0.1887
2025-06-16 16:09:44,327 - INFO - Saved k-distance plot to ../dbscan_results/elbow_circles_7NN_eps0.189.png
2025-06-16 16:09:44,348 - INFO - 
=== DBSCAN on circles (eps=0.18868447862213159, min_samples=7, PCA_vis=False) ===
2025-06-16 16:09:44,348 - INFO - Clusters: 2 | Noise: 4 (0.4%)
2025-06-16 16:09:44,352 - INFO - ARI: 0.992
2025-06-16 16:09:44,361 - INFO - Homogeneity: 0.997
2025-06-16 16:09:44,368 - INFO - Completeness: 0.964
2025-06-16 16:09:44,377 - INFO - Adjusted Mutual Information: 0.980
2025-06-16 16:09:44,420 - INFO - Silhouette: 0.075
2025-06-16 16:09:44,424 - INFO - V-measure: 0.980
2025-06-16 16:09:46,271 - INFO - Saved DBSCAN plot to ../dbscan_results\dbscan_circles_eps0.18868447862213159_min_s7.png
2025-06-16 16:09:46,273 - INFO - Saving DBSCAN visualizations to: E:\dbscan_results
2025-06-16 16:09:46,274 - WARNING - PCA requested for circles, but data already has <= 2 features (2D). Skipping PCA for visualization.
2025-06-16 16:09:46,274 - INFO - Effective parameters for circles: eps=0.18, min_samples=7
2025-06-16 16:09:46,275 - INFO - Starting best_eps for circles with k=7
2025-06-16 16:09:46,280 - INFO - Points=999  k-dist[min]=0.0384  k-dist[max]=0.3210
2025-06-16 16:09:46,284 - INFO - knee index=965  best eps=0.1887
2025-06-16 16:09:47,208 - INFO - Saved k-distance plot to ../dbscan_results/elbow_circles_7NN_eps0.189.png
2025-06-16 16:09:47,223 - INFO - 
=== DBSCAN on circles (eps=0.18868447862213159, min_samples=7, PCA_vis=True) ===
2025-06-16 16:09:47,223 - INFO - Clusters: 2 | Noise: 4 (0.4%)
2025-06-16 16:09:47,225 - INFO - ARI: 0.992
2025-06-16 16:09:47,227 - INFO - Homogeneity: 0.997
2025-06-16 16:09:47,229 - INFO - Completeness: 0.964
2025-06-16 16:09:47,233 - INFO - Adjusted Mutual Information: 0.980
2025-06-16 16:09:47,264 - INFO - Silhouette: 0.075
2025-06-16 16:09:47,266 - INFO - V-measure: 0.980
2025-06-16 16:09:48,848 - INFO - Saved DBSCAN plot to ../dbscan_results\dbscan_circles_eps0.18868447862213159_min_s7_pca_vis.png
2025-06-16 16:09:48,852 - INFO - circles-DBSCAN-nd Prediction Accuracy (Hungarian Matched): 1.0
2025-06-16 16:09:48,859 - INFO - circles-DBSCAN-2d Prediction Accuracy (Hungarian Matched): 1.0
2025-06-16 16:09:48,861 - INFO - 
@---- ||||||||||||| moons Dataset ||||||||||||| ----@

2025-06-16 16:09:48,868 - INFO - Features: 2 without labels
2025-06-16 16:09:48,869 - INFO - 
@---- ||||||||||||| DBSCAN algorithm ||||||||||||| ----@

2025-06-16 16:09:48,870 - INFO - Saving DBSCAN visualizations to: E:\dbscan_results
2025-06-16 16:09:48,872 - INFO - Effective parameters for moons: eps=0.18, min_samples=7
2025-06-16 16:09:48,872 - INFO - Starting best_eps for moons with k=7
2025-06-16 16:09:48,880 - INFO - Points=999  k-dist[min]=0.0233  k-dist[max]=0.3685
2025-06-16 16:09:48,882 - INFO - knee index=972  best eps=0.1427
2025-06-16 16:09:49,957 - INFO - Saved k-distance plot to ../dbscan_results/elbow_moons_7NN_eps0.143.png
2025-06-16 16:09:49,984 - INFO - 
=== DBSCAN on moons (eps=0.14266452984264397, min_samples=7, PCA_vis=False) ===
2025-06-16 16:09:49,985 - INFO - Clusters: 2 | Noise: 3 (0.3%)
2025-06-16 16:09:49,989 - INFO - ARI: 0.994
2025-06-16 16:09:49,993 - INFO - Homogeneity: 0.997
2025-06-16 16:09:49,998 - INFO - Completeness: 0.972
2025-06-16 16:09:50,007 - INFO - Adjusted Mutual Information: 0.984
2025-06-16 16:09:50,050 - INFO - Silhouette: 0.243
2025-06-16 16:09:50,053 - INFO - V-measure: 0.984
2025-06-16 16:09:51,673 - INFO - Saved DBSCAN plot to ../dbscan_results\dbscan_moons_eps0.14266452984264397_min_s7.png
2025-06-16 16:09:51,674 - INFO - Saving DBSCAN visualizations to: E:\dbscan_results
2025-06-16 16:09:51,674 - WARNING - PCA requested for moons, but data already has <= 2 features (2D). Skipping PCA for visualization.
2025-06-16 16:09:51,675 - INFO - Effective parameters for moons: eps=0.18, min_samples=7
2025-06-16 16:09:51,676 - INFO - Starting best_eps for moons with k=7
2025-06-16 16:09:51,685 - INFO - Points=999  k-dist[min]=0.0233  k-dist[max]=0.3685
2025-06-16 16:09:51,689 - INFO - knee index=972  best eps=0.1427
2025-06-16 16:09:52,660 - INFO - Saved k-distance plot to ../dbscan_results/elbow_moons_7NN_eps0.143.png
2025-06-16 16:09:52,674 - INFO - 
=== DBSCAN on moons (eps=0.14266452984264397, min_samples=7, PCA_vis=True) ===
2025-06-16 16:09:52,674 - INFO - Clusters: 2 | Noise: 3 (0.3%)
2025-06-16 16:09:52,676 - INFO - ARI: 0.994
2025-06-16 16:09:52,679 - INFO - Homogeneity: 0.997
2025-06-16 16:09:52,685 - INFO - Completeness: 0.972
2025-06-16 16:09:52,691 - INFO - Adjusted Mutual Information: 0.984
2025-06-16 16:09:52,739 - INFO - Silhouette: 0.243
2025-06-16 16:09:52,745 - INFO - V-measure: 0.984
2025-06-16 16:09:54,910 - INFO - Saved DBSCAN plot to ../dbscan_results\dbscan_moons_eps0.14266452984264397_min_s7_pca_vis.png
2025-06-16 16:09:54,914 - INFO - moons-DBSCAN-nd Prediction Accuracy (Hungarian Matched): 1.0
2025-06-16 16:09:54,919 - INFO - moons-DBSCAN-2d Prediction Accuracy (Hungarian Matched): 1.0
2025-06-16 16:09:54,920 - INFO - 
@---- ||||||||||||| digits Dataset ||||||||||||| ----@

2025-06-16 16:09:54,956 - INFO - Features: 2 without labels
2025-06-16 16:09:54,957 - INFO - 
@---- ||||||||||||| DBSCAN algorithm ||||||||||||| ----@

2025-06-16 16:09:54,958 - INFO - Saving DBSCAN visualizations to: E:\dbscan_results
2025-06-16 16:09:54,959 - INFO - Effective parameters for digits: eps=None, min_samples=128
2025-06-16 16:09:54,959 - INFO - Starting best_eps for digits with k=128
2025-06-16 16:09:55,614 - INFO - Points=1797  k-dist[min]=5.2113  k-dist[max]=48.3222
2025-06-16 16:09:55,619 - INFO - knee index=1706  best eps=10.7354
2025-06-16 16:09:56,544 - INFO - Saved k-distance plot to ../dbscan_results/elbow_digits_128NN_eps10.735.png
2025-06-16 16:09:57,469 - INFO - 
=== DBSCAN on digits (eps=10.73540195560241, min_samples=128, PCA_vis=False) ===
2025-06-16 16:09:57,469 - INFO - Clusters: 1 | Noise: 29 (1.6%)
2025-06-16 16:09:57,472 - INFO - ARI: 0.000
2025-06-16 16:09:57,473 - INFO - Homogeneity: 0.003
2025-06-16 16:09:57,475 - INFO - Completeness: 0.071
2025-06-16 16:09:57,480 - INFO - Adjusted Mutual Information: 0.003
2025-06-16 16:09:57,480 - INFO - Silhouette: N/A (requires > 1 cluster)
2025-06-16 16:09:57,482 - INFO - V-measure: N/A (requires > 1 cluster)
2025-06-16 16:09:58,989 - INFO - Saved DBSCAN plot to ../dbscan_results\dbscan_digits_eps10.73540195560241_min_s128.png
2025-06-16 16:09:58,990 - INFO - Saving DBSCAN visualizations to: E:\dbscan_results
2025-06-16 16:09:59,109 - INFO - Reduced to 2D for visualization using PCA. Explained variance: 21.6%
2025-06-16 16:09:59,110 - INFO - Effective parameters for digits: eps=None, min_samples=128
2025-06-16 16:09:59,110 - INFO - Starting best_eps for digits with k=128
2025-06-16 16:09:59,579 - INFO - Points=1797  k-dist[min]=5.2113  k-dist[max]=48.3222
2025-06-16 16:09:59,585 - INFO - knee index=1706  best eps=10.7354
2025-06-16 16:10:00,570 - INFO - Saved k-distance plot to ../dbscan_results/elbow_digits_128NN_eps10.735.png
2025-06-16 16:10:01,254 - INFO - 
=== DBSCAN on digits (eps=10.73540195560241, min_samples=128, PCA_vis=True) ===
2025-06-16 16:10:01,255 - INFO - Clusters: 1 | Noise: 29 (1.6%)
2025-06-16 16:10:01,257 - INFO - ARI: 0.000
2025-06-16 16:10:01,259 - INFO - Homogeneity: 0.003
2025-06-16 16:10:01,262 - INFO - Completeness: 0.071
2025-06-16 16:10:01,267 - INFO - Adjusted Mutual Information: 0.003
2025-06-16 16:10:01,267 - INFO - Silhouette: N/A (requires > 1 cluster)
2025-06-16 16:10:01,268 - INFO - V-measure: N/A (requires > 1 cluster)
2025-06-16 16:10:03,280 - INFO - Saved DBSCAN plot to ../dbscan_results\dbscan_digits_eps10.73540195560241_min_s128_pca_vis.png
2025-06-16 16:10:03,288 - INFO - digits-DBSCAN-nd Prediction Accuracy (Hungarian Matched): 0.10237556561085973
2025-06-16 16:10:03,294 - INFO - digits-DBSCAN-2d Prediction Accuracy (Hungarian Matched): 0.10237556561085973
2025-06-16 16:10:03,295 - INFO - 
@---- ||||||||||||| complex9 Dataset ||||||||||||| ----@

2025-06-16 16:10:03,307 - INFO - Features: 2 without labels
2025-06-16 16:10:03,308 - INFO - 
@---- ||||||||||||| DBSCAN algorithm ||||||||||||| ----@

2025-06-16 16:10:03,310 - INFO - Saving DBSCAN visualizations to: E:\dbscan_results
2025-06-16 16:10:03,311 - INFO - Effective parameters for complex9: eps=None, min_samples=None
2025-06-16 16:11:45,790 - INFO - --- Clustering Session Started: 2025-06-16 16:11:45 ---
2025-06-16 16:11:45,791 - INFO - Results will be saved to: E:\PythonProject\logs\clustering_results-3.8v.log
2025-06-16 16:11:45,791 - INFO - 
@---- ||||||||||||| iris Dataset ||||||||||||| ----@

2025-06-16 16:11:45,795 - INFO - 
@---- ||||||||||||| DBSCAN algorithm ||||||||||||| ----@

2025-06-16 16:11:45,796 - INFO - Saving DBSCAN visualizations to: E:\dbscan_results
2025-06-16 16:11:45,796 - INFO - Effective parameters for iris: eps=0.6, min_samples=4
2025-06-16 16:11:45,796 - INFO - Starting best_eps for iris with k=4
2025-06-16 16:11:45,798 - INFO - Points=150  k-dist[min]=0.1789  k-dist[max]=1.6577
2025-06-16 16:11:45,799 - INFO - knee index=133  best eps=0.6868
2025-06-16 16:11:46,768 - INFO - Saved k-distance plot to ../dbscan_results/elbow_iris_4NN_eps0.687.png
2025-06-16 16:11:46,772 - INFO - 
=== DBSCAN on iris (eps=0.6868185797302817, min_samples=4, PCA_vis=False) ===
2025-06-16 16:11:46,777 - INFO - Clusters: 2 | Noise: 6 (4.0%)
2025-06-16 16:11:46,779 - INFO - ARI: 0.546
2025-06-16 16:11:46,781 - INFO - Homogeneity: 0.569
2025-06-16 16:11:46,788 - INFO - Completeness: 0.798
2025-06-16 16:11:46,791 - INFO - Adjusted Mutual Information: 0.659
2025-06-16 16:11:46,807 - INFO - Silhouette: 0.511
2025-06-16 16:11:46,808 - INFO - V-measure: 0.664
2025-06-16 16:11:49,690 - INFO - Saved DBSCAN plot to ../dbscan_results\dbscan_iris_eps0.6868185797302817_min_s4.png
2025-06-16 16:11:49,691 - INFO - Saving DBSCAN visualizations to: E:\dbscan_results
2025-06-16 16:11:49,693 - INFO - Reduced to 2D for visualization using PCA. Explained variance: 95.8%
2025-06-16 16:11:49,693 - INFO - Effective parameters for iris: eps=0.6, min_samples=4
2025-06-16 16:11:49,693 - INFO - Starting best_eps for iris with k=4
2025-06-16 16:11:49,694 - INFO - Points=150  k-dist[min]=0.1789  k-dist[max]=1.6577
2025-06-16 16:11:49,696 - INFO - knee index=133  best eps=0.6868
2025-06-16 16:11:50,851 - INFO - Saved k-distance plot to ../dbscan_results/elbow_iris_4NN_eps0.687.png
2025-06-16 16:11:50,858 - INFO - 
=== DBSCAN on iris (eps=0.6868185797302817, min_samples=4, PCA_vis=True) ===
2025-06-16 16:11:50,858 - INFO - Clusters: 2 | Noise: 6 (4.0%)
2025-06-16 16:11:50,861 - INFO - ARI: 0.546
2025-06-16 16:11:50,863 - INFO - Homogeneity: 0.569
2025-06-16 16:11:50,866 - INFO - Completeness: 0.798
2025-06-16 16:11:50,870 - INFO - Adjusted Mutual Information: 0.659
2025-06-16 16:11:50,876 - INFO - Silhouette: 0.511
2025-06-16 16:11:50,879 - INFO - V-measure: 0.664
2025-06-16 16:11:52,616 - INFO - Saved DBSCAN plot to ../dbscan_results\dbscan_iris_eps0.6868185797302817_min_s4_pca_vis.png
2025-06-16 16:11:52,620 - INFO - iris-DBSCAN-nd Prediction Accuracy (Hungarian Matched): 0.6805555555555556
2025-06-16 16:11:52,625 - INFO - iris-DBSCAN-2d Prediction Accuracy (Hungarian Matched): 0.6805555555555556
2025-06-16 16:11:52,626 - INFO - 
@---- ||||||||||||| 3gaussians_std0.6 Dataset ||||||||||||| ----@

2025-06-16 16:11:52,632 - INFO - Features: 2 without labels
2025-06-16 16:11:52,632 - INFO - 
@---- ||||||||||||| DBSCAN algorithm ||||||||||||| ----@

2025-06-16 16:11:52,633 - INFO - Saving DBSCAN visualizations to: E:\dbscan_results
2025-06-16 16:11:52,634 - INFO - Effective parameters for 3gaussians_std0.6: eps=0.35, min_samples=10
2025-06-16 16:11:52,657 - INFO - Starting best_eps for 3gaussians_std0.6 with k=10
2025-06-16 16:11:52,674 - INFO - Points=299  k-dist[min]=0.1368  k-dist[max]=0.7273
2025-06-16 16:11:52,682 - INFO - knee index=260  best eps=0.4008
2025-06-16 16:11:53,920 - INFO - Saved k-distance plot to ../dbscan_results/elbow_3gaussians_std0.6_10NN_eps0.401.png
2025-06-16 16:11:53,929 - INFO - 
=== DBSCAN on 3gaussians_std0.6 (eps=0.4008113845915244, min_samples=10, PCA_vis=False) ===
2025-06-16 16:11:53,929 - INFO - Clusters: 3 | Noise: 4 (1.3%)
2025-06-16 16:11:53,932 - INFO - ARI: 0.970
2025-06-16 16:11:53,935 - INFO - Homogeneity: 0.970
2025-06-16 16:11:53,938 - INFO - Completeness: 0.923
2025-06-16 16:11:53,945 - INFO - Adjusted Mutual Information: 0.946
2025-06-16 16:11:53,965 - INFO - Silhouette: 0.604
2025-06-16 16:11:53,969 - INFO - V-measure: 0.946
2025-06-16 16:11:56,021 - INFO - Saved DBSCAN plot to ../dbscan_results\dbscan_3gaussians_std0.6_eps0.4008113845915244_min_s10.png
2025-06-16 16:11:56,023 - INFO - Saving DBSCAN visualizations to: E:\dbscan_results
2025-06-16 16:11:56,024 - WARNING - PCA requested for 3gaussians_std0.6, but data already has <= 2 features (2D). Skipping PCA for visualization.
2025-06-16 16:11:56,024 - INFO - Effective parameters for 3gaussians_std0.6: eps=0.35, min_samples=10
2025-06-16 16:11:56,024 - INFO - Starting best_eps for 3gaussians_std0.6 with k=10
2025-06-16 16:11:56,028 - INFO - Points=299  k-dist[min]=0.1368  k-dist[max]=0.7273
2025-06-16 16:11:56,029 - INFO - knee index=260  best eps=0.4008
2025-06-16 16:11:57,188 - INFO - Saved k-distance plot to ../dbscan_results/elbow_3gaussians_std0.6_10NN_eps0.401.png
2025-06-16 16:11:57,194 - INFO - 
=== DBSCAN on 3gaussians_std0.6 (eps=0.4008113845915244, min_samples=10, PCA_vis=True) ===
2025-06-16 16:11:57,195 - INFO - Clusters: 3 | Noise: 4 (1.3%)
2025-06-16 16:11:57,197 - INFO - ARI: 0.970
2025-06-16 16:11:57,200 - INFO - Homogeneity: 0.970
2025-06-16 16:11:57,201 - INFO - Completeness: 0.923
2025-06-16 16:11:57,205 - INFO - Adjusted Mutual Information: 0.946
2025-06-16 16:11:57,253 - INFO - Silhouette: 0.604
2025-06-16 16:11:57,255 - INFO - V-measure: 0.946
2025-06-16 16:11:59,537 - INFO - Saved DBSCAN plot to ../dbscan_results\dbscan_3gaussians_std0.6_eps0.4008113845915244_min_s10_pca_vis.png
2025-06-16 16:11:59,539 - INFO - 3gaussians_std0.6-DBSCAN-nd Prediction Accuracy (Hungarian Matched): 0.9966101694915255
2025-06-16 16:11:59,542 - INFO - 3gaussians_std0.6-DBSCAN-2d Prediction Accuracy (Hungarian Matched): 0.9966101694915255
2025-06-16 16:11:59,543 - INFO - 
@---- ||||||||||||| 3gaussians_std0.9 Dataset ||||||||||||| ----@

2025-06-16 16:11:59,547 - INFO - Features: 2 without labels
2025-06-16 16:11:59,548 - INFO - 
@---- ||||||||||||| DBSCAN algorithm ||||||||||||| ----@

2025-06-16 16:11:59,548 - INFO - Saving DBSCAN visualizations to: E:\dbscan_results
2025-06-16 16:11:59,549 - INFO - Effective parameters for 3gaussians_std0.9: eps=0.54, min_samples=20
2025-06-16 16:11:59,549 - INFO - Starting best_eps for 3gaussians_std0.9 with k=20
2025-06-16 16:11:59,552 - INFO - Points=299  k-dist[min]=0.2913  k-dist[max]=1.1783
2025-06-16 16:11:59,554 - INFO - knee index=280  best eps=0.8062
2025-06-16 16:12:00,491 - INFO - Saved k-distance plot to ../dbscan_results/elbow_3gaussians_std0.9_20NN_eps0.806.png
2025-06-16 16:12:00,497 - INFO - 
=== DBSCAN on 3gaussians_std0.9 (eps=0.80621883356974, min_samples=20, PCA_vis=False) ===
2025-06-16 16:12:00,498 - INFO - Clusters: 1 | Noise: 0 (0.0%)
2025-06-16 16:12:00,500 - INFO - ARI: 0.000
2025-06-16 16:12:00,502 - INFO - Homogeneity: 0.000
2025-06-16 16:12:00,506 - INFO - Completeness: 1.000
2025-06-16 16:12:00,510 - INFO - Adjusted Mutual Information: 0.000
2025-06-16 16:12:00,511 - INFO - Silhouette: N/A (requires > 1 cluster)
2025-06-16 16:12:00,511 - INFO - V-measure: N/A (requires > 1 cluster)
2025-06-16 16:12:02,378 - INFO - Saved DBSCAN plot to ../dbscan_results\dbscan_3gaussians_std0.9_eps0.80621883356974_min_s20.png
2025-06-16 16:12:02,379 - INFO - Saving DBSCAN visualizations to: E:\dbscan_results
2025-06-16 16:12:02,380 - WARNING - PCA requested for 3gaussians_std0.9, but data already has <= 2 features (2D). Skipping PCA for visualization.
2025-06-16 16:12:02,381 - INFO - Effective parameters for 3gaussians_std0.9: eps=0.54, min_samples=20
2025-06-16 16:12:02,381 - INFO - Starting best_eps for 3gaussians_std0.9 with k=20
2025-06-16 16:12:02,389 - INFO - Points=299  k-dist[min]=0.2913  k-dist[max]=1.1783
2025-06-16 16:12:02,392 - INFO - knee index=280  best eps=0.8062
2025-06-16 16:12:03,588 - INFO - Saved k-distance plot to ../dbscan_results/elbow_3gaussians_std0.9_20NN_eps0.806.png
2025-06-16 16:12:03,597 - INFO - 
=== DBSCAN on 3gaussians_std0.9 (eps=0.80621883356974, min_samples=20, PCA_vis=True) ===
2025-06-16 16:12:03,598 - INFO - Clusters: 1 | Noise: 0 (0.0%)
2025-06-16 16:12:03,601 - INFO - ARI: 0.000
2025-06-16 16:12:03,605 - INFO - Homogeneity: 0.000
2025-06-16 16:12:03,609 - INFO - Completeness: 1.000
2025-06-16 16:12:03,614 - INFO - Adjusted Mutual Information: 0.000
2025-06-16 16:12:03,617 - INFO - Silhouette: N/A (requires > 1 cluster)
2025-06-16 16:12:03,618 - INFO - V-measure: N/A (requires > 1 cluster)
2025-06-16 16:12:05,417 - INFO - Saved DBSCAN plot to ../dbscan_results\dbscan_3gaussians_std0.9_eps0.80621883356974_min_s20_pca_vis.png
2025-06-16 16:12:05,421 - INFO - 3gaussians_std0.9-DBSCAN-nd Prediction Accuracy (Hungarian Matched): 0.33444816053511706
2025-06-16 16:12:05,427 - INFO - 3gaussians_std0.9-DBSCAN-2d Prediction Accuracy (Hungarian Matched): 0.33444816053511706
2025-06-16 16:12:05,428 - INFO - 
@---- ||||||||||||| circles Dataset ||||||||||||| ----@

2025-06-16 16:12:05,438 - INFO - Features: 2 without labels
2025-06-16 16:12:05,440 - INFO - 
@---- ||||||||||||| DBSCAN algorithm ||||||||||||| ----@

2025-06-16 16:12:05,442 - INFO - Saving DBSCAN visualizations to: E:\dbscan_results
2025-06-16 16:12:05,444 - INFO - Effective parameters for circles: eps=0.18, min_samples=7
2025-06-16 16:12:05,445 - INFO - Starting best_eps for circles with k=7
2025-06-16 16:12:05,456 - INFO - Points=999  k-dist[min]=0.0384  k-dist[max]=0.3210
2025-06-16 16:12:05,464 - INFO - knee index=965  best eps=0.1887
2025-06-16 16:12:06,482 - INFO - Saved k-distance plot to ../dbscan_results/elbow_circles_7NN_eps0.189.png
2025-06-16 16:12:06,498 - INFO - 
=== DBSCAN on circles (eps=0.18868447862213159, min_samples=7, PCA_vis=False) ===
2025-06-16 16:12:06,498 - INFO - Clusters: 2 | Noise: 4 (0.4%)
2025-06-16 16:12:06,499 - INFO - ARI: 0.992
2025-06-16 16:12:06,503 - INFO - Homogeneity: 0.997
2025-06-16 16:12:06,507 - INFO - Completeness: 0.964
2025-06-16 16:12:06,513 - INFO - Adjusted Mutual Information: 0.980
2025-06-16 16:12:06,587 - INFO - Silhouette: 0.075
2025-06-16 16:12:06,593 - INFO - V-measure: 0.980
2025-06-16 16:12:08,243 - INFO - Saved DBSCAN plot to ../dbscan_results\dbscan_circles_eps0.18868447862213159_min_s7.png
2025-06-16 16:12:08,243 - INFO - Saving DBSCAN visualizations to: E:\dbscan_results
2025-06-16 16:12:08,244 - WARNING - PCA requested for circles, but data already has <= 2 features (2D). Skipping PCA for visualization.
2025-06-16 16:12:08,244 - INFO - Effective parameters for circles: eps=0.18, min_samples=7
2025-06-16 16:12:08,244 - INFO - Starting best_eps for circles with k=7
2025-06-16 16:12:08,249 - INFO - Points=999  k-dist[min]=0.0384  k-dist[max]=0.3210
2025-06-16 16:12:08,252 - INFO - knee index=965  best eps=0.1887
2025-06-16 16:12:09,001 - INFO - Saved k-distance plot to ../dbscan_results/elbow_circles_7NN_eps0.189.png
2025-06-16 16:12:09,014 - INFO - 
=== DBSCAN on circles (eps=0.18868447862213159, min_samples=7, PCA_vis=True) ===
2025-06-16 16:12:09,014 - INFO - Clusters: 2 | Noise: 4 (0.4%)
2025-06-16 16:12:09,016 - INFO - ARI: 0.992
2025-06-16 16:12:09,018 - INFO - Homogeneity: 0.997
2025-06-16 16:12:09,020 - INFO - Completeness: 0.964
2025-06-16 16:12:09,028 - INFO - Adjusted Mutual Information: 0.980
2025-06-16 16:12:09,139 - INFO - Silhouette: 0.075
2025-06-16 16:12:09,141 - INFO - V-measure: 0.980
2025-06-16 16:12:11,221 - INFO - Saved DBSCAN plot to ../dbscan_results\dbscan_circles_eps0.18868447862213159_min_s7_pca_vis.png
2025-06-16 16:12:11,224 - INFO - circles-DBSCAN-nd Prediction Accuracy (Hungarian Matched): 1.0
2025-06-16 16:12:11,227 - INFO - circles-DBSCAN-2d Prediction Accuracy (Hungarian Matched): 1.0
2025-06-16 16:12:11,228 - INFO - 
@---- ||||||||||||| moons Dataset ||||||||||||| ----@

2025-06-16 16:12:11,233 - INFO - Features: 2 without labels
2025-06-16 16:12:11,234 - INFO - 
@---- ||||||||||||| DBSCAN algorithm ||||||||||||| ----@

2025-06-16 16:12:11,235 - INFO - Saving DBSCAN visualizations to: E:\dbscan_results
2025-06-16 16:12:11,235 - INFO - Effective parameters for moons: eps=0.18, min_samples=7
2025-06-16 16:12:11,236 - INFO - Starting best_eps for moons with k=7
2025-06-16 16:12:11,243 - INFO - Points=999  k-dist[min]=0.0233  k-dist[max]=0.3685
2025-06-16 16:12:11,247 - INFO - knee index=972  best eps=0.1427
2025-06-16 16:12:12,078 - INFO - Saved k-distance plot to ../dbscan_results/elbow_moons_7NN_eps0.143.png
2025-06-16 16:12:12,091 - INFO - 
=== DBSCAN on moons (eps=0.14266452984264397, min_samples=7, PCA_vis=False) ===
2025-06-16 16:12:12,093 - INFO - Clusters: 2 | Noise: 3 (0.3%)
2025-06-16 16:12:12,094 - INFO - ARI: 0.994
2025-06-16 16:12:12,097 - INFO - Homogeneity: 0.997
2025-06-16 16:12:12,101 - INFO - Completeness: 0.972
2025-06-16 16:12:12,108 - INFO - Adjusted Mutual Information: 0.984
2025-06-16 16:12:12,199 - INFO - Silhouette: 0.243
2025-06-16 16:12:12,204 - INFO - V-measure: 0.984
2025-06-16 16:12:13,974 - INFO - Saved DBSCAN plot to ../dbscan_results\dbscan_moons_eps0.14266452984264397_min_s7.png
2025-06-16 16:12:13,975 - INFO - Saving DBSCAN visualizations to: E:\dbscan_results
2025-06-16 16:12:13,975 - WARNING - PCA requested for moons, but data already has <= 2 features (2D). Skipping PCA for visualization.
2025-06-16 16:12:13,975 - INFO - Effective parameters for moons: eps=0.18, min_samples=7
2025-06-16 16:12:13,976 - INFO - Starting best_eps for moons with k=7
2025-06-16 16:12:13,979 - INFO - Points=999  k-dist[min]=0.0233  k-dist[max]=0.3685
2025-06-16 16:12:13,981 - INFO - knee index=972  best eps=0.1427
2025-06-16 16:12:14,952 - INFO - Saved k-distance plot to ../dbscan_results/elbow_moons_7NN_eps0.143.png
2025-06-16 16:12:14,972 - INFO - 
=== DBSCAN on moons (eps=0.14266452984264397, min_samples=7, PCA_vis=True) ===
2025-06-16 16:12:14,973 - INFO - Clusters: 2 | Noise: 3 (0.3%)
2025-06-16 16:12:14,976 - INFO - ARI: 0.994
2025-06-16 16:12:14,979 - INFO - Homogeneity: 0.997
2025-06-16 16:12:14,983 - INFO - Completeness: 0.972
2025-06-16 16:12:14,989 - INFO - Adjusted Mutual Information: 0.984
2025-06-16 16:12:15,079 - INFO - Silhouette: 0.243
2025-06-16 16:12:15,086 - INFO - V-measure: 0.984
2025-06-16 16:12:16,549 - INFO - Saved DBSCAN plot to ../dbscan_results\dbscan_moons_eps0.14266452984264397_min_s7_pca_vis.png
2025-06-16 16:12:16,552 - INFO - moons-DBSCAN-nd Prediction Accuracy (Hungarian Matched): 1.0
2025-06-16 16:12:16,555 - INFO - moons-DBSCAN-2d Prediction Accuracy (Hungarian Matched): 1.0
2025-06-16 16:12:16,556 - INFO - 
@---- ||||||||||||| digits Dataset ||||||||||||| ----@

2025-06-16 16:12:16,587 - INFO - Features: 2 without labels
2025-06-16 16:12:16,588 - INFO - 
@---- ||||||||||||| DBSCAN algorithm ||||||||||||| ----@

2025-06-16 16:12:16,589 - INFO - Saving DBSCAN visualizations to: E:\dbscan_results
2025-06-16 16:12:16,593 - INFO - Effective parameters for digits: eps=0.6, min_samples=128
2025-06-16 16:12:16,594 - INFO - Starting best_eps for digits with k=128
2025-06-16 16:12:17,047 - INFO - Points=1797  k-dist[min]=5.2113  k-dist[max]=48.3222
2025-06-16 16:12:17,051 - INFO - knee index=1706  best eps=10.7354
2025-06-16 16:12:17,930 - INFO - Saved k-distance plot to ../dbscan_results/elbow_digits_128NN_eps10.735.png
2025-06-16 16:12:18,697 - INFO - 
=== DBSCAN on digits (eps=10.73540195560241, min_samples=128, PCA_vis=False) ===
2025-06-16 16:12:18,697 - INFO - Clusters: 1 | Noise: 29 (1.6%)
2025-06-16 16:12:18,699 - INFO - ARI: 0.000
2025-06-16 16:12:18,701 - INFO - Homogeneity: 0.003
2025-06-16 16:12:18,703 - INFO - Completeness: 0.071
2025-06-16 16:12:18,708 - INFO - Adjusted Mutual Information: 0.003
2025-06-16 16:12:18,708 - INFO - Silhouette: N/A (requires > 1 cluster)
2025-06-16 16:12:18,709 - INFO - V-measure: N/A (requires > 1 cluster)
2025-06-16 16:12:20,348 - INFO - Saved DBSCAN plot to ../dbscan_results\dbscan_digits_eps10.73540195560241_min_s128.png
2025-06-16 16:12:20,349 - INFO - Saving DBSCAN visualizations to: E:\dbscan_results
2025-06-16 16:12:20,501 - INFO - Reduced to 2D for visualization using PCA. Explained variance: 21.6%
2025-06-16 16:12:20,502 - INFO - Effective parameters for digits: eps=0.6, min_samples=128
2025-06-16 16:12:20,502 - INFO - Starting best_eps for digits with k=128
2025-06-16 16:12:20,919 - INFO - Points=1797  k-dist[min]=5.2113  k-dist[max]=48.3222
2025-06-16 16:12:20,924 - INFO - knee index=1706  best eps=10.7354
2025-06-16 16:12:21,657 - INFO - Saved k-distance plot to ../dbscan_results/elbow_digits_128NN_eps10.735.png
2025-06-16 16:12:22,397 - INFO - 
=== DBSCAN on digits (eps=10.73540195560241, min_samples=128, PCA_vis=True) ===
2025-06-16 16:12:22,398 - INFO - Clusters: 1 | Noise: 29 (1.6%)
2025-06-16 16:12:22,401 - INFO - ARI: 0.000
2025-06-16 16:12:22,403 - INFO - Homogeneity: 0.003
2025-06-16 16:12:22,407 - INFO - Completeness: 0.071
2025-06-16 16:12:22,410 - INFO - Adjusted Mutual Information: 0.003
2025-06-16 16:12:22,411 - INFO - Silhouette: N/A (requires > 1 cluster)
2025-06-16 16:12:22,412 - INFO - V-measure: N/A (requires > 1 cluster)
2025-06-16 16:12:24,099 - INFO - Saved DBSCAN plot to ../dbscan_results\dbscan_digits_eps10.73540195560241_min_s128_pca_vis.png
2025-06-16 16:12:24,102 - INFO - digits-DBSCAN-nd Prediction Accuracy (Hungarian Matched): 0.10237556561085973
2025-06-16 16:12:24,105 - INFO - digits-DBSCAN-2d Prediction Accuracy (Hungarian Matched): 0.10237556561085973
2025-06-16 16:12:24,106 - INFO - 
@---- ||||||||||||| complex9 Dataset ||||||||||||| ----@

2025-06-16 16:12:24,113 - INFO - Features: 2 without labels
2025-06-16 16:12:24,113 - INFO - 
@---- ||||||||||||| DBSCAN algorithm ||||||||||||| ----@

2025-06-16 16:12:24,114 - INFO - Saving DBSCAN visualizations to: E:\dbscan_results
2025-06-16 16:12:24,114 - INFO - Effective parameters for complex9: eps=0.6, min_samples=4
2025-06-16 16:12:24,114 - INFO - Starting best_eps for complex9 with k=4
2025-06-16 16:12:24,128 - INFO - Points=3031  k-dist[min]=0.0072  k-dist[max]=0.1091
2025-06-16 16:12:24,132 - INFO - knee index=3007  best eps=0.0865
2025-06-16 16:12:24,957 - INFO - Saved k-distance plot to ../dbscan_results/elbow_complex9_4NN_eps0.087.png
2025-06-16 16:12:24,991 - INFO - 
=== DBSCAN on complex9 (eps=0.08651597017831437, min_samples=4, PCA_vis=False) ===
2025-06-16 16:12:24,991 - INFO - Clusters: 9 | Noise: 1 (0.0%)
2025-06-16 16:12:24,994 - INFO - ARI: 1.000
2025-06-16 16:12:24,996 - INFO - Homogeneity: 1.000
2025-06-16 16:12:24,998 - INFO - Completeness: 0.999
2025-06-16 16:12:25,008 - INFO - Adjusted Mutual Information: 0.999
2025-06-16 16:12:25,405 - INFO - Silhouette: -0.057
2025-06-16 16:12:25,409 - INFO - V-measure: 0.999
2025-06-16 16:12:28,663 - INFO - Saved DBSCAN plot to ../dbscan_results\dbscan_complex9_eps0.08651597017831437_min_s4.png
2025-06-16 16:12:28,664 - INFO - Saving DBSCAN visualizations to: E:\dbscan_results
2025-06-16 16:12:28,665 - WARNING - PCA requested for complex9, but data already has <= 2 features (2D). Skipping PCA for visualization.
2025-06-16 16:12:28,666 - INFO - Effective parameters for complex9: eps=0.6, min_samples=4
2025-06-16 16:12:28,666 - INFO - Starting best_eps for complex9 with k=4
2025-06-16 16:12:28,687 - INFO - Points=3031  k-dist[min]=0.0072  k-dist[max]=0.1091
2025-06-16 16:12:28,697 - INFO - knee index=3007  best eps=0.0865
2025-06-16 16:12:29,967 - INFO - Saved k-distance plot to ../dbscan_results/elbow_complex9_4NN_eps0.087.png
2025-06-16 16:12:30,016 - INFO - 
=== DBSCAN on complex9 (eps=0.08651597017831437, min_samples=4, PCA_vis=True) ===
2025-06-16 16:12:30,016 - INFO - Clusters: 9 | Noise: 1 (0.0%)
2025-06-16 16:12:30,019 - INFO - ARI: 1.000
2025-06-16 16:12:30,026 - INFO - Homogeneity: 1.000
2025-06-16 16:12:30,029 - INFO - Completeness: 0.999
2025-06-16 16:12:30,049 - INFO - Adjusted Mutual Information: 0.999
2025-06-16 16:12:30,359 - INFO - Silhouette: -0.057
2025-06-16 16:12:30,361 - INFO - V-measure: 0.999
2025-06-16 16:12:32,874 - INFO - Saved DBSCAN plot to ../dbscan_results\dbscan_complex9_eps0.08651597017831437_min_s4_pca_vis.png
2025-06-16 16:12:32,880 - INFO - complex9-DBSCAN-nd Prediction Accuracy (Hungarian Matched): 1.0
2025-06-16 16:12:32,889 - INFO - complex9-DBSCAN-2d Prediction Accuracy (Hungarian Matched): 1.0
2025-06-16 16:12:32,891 - INFO - 
@---- ||||||||||||| vehicle Dataset ||||||||||||| ----@

2025-06-16 16:12:32,901 - INFO - Features: 2 without labels
2025-06-16 16:12:32,901 - INFO - 
@---- ||||||||||||| DBSCAN algorithm ||||||||||||| ----@

2025-06-16 16:12:32,904 - INFO - Saving DBSCAN visualizations to: E:\dbscan_results
2025-06-16 16:12:32,905 - INFO - Effective parameters for vehicle: eps=0.6, min_samples=4
2025-06-16 16:12:32,905 - INFO - Starting best_eps for vehicle with k=4
2025-06-16 16:12:32,926 - INFO - Points=846  k-dist[min]=0.6101  k-dist[max]=6.5186
2025-06-16 16:12:32,928 - INFO - knee index=817  best eps=2.1425
2025-06-16 16:12:33,613 - INFO - Saved k-distance plot to ../dbscan_results/elbow_vehicle_4NN_eps2.142.png
2025-06-16 16:12:33,668 - INFO - 
=== DBSCAN on vehicle (eps=2.142485169435193, min_samples=4, PCA_vis=False) ===
2025-06-16 16:12:33,669 - INFO - Clusters: 1 | Noise: 18 (2.1%)
2025-06-16 16:12:33,670 - INFO - ARI: 0.000
2025-06-16 16:12:33,673 - INFO - Homogeneity: 0.006
2025-06-16 16:12:33,674 - INFO - Completeness: 0.077
2025-06-16 16:12:33,678 - INFO - Adjusted Mutual Information: 0.008
2025-06-16 16:12:33,678 - INFO - Silhouette: N/A (requires > 1 cluster)
2025-06-16 16:12:33,679 - INFO - V-measure: N/A (requires > 1 cluster)
2025-06-16 16:12:35,135 - INFO - Saved DBSCAN plot to ../dbscan_results\dbscan_vehicle_eps2.142485169435193_min_s4.png
2025-06-16 16:12:35,136 - INFO - Saving DBSCAN visualizations to: E:\dbscan_results
2025-06-16 16:12:35,147 - INFO - Reduced to 2D for visualization using PCA. Explained variance: 69.2%
2025-06-16 16:12:35,148 - INFO - Effective parameters for vehicle: eps=0.6, min_samples=4
2025-06-16 16:12:35,148 - INFO - Starting best_eps for vehicle with k=4
2025-06-16 16:12:35,181 - INFO - Points=846  k-dist[min]=0.6101  k-dist[max]=6.5186
2025-06-16 16:12:35,184 - INFO - knee index=817  best eps=2.1425
2025-06-16 16:12:35,982 - INFO - Saved k-distance plot to ../dbscan_results/elbow_vehicle_4NN_eps2.142.png
2025-06-16 16:12:36,045 - INFO - 
=== DBSCAN on vehicle (eps=2.142485169435193, min_samples=4, PCA_vis=True) ===
2025-06-16 16:12:36,046 - INFO - Clusters: 1 | Noise: 18 (2.1%)
2025-06-16 16:12:36,048 - INFO - ARI: 0.000
2025-06-16 16:12:36,051 - INFO - Homogeneity: 0.006
2025-06-16 16:12:36,054 - INFO - Completeness: 0.077
2025-06-16 16:12:36,058 - INFO - Adjusted Mutual Information: 0.008
2025-06-16 16:12:36,059 - INFO - Silhouette: N/A (requires > 1 cluster)
2025-06-16 16:12:36,059 - INFO - V-measure: N/A (requires > 1 cluster)
2025-06-16 16:12:37,718 - INFO - Saved DBSCAN plot to ../dbscan_results\dbscan_vehicle_eps2.142485169435193_min_s4_pca_vis.png
2025-06-16 16:12:37,726 - INFO - vehicle-DBSCAN-nd Prediction Accuracy (Hungarian Matched): 0.2584541062801932
2025-06-16 16:12:37,731 - INFO - vehicle-DBSCAN-2d Prediction Accuracy (Hungarian Matched): 0.2584541062801932
2025-06-16 16:12:37,733 - INFO - 
--- All Clustering Processes Completed ---
