2025-06-15 11:54:26,251 - INFO - --- Clustering Session Started: 2025-06-15 11:54:26 ---
2025-06-15 11:54:26,251 - INFO - Results will be saved to: E:\PythonProject\logs\clustering_results-3.8v.log
2025-06-15 11:54:26,251 - INFO - 
@---- ||||||||||||| iris Dataset ||||||||||||| ----@

2025-06-15 11:54:26,253 - INFO - 
@---- ||||||||||||| K-Means algorithm Dataset ||||||||||||| ----@

2025-06-15 11:54:26,254 - INFO - Running k-Means on iris: k=3, init=farthest
2025-06-15 11:54:26,256 - INFO - Final loss: 0.8601870
2025-06-15 11:54:26,544 - INFO - Saved convergence plot to ../kmean-results/iris/convergence_iris_k3.png
2025-06-15 11:54:26,864 - INFO - Saved clusters plot to ../kmean-results/iris/clusters_iris_k3.png
2025-06-15 11:54:27,325 - INFO - Saved cluster+loss plot to ../kmean-results/iris/clusters_loss_iris_k3.png
2025-06-15 11:54:27,659 - INFO - Saved Dunn plot to ../kmean-results/iris/dunn_iris_k3.png
2025-06-15 11:54:27,659 - INFO - Running k-Means on iris: k=1, init=farthest
2025-06-15 11:54:27,660 - INFO - Final loss: 1.8650554
2025-06-15 11:54:27,661 - INFO - RESULT: kmeans Algorithm for iris in k=1,Dunn=inf
2025-06-15 11:54:27,661 - INFO - Running k-Means on iris: k=2, init=farthest
2025-06-15 11:54:27,662 - INFO - Final loss: 1.0601245
2025-06-15 11:54:27,666 - INFO - RESULT: kmeans Algorithm for iris in k=2,Silhouette=0.5818,Calinski-Harabasz=251.3493,Dunn=0.5488
2025-06-15 11:54:27,666 - INFO - Running k-Means on iris: k=3, init=farthest
2025-06-15 11:54:27,669 - INFO - Final loss: 0.8599848
2025-06-15 11:54:27,672 - INFO - RESULT: kmeans Algorithm for iris in k=3,Silhouette=0.4566,Calinski-Harabasz=241.3156,Dunn=0.3397
2025-06-15 11:54:27,672 - INFO - Running k-Means on iris: k=4, init=farthest
2025-06-15 11:54:27,675 - INFO - Final loss: 0.7783277
2025-06-15 11:54:27,678 - INFO - RESULT: kmeans Algorithm for iris in k=4,Silhouette=0.3882,Calinski-Harabasz=206.7907,Dunn=0.3425
2025-06-15 11:54:27,679 - INFO - Running k-Means on iris: k=5, init=farthest
2025-06-15 11:54:27,681 - INFO - Final loss: 0.7521591
2025-06-15 11:54:27,685 - INFO - RESULT: kmeans Algorithm for iris in k=5,Silhouette=0.3353,Calinski-Harabasz=174.0402,Dunn=0.2458
2025-06-15 11:54:27,685 - INFO - Running k-Means on iris: k=6, init=farthest
2025-06-15 11:54:27,689 - INFO - Final loss: 0.6728971
2025-06-15 11:54:27,693 - INFO - RESULT: kmeans Algorithm for iris in k=6,Silhouette=0.3635,Calinski-Harabasz=180.7242,Dunn=0.2999
2025-06-15 11:54:28,057 - INFO - Saved elbow plot to ../kmean-results/iris/elbow_iris.png
2025-06-15 11:54:28,067 - INFO - RESULT: kmeans Algorithm for iris in k=3,Silhouette=0.4599,Calinski-Harabasz=241.9044,Dunn=0.3408,ARI=0.6201,AMI=0.6552,Homogeneity=0.6591,Completeness=0.6598,V-Measure=0.6595
2025-06-15 11:54:28,068 - INFO - iris-K_means Prediction Accuracy (Hungarian Matched): 0.8333333333333334
2025-06-15 11:54:28,068 - INFO - Saving K-Means visualizations to: E:\PythonProject\kmean-results
2025-06-15 11:54:30,018 - INFO - Saved pairwise features plot for iris.
2025-06-15 11:54:30,048 - INFO - 
--- PCA Components for iris ---
2025-06-15 11:54:30,048 - INFO - 1st PC explains 73.0% variance
2025-06-15 11:54:30,048 - INFO - 2nd PC explains 22.9% variance
2025-06-15 11:54:30,048 - INFO - Total explained variance: 95.8%
2025-06-15 11:54:30,432 - INFO - Saved PCA projection plot for iris.
2025-06-15 11:54:31,477 - INFO - 
--- T-SNE Diagnostics for iris ---
2025-06-15 11:54:31,477 - INFO - Perplexity: 30
2025-06-15 11:54:31,477 - INFO - KL Divergence: 0.16
2025-06-15 11:54:31,478 - INFO - Note: t-SNE components don't explain variance like PCA.
2025-06-15 11:54:32,245 - INFO - Saved t-SNE projection plot for iris.
2025-06-15 11:54:32,245 - INFO - 
@---- ||||||||||||| DBSCAN algorithm ||||||||||||| ----@

2025-06-15 11:54:32,246 - INFO - DBSCAN outputs will be saved to E:\PythonProject\dbscan_results\iris
2025-06-15 11:54:32,246 - INFO - Final parameters -> eps=0.6000  min_samples=4
2025-06-15 11:54:32,249 - INFO - clusters=3  noise=19 (12.7%)
2025-06-15 11:54:32,253 - INFO - ARI=0.485  Homog.=0.559  Compl.=0.595  AMI=0.567
2025-06-15 11:54:32,256 - INFO - Dunn: 0.175
2025-06-15 11:54:32,259 - INFO - Silhouette=0.356
2025-06-15 11:54:32,260 - INFO - V-measure=0.576
2025-06-15 11:54:32,261 - INFO - Calinski_Harabasz_Score: 88.503
2025-06-15 11:54:33,323 - INFO - Saved DBSCAN plot -> ../dbscan_results/iris/dbscan_iris_eps0.600_min4.png
2025-06-15 11:54:33,323 - INFO - DBSCAN outputs will be saved to E:\PythonProject\dbscan_results\iris
2025-06-15 11:54:33,323 - INFO - Final parameters -> eps=0.6000  min_samples=4
2025-06-15 11:54:33,325 - INFO - clusters=3  noise=19 (12.7%)
2025-06-15 11:54:33,329 - INFO - ARI=0.485  Homog.=0.559  Compl.=0.595  AMI=0.567
2025-06-15 11:54:33,332 - INFO - Dunn: 0.175
2025-06-15 11:54:33,335 - INFO - Silhouette=0.356
2025-06-15 11:54:33,336 - INFO - V-measure=0.576
2025-06-15 11:54:33,337 - INFO - Calinski_Harabasz_Score: 88.503
2025-06-15 11:54:33,337 - INFO - PCA vis -> 2D  var=95.8%
2025-06-15 11:54:34,459 - INFO - Saved DBSCAN plot -> ../dbscan_results/iris/dbscan_iris_eps0.600_min4_pca.png
2025-06-15 11:54:34,460 - INFO - iris-DBSCAN-nd Prediction Accuracy (Hungarian Matched): 0.6793893129770993
2025-06-15 11:54:34,461 - INFO - iris-DBSCAN-2d Prediction Accuracy (Hungarian Matched): 0.6793893129770993
2025-06-15 11:54:34,461 - INFO - 
@---- ||||||||||||| spherical algorithm Dataset ||||||||||||| ----@

2025-06-15 11:54:34,461 - INFO - 
--- Running Spherical K-Means for iris (k=3) ---
2025-06-15 11:54:34,478 - INFO - 
--- Clustering Metrics for iris (k=3) ---
2025-06-15 11:54:34,481 - INFO - Silhouette Coefficient: 0.447
2025-06-15 11:54:34,482 - INFO - Homogeneity: 0.650
2025-06-15 11:54:34,483 - INFO - Completeness: 0.660
2025-06-15 11:54:34,483 - INFO - V-measure: 0.655
2025-06-15 11:54:34,484 - INFO - Adjusted Rand Index: 0.604
2025-06-15 11:54:34,485 - INFO - Adjusted Mutual Information: 0.651
2025-06-15 11:54:34,486 - INFO - Calinski_Harabasz_Score: 233.725
2025-06-15 11:54:34,486 - INFO - Dunn: 0.219
2025-06-15 11:54:34,486 - INFO - --------------------------------------------------
2025-06-15 11:54:34,486 - INFO - 
--- Saving Visualizations for iris ---
2025-06-15 11:54:34,518 - INFO - 
--- PCA Components for iris ---
2025-06-15 11:54:34,518 - INFO - 1st PC explains 73.0% variance
2025-06-15 11:54:34,519 - INFO - 2nd PC explains 22.9% variance
2025-06-15 11:54:34,519 - INFO - Total explained variance: 95.8%
2025-06-15 11:54:36,281 - INFO - Saved 2D visualization plots for iris.
2025-06-15 11:54:36,925 - INFO - Saved 3D PCA plot to ../spherical-results/3d/iris//iris_spherical_3_3d_pca.png
2025-06-15 11:54:36,925 - INFO - Saved 3D PCA plot for iris.
2025-06-15 11:54:36,927 - INFO - iris-Spherical_K_means Prediction Accuracy (Hungarian Matched): 0.82
2025-06-15 11:54:36,927 - INFO - 
@---- ||||||||||||| 3gaussians_std0.6 Dataset ||||||||||||| ----@

2025-06-15 11:54:36,929 - INFO - Features: 2 without labels
2025-06-15 11:54:36,929 - INFO - 
@---- ||||||||||||| K-Means algorithm Dataset ||||||||||||| ----@

2025-06-15 11:54:36,929 - INFO - Running k-Means on 3gaussians_std0.6: k=3, init=farthest
2025-06-15 11:54:36,931 - INFO - Final loss: 0.4683595
2025-06-15 11:54:37,192 - INFO - Saved convergence plot to ../kmean-results/3gaussians_std0.6/convergence_3gaussians_std0.6_k3.png
2025-06-15 11:54:37,492 - INFO - Saved clusters plot to ../kmean-results/3gaussians_std0.6/clusters_3gaussians_std0.6_k3.png
2025-06-15 11:54:37,814 - INFO - Saved cluster+loss plot to ../kmean-results/3gaussians_std0.6/clusters_loss_3gaussians_std0.6_k3.png
2025-06-15 11:54:38,033 - INFO - Saved Dunn plot to ../kmean-results/3gaussians_std0.6/dunn_3gaussians_std0.6_k3.png
2025-06-15 11:54:38,033 - INFO - Running k-Means on 3gaussians_std0.6: k=1, init=farthest
2025-06-15 11:54:38,034 - INFO - Final loss: 1.3561707
2025-06-15 11:54:38,034 - INFO - RESULT: kmeans Algorithm for 3gaussians_std0.6 in k=1,Dunn=inf
2025-06-15 11:54:38,034 - INFO - Running k-Means on 3gaussians_std0.6: k=2, init=farthest
2025-06-15 11:54:38,035 - INFO - Final loss: 0.8199044
2025-06-15 11:54:38,040 - INFO - RESULT: kmeans Algorithm for 3gaussians_std0.6 in k=2,Silhouette=0.5576,Calinski-Harabasz=397.8880,Dunn=0.6053
2025-06-15 11:54:38,040 - INFO - Running k-Means on 3gaussians_std0.6: k=3, init=farthest
2025-06-15 11:54:38,041 - INFO - Final loss: 0.4683595
2025-06-15 11:54:38,046 - INFO - RESULT: kmeans Algorithm for 3gaussians_std0.6 in k=3,Silhouette=0.6591,Calinski-Harabasz=908.3529,Dunn=0.8173
2025-06-15 11:54:38,046 - INFO - Running k-Means on 3gaussians_std0.6: k=4, init=farthest
2025-06-15 11:54:38,048 - INFO - Final loss: 0.4450215
2025-06-15 11:54:38,052 - INFO - RESULT: kmeans Algorithm for 3gaussians_std0.6 in k=4,Silhouette=0.5066,Calinski-Harabasz=678.0068,Dunn=0.2652
2025-06-15 11:54:38,052 - INFO - Running k-Means on 3gaussians_std0.6: k=5, init=farthest
2025-06-15 11:54:38,054 - INFO - Final loss: 0.4114934
2025-06-15 11:54:38,059 - INFO - RESULT: kmeans Algorithm for 3gaussians_std0.6 in k=5,Silhouette=0.3897,Calinski-Harabasz=591.0322,Dunn=0.2557
2025-06-15 11:54:38,059 - INFO - Running k-Means on 3gaussians_std0.6: k=6, init=farthest
2025-06-15 11:54:38,061 - INFO - Final loss: 0.3944519
2025-06-15 11:54:38,065 - INFO - RESULT: kmeans Algorithm for 3gaussians_std0.6 in k=6,Silhouette=0.3983,Calinski-Harabasz=510.5196,Dunn=0.2498
2025-06-15 11:54:38,333 - INFO - Saved elbow plot to ../kmean-results/3gaussians_std0.6/elbow_3gaussians_std0.6.png
2025-06-15 11:54:38,343 - INFO - RESULT: kmeans Algorithm for 3gaussians_std0.6 in k=3,Silhouette=0.6591,Calinski-Harabasz=908.3529,Dunn=0.8173,ARI=1.0000,AMI=1.0000,Homogeneity=1.0000,Completeness=1.0000,V-Measure=1.0000
2025-06-15 11:54:38,345 - INFO - 3gaussians_std0.6-K_means Prediction Accuracy (Hungarian Matched): 1.0
2025-06-15 11:54:38,345 - INFO - Saving K-Means visualizations to: E:\PythonProject\kmean-results
2025-06-15 11:54:39,683 - INFO - Saved pairwise features plot for 3gaussians_std0.6.
2025-06-15 11:54:39,709 - INFO - 
--- PCA Components for 3gaussians_std0.6 ---
2025-06-15 11:54:39,709 - INFO - 1st PC explains 65.2% variance
2025-06-15 11:54:39,709 - INFO - 2nd PC explains 34.8% variance
2025-06-15 11:54:39,709 - INFO - Total explained variance: 100.0%
2025-06-15 11:54:40,103 - INFO - Saved PCA projection plot for 3gaussians_std0.6.
2025-06-15 11:54:41,958 - INFO - 
--- T-SNE Diagnostics for 3gaussians_std0.6 ---
2025-06-15 11:54:41,959 - INFO - Perplexity: 30
2025-06-15 11:54:41,959 - INFO - KL Divergence: 0.23
2025-06-15 11:54:41,959 - INFO - Note: t-SNE components don't explain variance like PCA.
2025-06-15 11:54:42,585 - INFO - Saved t-SNE projection plot for 3gaussians_std0.6.
2025-06-15 11:54:42,585 - INFO - 
@---- ||||||||||||| DBSCAN algorithm ||||||||||||| ----@

2025-06-15 11:54:42,585 - INFO - DBSCAN outputs will be saved to E:\PythonProject\dbscan_results\3gaussians_std0.6
2025-06-15 11:54:42,586 - INFO - Final parameters -> eps=0.6000  min_samples=4
2025-06-15 11:54:42,589 - INFO - clusters=1  noise=0 (0.0%)
2025-06-15 11:54:42,594 - INFO - ARI=0.000  Homog.=0.000  Compl.=1.000  AMI=0.000
2025-06-15 11:54:42,596 - INFO - Dunn: inf
2025-06-15 11:54:43,672 - INFO - Saved DBSCAN plot -> ../dbscan_results/3gaussians_std0.6/dbscan_3gaussians_std0.6_eps0.600_min4.png
2025-06-15 11:54:43,673 - INFO - DBSCAN outputs will be saved to E:\PythonProject\dbscan_results\3gaussians_std0.6
2025-06-15 11:54:43,673 - INFO - Final parameters -> eps=0.6000  min_samples=4
2025-06-15 11:54:43,676 - INFO - clusters=1  noise=0 (0.0%)
2025-06-15 11:54:43,679 - INFO - ARI=0.000  Homog.=0.000  Compl.=1.000  AMI=0.000
2025-06-15 11:54:43,681 - INFO - Dunn: inf
2025-06-15 11:54:44,650 - INFO - Saved DBSCAN plot -> ../dbscan_results/3gaussians_std0.6/dbscan_3gaussians_std0.6_eps0.600_min4_pca.png
2025-06-15 11:54:44,651 - INFO - 3gaussians_std0.6-DBSCAN-nd Prediction Accuracy (Hungarian Matched): 0.33444816053511706
2025-06-15 11:54:44,652 - INFO - 3gaussians_std0.6-DBSCAN-2d Prediction Accuracy (Hungarian Matched): 0.33444816053511706
2025-06-15 11:54:44,652 - INFO - 
@---- ||||||||||||| spherical algorithm Dataset ||||||||||||| ----@

2025-06-15 11:54:44,652 - INFO - 
--- Running Spherical K-Means for 3gaussians_std0.6 (k=3) ---
2025-06-15 11:54:44,667 - INFO - 
--- Clustering Metrics for 3gaussians_std0.6 (k=3) ---
2025-06-15 11:54:44,671 - INFO - Silhouette Coefficient: 0.659
2025-06-15 11:54:44,672 - INFO - Homogeneity: 1.000
2025-06-15 11:54:44,673 - INFO - Completeness: 1.000
2025-06-15 11:54:44,674 - INFO - V-measure: 1.000
2025-06-15 11:54:44,674 - INFO - Adjusted Rand Index: 1.000
2025-06-15 11:54:44,676 - INFO - Adjusted Mutual Information: 1.000
2025-06-15 11:54:44,676 - INFO - Calinski_Harabasz_Score: 908.353
2025-06-15 11:54:44,677 - INFO - Dunn: 0.507
2025-06-15 11:54:44,677 - INFO - --------------------------------------------------
2025-06-15 11:54:44,677 - INFO - 
--- Saving Visualizations for 3gaussians_std0.6 ---
2025-06-15 11:54:44,706 - INFO - 
--- PCA Components for 3gaussians_std0.6 ---
2025-06-15 11:54:44,706 - INFO - 1st PC explains 65.2% variance
2025-06-15 11:54:44,706 - INFO - 2nd PC explains 34.8% variance
2025-06-15 11:54:44,706 - INFO - Total explained variance: 100.0%
2025-06-15 11:54:46,647 - INFO - Saved 2D visualization plots for 3gaussians_std0.6.
2025-06-15 11:54:47,501 - INFO - Saved 3D PCA plot to ../spherical-results/3d/3gaussians_std0.6//3gaussians_std0.6_spherical_3_3d_pca.png
2025-06-15 11:54:47,502 - INFO - Saved 3D PCA plot for 3gaussians_std0.6.
2025-06-15 11:54:47,503 - INFO - 3gaussians_std0.6-Spherical_K_means Prediction Accuracy (Hungarian Matched): 1.0
2025-06-15 11:54:47,504 - INFO - 
@---- ||||||||||||| 3gaussians_std0.9 Dataset ||||||||||||| ----@

2025-06-15 11:54:47,506 - INFO - Features: 2 without labels
2025-06-15 11:54:47,506 - INFO - 
@---- ||||||||||||| K-Means algorithm Dataset ||||||||||||| ----@

2025-06-15 11:54:47,506 - INFO - Running k-Means on 3gaussians_std0.9: k=3, init=farthest
2025-06-15 11:54:47,509 - INFO - Final loss: 0.6301017
2025-06-15 11:54:47,879 - INFO - Saved convergence plot to ../kmean-results/3gaussians_std0.9/convergence_3gaussians_std0.9_k3.png
2025-06-15 11:54:48,245 - INFO - Saved clusters plot to ../kmean-results/3gaussians_std0.9/clusters_3gaussians_std0.9_k3.png
2025-06-15 11:54:48,658 - INFO - Saved cluster+loss plot to ../kmean-results/3gaussians_std0.9/clusters_loss_3gaussians_std0.9_k3.png
2025-06-15 11:54:48,975 - INFO - Saved Dunn plot to ../kmean-results/3gaussians_std0.9/dunn_3gaussians_std0.9_k3.png
2025-06-15 11:54:48,975 - INFO - Running k-Means on 3gaussians_std0.9: k=1, init=farthest
2025-06-15 11:54:48,977 - INFO - Final loss: 1.3208712
2025-06-15 11:54:48,977 - INFO - RESULT: kmeans Algorithm for 3gaussians_std0.9 in k=1,Dunn=inf
2025-06-15 11:54:48,977 - INFO - Running k-Means on 3gaussians_std0.9: k=2, init=farthest
2025-06-15 11:54:48,980 - INFO - Final loss: 0.8880772
2025-06-15 11:54:48,985 - INFO - RESULT: kmeans Algorithm for 3gaussians_std0.9 in k=2,Silhouette=0.4673,Calinski-Harabasz=292.8605,Dunn=0.4747
2025-06-15 11:54:48,986 - INFO - Running k-Means on 3gaussians_std0.9: k=3, init=farthest
2025-06-15 11:54:48,988 - INFO - Final loss: 0.6300540
2025-06-15 11:54:48,994 - INFO - RESULT: kmeans Algorithm for 3gaussians_std0.9 in k=3,Silhouette=0.5160,Calinski-Harabasz=441.5582,Dunn=0.5977
2025-06-15 11:54:48,994 - INFO - Running k-Means on 3gaussians_std0.9: k=4, init=farthest
2025-06-15 11:54:48,997 - INFO - Final loss: 0.5866745
2025-06-15 11:54:49,002 - INFO - RESULT: kmeans Algorithm for 3gaussians_std0.9 in k=4,Silhouette=0.4152,Calinski-Harabasz=346.6860,Dunn=0.2860
2025-06-15 11:54:49,003 - INFO - Running k-Means on 3gaussians_std0.9: k=5, init=farthest
2025-06-15 11:54:49,006 - INFO - Final loss: 0.5322768
2025-06-15 11:54:49,012 - INFO - RESULT: kmeans Algorithm for 3gaussians_std0.9 in k=5,Silhouette=0.3454,Calinski-Harabasz=330.8584,Dunn=0.2893
2025-06-15 11:54:49,013 - INFO - Running k-Means on 3gaussians_std0.9: k=6, init=farthest
2025-06-15 11:54:49,020 - INFO - Final loss: 0.4962380
2025-06-15 11:54:49,025 - INFO - RESULT: kmeans Algorithm for 3gaussians_std0.9 in k=6,Silhouette=0.3452,Calinski-Harabasz=317.0531,Dunn=0.2752
2025-06-15 11:54:49,410 - INFO - Saved elbow plot to ../kmean-results/3gaussians_std0.9/elbow_3gaussians_std0.9.png
2025-06-15 11:54:49,422 - INFO - RESULT: kmeans Algorithm for 3gaussians_std0.9 in k=3,Silhouette=0.5159,Calinski-Harabasz=441.8603,Dunn=0.5768,ARI=0.8454,AMI=0.8007,Homogeneity=0.8008,Completeness=0.8031,V-Measure=0.8020
2025-06-15 11:54:49,424 - INFO - 3gaussians_std0.9-K_means Prediction Accuracy (Hungarian Matched): 0.9464882943143813
2025-06-15 11:54:49,424 - INFO - Saving K-Means visualizations to: E:\PythonProject\kmean-results
2025-06-15 11:54:50,946 - INFO - Saved pairwise features plot for 3gaussians_std0.9.
2025-06-15 11:54:50,976 - INFO - 
--- PCA Components for 3gaussians_std0.9 ---
2025-06-15 11:54:50,976 - INFO - 1st PC explains 62.2% variance
2025-06-15 11:54:50,976 - INFO - 2nd PC explains 37.8% variance
2025-06-15 11:54:50,976 - INFO - Total explained variance: 100.0%
2025-06-15 11:54:51,376 - INFO - Saved PCA projection plot for 3gaussians_std0.9.
2025-06-15 11:54:52,861 - INFO - 
--- T-SNE Diagnostics for 3gaussians_std0.9 ---
2025-06-15 11:54:52,862 - INFO - Perplexity: 30
2025-06-15 11:54:52,862 - INFO - KL Divergence: 0.28
2025-06-15 11:54:52,862 - INFO - Note: t-SNE components don't explain variance like PCA.
2025-06-15 11:54:53,515 - INFO - Saved t-SNE projection plot for 3gaussians_std0.9.
2025-06-15 11:54:53,515 - INFO - 
@---- ||||||||||||| DBSCAN algorithm ||||||||||||| ----@

2025-06-15 11:54:53,515 - INFO - DBSCAN outputs will be saved to E:\PythonProject\dbscan_results\3gaussians_std0.9
2025-06-15 11:54:53,516 - INFO - Final parameters -> eps=0.6000  min_samples=4
2025-06-15 11:54:53,519 - INFO - clusters=1  noise=1 (0.3%)
2025-06-15 11:54:53,523 - INFO - ARI=-0.000  Homog.=0.003  Compl.=0.164  AMI=-0.000
2025-06-15 11:54:53,526 - INFO - Dunn: inf
2025-06-15 11:54:54,528 - INFO - Saved DBSCAN plot -> ../dbscan_results/3gaussians_std0.9/dbscan_3gaussians_std0.9_eps0.600_min4.png
2025-06-15 11:54:54,528 - INFO - DBSCAN outputs will be saved to E:\PythonProject\dbscan_results\3gaussians_std0.9
2025-06-15 11:54:54,528 - INFO - Final parameters -> eps=0.6000  min_samples=4
2025-06-15 11:54:54,531 - INFO - clusters=1  noise=1 (0.3%)
2025-06-15 11:54:54,535 - INFO - ARI=-0.000  Homog.=0.003  Compl.=0.164  AMI=-0.000
2025-06-15 11:54:54,537 - INFO - Dunn: inf
2025-06-15 11:54:55,420 - INFO - Saved DBSCAN plot -> ../dbscan_results/3gaussians_std0.9/dbscan_3gaussians_std0.9_eps0.600_min4_pca.png
2025-06-15 11:54:55,421 - INFO - 3gaussians_std0.9-DBSCAN-nd Prediction Accuracy (Hungarian Matched): 0.33557046979865773
2025-06-15 11:54:55,422 - INFO - 3gaussians_std0.9-DBSCAN-2d Prediction Accuracy (Hungarian Matched): 0.33557046979865773
2025-06-15 11:54:55,422 - INFO - 
@---- ||||||||||||| spherical algorithm Dataset ||||||||||||| ----@

2025-06-15 11:54:55,422 - INFO - 
--- Running Spherical K-Means for 3gaussians_std0.9 (k=3) ---
2025-06-15 11:54:55,445 - INFO - 
--- Clustering Metrics for 3gaussians_std0.9 (k=3) ---
2025-06-15 11:54:55,448 - INFO - Silhouette Coefficient: 0.509
2025-06-15 11:54:55,449 - INFO - Homogeneity: 0.740
2025-06-15 11:54:55,450 - INFO - Completeness: 0.741
2025-06-15 11:54:55,451 - INFO - V-measure: 0.740
2025-06-15 11:54:55,451 - INFO - Adjusted Rand Index: 0.801
2025-06-15 11:54:55,453 - INFO - Adjusted Mutual Information: 0.739
2025-06-15 11:54:55,453 - INFO - Calinski_Harabasz_Score: 430.886
2025-06-15 11:54:55,453 - INFO - Dunn: 0.423
2025-06-15 11:54:55,453 - INFO - --------------------------------------------------
2025-06-15 11:54:55,453 - INFO - 
--- Saving Visualizations for 3gaussians_std0.9 ---
2025-06-15 11:54:55,483 - INFO - 
--- PCA Components for 3gaussians_std0.9 ---
2025-06-15 11:54:55,484 - INFO - 1st PC explains 62.2% variance
2025-06-15 11:54:55,484 - INFO - 2nd PC explains 37.8% variance
2025-06-15 11:54:55,484 - INFO - Total explained variance: 100.0%
2025-06-15 11:54:57,067 - INFO - Saved 2D visualization plots for 3gaussians_std0.9.
2025-06-15 11:54:57,666 - INFO - Saved 3D PCA plot to ../spherical-results/3d/3gaussians_std0.9//3gaussians_std0.9_spherical_3_3d_pca.png
2025-06-15 11:54:57,666 - INFO - Saved 3D PCA plot for 3gaussians_std0.9.
2025-06-15 11:54:57,669 - INFO - 3gaussians_std0.9-Spherical_K_means Prediction Accuracy (Hungarian Matched): 0.9297658862876255
2025-06-15 11:54:57,669 - INFO - 
@---- ||||||||||||| circles Dataset ||||||||||||| ----@

2025-06-15 11:54:57,672 - INFO - Features: 2 without labels
2025-06-15 11:54:57,672 - INFO - 
@---- ||||||||||||| K-Means algorithm Dataset ||||||||||||| ----@

2025-06-15 11:54:57,672 - INFO - Running k-Means on circles: k=2, init=farthest
2025-06-15 11:54:57,674 - INFO - Final loss: 1.0149312
2025-06-15 11:54:57,967 - INFO - Saved convergence plot to ../kmean-results/circles/convergence_circles_k2.png
2025-06-15 11:54:58,349 - INFO - Saved clusters plot to ../kmean-results/circles/clusters_circles_k2.png
2025-06-15 11:54:58,778 - INFO - Saved cluster+loss plot to ../kmean-results/circles/clusters_loss_circles_k2.png
2025-06-15 11:54:58,994 - INFO - Saved Dunn plot to ../kmean-results/circles/dunn_circles_k2.png
2025-06-15 11:54:58,994 - INFO - Running k-Means on circles: k=1, init=farthest
2025-06-15 11:54:58,995 - INFO - Final loss: 1.3391593
2025-06-15 11:54:58,995 - INFO - RESULT: kmeans Algorithm for circles in k=1,Dunn=inf
2025-06-15 11:54:58,995 - INFO - Running k-Means on circles: k=2, init=farthest
2025-06-15 11:54:58,997 - INFO - Final loss: 1.0140042
2025-06-15 11:54:59,017 - INFO - RESULT: kmeans Algorithm for circles in k=2,Silhouette=0.3519,Calinski-Harabasz=570.5315,Dunn=0.4103
2025-06-15 11:54:59,017 - INFO - Running k-Means on circles: k=3, init=farthest
2025-06-15 11:54:59,019 - INFO - Final loss: 0.8056081
2025-06-15 11:54:59,040 - INFO - RESULT: kmeans Algorithm for circles in k=3,Silhouette=0.3872,Calinski-Harabasz=793.6450,Dunn=0.5660
2025-06-15 11:54:59,040 - INFO - Running k-Means on circles: k=4, init=farthest
2025-06-15 11:54:59,043 - INFO - Final loss: 0.6955102
2025-06-15 11:54:59,065 - INFO - RESULT: kmeans Algorithm for circles in k=4,Silhouette=0.3726,Calinski-Harabasz=873.4272,Dunn=0.6018
2025-06-15 11:54:59,417 - INFO - Saved elbow plot to ../kmean-results/circles/elbow_circles.png
2025-06-15 11:54:59,449 - INFO - RESULT: kmeans Algorithm for circles in k=2,Silhouette=0.3518,Calinski-Harabasz=568.9726,Dunn=0.3963,ARI=-0.0010,AMI=-0.0007,Homogeneity=0.0000,Completeness=0.0000,V-Measure=0.0000
2025-06-15 11:54:59,453 - INFO - circles-K_means Prediction Accuracy (Hungarian Matched): 0.5035035035035035
2025-06-15 11:54:59,454 - INFO - Saving K-Means visualizations to: E:\PythonProject\kmean-results
2025-06-15 11:55:00,807 - INFO - Saved pairwise features plot for circles.
2025-06-15 11:55:00,835 - INFO - 
--- PCA Components for circles ---
2025-06-15 11:55:00,835 - INFO - 1st PC explains 50.4% variance
2025-06-15 11:55:00,835 - INFO - 2nd PC explains 49.6% variance
2025-06-15 11:55:00,835 - INFO - Total explained variance: 100.0%
2025-06-15 11:55:01,376 - INFO - Saved PCA projection plot for circles.
2025-06-15 11:55:06,465 - INFO - 
--- T-SNE Diagnostics for circles ---
2025-06-15 11:55:06,466 - INFO - Perplexity: 30
2025-06-15 11:55:06,466 - INFO - KL Divergence: 0.23
2025-06-15 11:55:06,466 - INFO - Note: t-SNE components don't explain variance like PCA.
2025-06-15 11:55:07,238 - INFO - Saved t-SNE projection plot for circles.
2025-06-15 11:55:07,238 - INFO - 
@---- ||||||||||||| DBSCAN algorithm ||||||||||||| ----@

2025-06-15 11:55:07,239 - INFO - DBSCAN outputs will be saved to E:\PythonProject\dbscan_results\circles
2025-06-15 11:55:07,241 - INFO - Final parameters -> eps=0.6000  min_samples=4
2025-06-15 11:55:07,251 - INFO - clusters=1  noise=0 (0.0%)
2025-06-15 11:55:07,255 - INFO - ARI=0.000  Homog.=0.000  Compl.=1.000  AMI=0.000
2025-06-15 11:55:07,273 - INFO - Dunn: inf
2025-06-15 11:55:08,386 - INFO - Saved DBSCAN plot -> ../dbscan_results/circles/dbscan_circles_eps0.600_min4.png
2025-06-15 11:55:08,386 - INFO - DBSCAN outputs will be saved to E:\PythonProject\dbscan_results\circles
2025-06-15 11:55:08,387 - INFO - Final parameters -> eps=0.6000  min_samples=4
2025-06-15 11:55:08,396 - INFO - clusters=1  noise=0 (0.0%)
2025-06-15 11:55:08,402 - INFO - ARI=0.000  Homog.=0.000  Compl.=1.000  AMI=0.000
2025-06-15 11:55:08,419 - INFO - Dunn: inf
2025-06-15 11:55:09,665 - INFO - Saved DBSCAN plot -> ../dbscan_results/circles/dbscan_circles_eps0.600_min4_pca.png
2025-06-15 11:55:09,667 - INFO - circles-DBSCAN-nd Prediction Accuracy (Hungarian Matched): 0.5005005005005005
2025-06-15 11:55:09,669 - INFO - circles-DBSCAN-2d Prediction Accuracy (Hungarian Matched): 0.5005005005005005
2025-06-15 11:55:09,669 - INFO - 
@---- ||||||||||||| spherical algorithm Dataset ||||||||||||| ----@

2025-06-15 11:55:09,669 - INFO - 
--- Running Spherical K-Means for circles (k=2) ---
2025-06-15 11:55:09,690 - INFO - 
--- Clustering Metrics for circles (k=2) ---
2025-06-15 11:55:09,714 - INFO - Silhouette Coefficient: 0.354
2025-06-15 11:55:09,716 - INFO - Homogeneity: 0.000
2025-06-15 11:55:09,717 - INFO - Completeness: 0.000
2025-06-15 11:55:09,718 - INFO - V-measure: 0.000
2025-06-15 11:55:09,720 - INFO - Adjusted Rand Index: -0.001
2025-06-15 11:55:09,722 - INFO - Adjusted Mutual Information: -0.001
2025-06-15 11:55:09,723 - INFO - Calinski_Harabasz_Score: 577.956
2025-06-15 11:55:09,723 - INFO - Dunn: 0.460
2025-06-15 11:55:09,723 - INFO - --------------------------------------------------
2025-06-15 11:55:09,723 - INFO - 
--- Saving Visualizations for circles ---
2025-06-15 11:55:09,761 - INFO - 
--- PCA Components for circles ---
2025-06-15 11:55:09,761 - INFO - 1st PC explains 50.4% variance
2025-06-15 11:55:09,761 - INFO - 2nd PC explains 49.6% variance
2025-06-15 11:55:09,761 - INFO - Total explained variance: 100.0%
2025-06-15 11:55:11,802 - INFO - Saved 2D visualization plots for circles.
2025-06-15 11:55:12,528 - INFO - Saved 3D PCA plot to ../spherical-results/3d/circles//circles_spherical_2_3d_pca.png
2025-06-15 11:55:12,528 - INFO - Saved 3D PCA plot for circles.
2025-06-15 11:55:12,531 - INFO - circles-Spherical_K_means Prediction Accuracy (Hungarian Matched): 0.5015015015015015
2025-06-15 11:55:12,531 - INFO - 
@---- ||||||||||||| moons Dataset ||||||||||||| ----@

2025-06-15 11:55:12,534 - INFO - Features: 2 without labels
2025-06-15 11:55:12,534 - INFO - 
@---- ||||||||||||| K-Means algorithm Dataset ||||||||||||| ----@

2025-06-15 11:55:12,534 - INFO - Running k-Means on moons: k=2, init=farthest
2025-06-15 11:55:12,536 - INFO - Final loss: 0.8743936
2025-06-15 11:55:12,776 - INFO - Saved convergence plot to ../kmean-results/moons/convergence_moons_k2.png
2025-06-15 11:55:13,093 - INFO - Saved clusters plot to ../kmean-results/moons/clusters_moons_k2.png
2025-06-15 11:55:13,480 - INFO - Saved cluster+loss plot to ../kmean-results/moons/clusters_loss_moons_k2.png
2025-06-15 11:55:13,696 - INFO - Saved Dunn plot to ../kmean-results/moons/dunn_moons_k2.png
2025-06-15 11:55:13,696 - INFO - Running k-Means on moons: k=1, init=farthest
2025-06-15 11:55:13,698 - INFO - Final loss: 1.3444690
2025-06-15 11:55:13,699 - INFO - RESULT: kmeans Algorithm for moons in k=1,Dunn=inf
2025-06-15 11:55:13,699 - INFO - Running k-Means on moons: k=2, init=farthest
2025-06-15 11:55:13,700 - INFO - Final loss: 0.8743918
2025-06-15 11:55:13,720 - INFO - RESULT: kmeans Algorithm for moons in k=2,Silhouette=0.4965,Calinski-Harabasz=1395.5573,Dunn=0.5987
2025-06-15 11:55:13,721 - INFO - Running k-Means on moons: k=3, init=farthest
2025-06-15 11:55:13,724 - INFO - Final loss: 0.7362247
2025-06-15 11:55:13,744 - INFO - RESULT: kmeans Algorithm for moons in k=3,Silhouette=0.4464,Calinski-Harabasz=1126.3253,Dunn=0.3691
2025-06-15 11:55:13,745 - INFO - Running k-Means on moons: k=4, init=farthest
2025-06-15 11:55:13,749 - INFO - Final loss: 0.5964990
2025-06-15 11:55:13,769 - INFO - RESULT: kmeans Algorithm for moons in k=4,Silhouette=0.4358,Calinski-Harabasz=1283.2492,Dunn=0.5518
2025-06-15 11:55:14,053 - INFO - Saved elbow plot to ../kmean-results/moons/elbow_moons.png
2025-06-15 11:55:14,081 - INFO - RESULT: kmeans Algorithm for moons in k=2,Silhouette=0.4964,Calinski-Harabasz=1395.8828,Dunn=0.5992,ARI=0.4919,AMI=0.3921,Homogeneity=0.3925,Completeness=0.3926,V-Measure=0.3926
2025-06-15 11:55:14,084 - INFO - moons-K_means Prediction Accuracy (Hungarian Matched): 0.8508508508508509
2025-06-15 11:55:14,085 - INFO - Saving K-Means visualizations to: E:\PythonProject\kmean-results
2025-06-15 11:55:15,348 - INFO - Saved pairwise features plot for moons.
2025-06-15 11:55:15,377 - INFO - 
--- PCA Components for moons ---
2025-06-15 11:55:15,377 - INFO - 1st PC explains 72.5% variance
2025-06-15 11:55:15,377 - INFO - 2nd PC explains 27.5% variance
2025-06-15 11:55:15,377 - INFO - Total explained variance: 100.0%
2025-06-15 11:55:15,930 - INFO - Saved PCA projection plot for moons.
2025-06-15 11:55:21,572 - INFO - 
--- T-SNE Diagnostics for moons ---
2025-06-15 11:55:21,572 - INFO - Perplexity: 30
2025-06-15 11:55:21,572 - INFO - KL Divergence: 0.24
2025-06-15 11:55:21,572 - INFO - Note: t-SNE components don't explain variance like PCA.
2025-06-15 11:55:22,224 - INFO - Saved t-SNE projection plot for moons.
2025-06-15 11:55:22,224 - INFO - 
@---- ||||||||||||| DBSCAN algorithm ||||||||||||| ----@

2025-06-15 11:55:22,225 - INFO - DBSCAN outputs will be saved to E:\PythonProject\dbscan_results\moons
2025-06-15 11:55:22,225 - INFO - Final parameters -> eps=0.6000  min_samples=4
2025-06-15 11:55:22,290 - INFO - clusters=1  noise=0 (0.0%)
2025-06-15 11:55:22,294 - INFO - ARI=0.000  Homog.=0.000  Compl.=1.000  AMI=0.000
2025-06-15 11:55:22,309 - INFO - Dunn: inf
2025-06-15 11:55:23,426 - INFO - Saved DBSCAN plot -> ../dbscan_results/moons/dbscan_moons_eps0.600_min4.png
2025-06-15 11:55:23,428 - INFO - DBSCAN outputs will be saved to E:\PythonProject\dbscan_results\moons
2025-06-15 11:55:23,429 - INFO - Final parameters -> eps=0.6000  min_samples=4
2025-06-15 11:55:23,440 - INFO - clusters=1  noise=0 (0.0%)
2025-06-15 11:55:23,445 - INFO - ARI=0.000  Homog.=0.000  Compl.=1.000  AMI=0.000
2025-06-15 11:55:23,465 - INFO - Dunn: inf
2025-06-15 11:55:24,633 - INFO - Saved DBSCAN plot -> ../dbscan_results/moons/dbscan_moons_eps0.600_min4_pca.png
2025-06-15 11:55:24,636 - INFO - moons-DBSCAN-nd Prediction Accuracy (Hungarian Matched): 0.5005005005005005
2025-06-15 11:55:24,638 - INFO - moons-DBSCAN-2d Prediction Accuracy (Hungarian Matched): 0.5005005005005005
2025-06-15 11:55:24,638 - INFO - 
@---- ||||||||||||| spherical algorithm Dataset ||||||||||||| ----@

2025-06-15 11:55:24,638 - INFO - 
--- Running Spherical K-Means for moons (k=2) ---
2025-06-15 11:55:24,676 - INFO - 
--- Clustering Metrics for moons (k=2) ---
2025-06-15 11:55:24,700 - INFO - Silhouette Coefficient: 0.497
2025-06-15 11:55:24,702 - INFO - Homogeneity: 0.421
2025-06-15 11:55:24,703 - INFO - Completeness: 0.421
2025-06-15 11:55:24,704 - INFO - V-measure: 0.421
2025-06-15 11:55:24,705 - INFO - Adjusted Rand Index: 0.523
2025-06-15 11:55:24,707 - INFO - Adjusted Mutual Information: 0.420
2025-06-15 11:55:24,708 - INFO - Calinski_Harabasz_Score: 1393.476
2025-06-15 11:55:24,708 - INFO - Dunn: 0.542
2025-06-15 11:55:24,708 - INFO - --------------------------------------------------
2025-06-15 11:55:24,708 - INFO - 
--- Saving Visualizations for moons ---
2025-06-15 11:55:24,744 - INFO - 
--- PCA Components for moons ---
2025-06-15 11:55:24,745 - INFO - 1st PC explains 72.5% variance
2025-06-15 11:55:24,745 - INFO - 2nd PC explains 27.5% variance
2025-06-15 11:55:24,745 - INFO - Total explained variance: 100.0%
2025-06-15 11:55:26,788 - INFO - Saved 2D visualization plots for moons.
2025-06-15 11:55:27,460 - INFO - Saved 3D PCA plot to ../spherical-results/3d/moons//moons_spherical_2_3d_pca.png
2025-06-15 11:55:27,460 - INFO - Saved 3D PCA plot for moons.
2025-06-15 11:55:27,466 - INFO - moons-Spherical_K_means Prediction Accuracy (Hungarian Matched): 0.8618618618618619
2025-06-15 11:55:27,466 - INFO - 
@---- ||||||||||||| digits Dataset ||||||||||||| ----@

2025-06-15 11:55:27,484 - INFO - Features: 2 without labels
2025-06-15 11:55:27,484 - INFO - 
@---- ||||||||||||| K-Means algorithm Dataset ||||||||||||| ----@

2025-06-15 11:55:27,484 - INFO - Running k-Means on digits: k=10, init=farthest
2025-06-15 11:55:27,785 - INFO - Final loss: 6.7538232
2025-06-15 11:55:28,064 - INFO - Saved convergence plot to ../kmean-results/digits/convergence_digits_k10.png
2025-06-15 11:55:28,425 - INFO - Saved clusters plot to ../kmean-results/digits/clusters_digits_k10.png
2025-06-15 11:55:28,848 - INFO - Saved cluster+loss plot to ../kmean-results/digits/clusters_loss_digits_k10.png
2025-06-15 11:55:29,104 - INFO - Saved Dunn plot to ../kmean-results/digits/dunn_digits_k10.png
2025-06-15 11:55:29,104 - INFO - Running k-Means on digits: k=1, init=farthest
2025-06-15 11:55:29,110 - INFO - Final loss: 7.2762004
2025-06-15 11:55:29,112 - INFO - RESULT: kmeans Algorithm for digits in k=1,Dunn=inf
2025-06-15 11:55:29,113 - INFO - Running k-Means on digits: k=2, init=farthest
2025-06-15 11:55:29,120 - INFO - Final loss: 7.2490537
2025-06-15 11:55:29,184 - INFO - RESULT: kmeans Algorithm for digits in k=2,Silhouette=0.7886,Calinski-Harabasz=39.1380,Dunn=0.5226
2025-06-15 11:55:29,186 - INFO - Running k-Means on digits: k=3, init=farthest
2025-06-15 11:55:29,195 - INFO - Final loss: 7.2232052
2025-06-15 11:55:29,265 - INFO - RESULT: kmeans Algorithm for digits in k=3,Silhouette=0.7798,Calinski-Harabasz=38.2471,Dunn=0.5197
2025-06-15 11:55:29,266 - INFO - Running k-Means on digits: k=4, init=farthest
2025-06-15 11:55:29,276 - INFO - Final loss: 7.1982922
2025-06-15 11:55:29,349 - INFO - RESULT: kmeans Algorithm for digits in k=4,Silhouette=0.7716,Calinski-Harabasz=37.4850,Dunn=0.6959
2025-06-15 11:55:29,351 - INFO - Running k-Means on digits: k=5, init=farthest
2025-06-15 11:55:29,366 - INFO - Final loss: 7.1663816
2025-06-15 11:55:29,446 - INFO - RESULT: kmeans Algorithm for digits in k=5,Silhouette=0.6556,Calinski-Harabasz=38.2886,Dunn=0.4343
2025-06-15 11:55:29,448 - INFO - Running k-Means on digits: k=6, init=farthest
2025-06-15 11:55:29,465 - INFO - Final loss: 7.1491380
2025-06-15 11:55:29,549 - INFO - RESULT: kmeans Algorithm for digits in k=6,Silhouette=0.6560,Calinski-Harabasz=34.3348,Dunn=0.4516
2025-06-15 11:55:29,550 - INFO - Running k-Means on digits: k=7, init=farthest
2025-06-15 11:55:29,574 - INFO - Final loss: 7.1237840
2025-06-15 11:55:29,667 - INFO - RESULT: kmeans Algorithm for digits in k=7,Silhouette=0.5793,Calinski-Harabasz=33.5151,Dunn=0.4028
2025-06-15 11:55:29,669 - INFO - Running k-Means on digits: k=8, init=farthest
2025-06-15 11:55:29,717 - INFO - Final loss: 7.0897025
2025-06-15 11:55:29,810 - INFO - RESULT: kmeans Algorithm for digits in k=8,Silhouette=0.5070,Calinski-Harabasz=34.4878,Dunn=0.3543
2025-06-15 11:55:29,812 - INFO - Running k-Means on digits: k=9, init=farthest
2025-06-15 11:55:29,872 - INFO - Final loss: 7.0414145
2025-06-15 11:55:29,968 - INFO - RESULT: kmeans Algorithm for digits in k=9,Silhouette=0.4030,Calinski-Harabasz=35.5466,Dunn=0.3002
2025-06-15 11:55:29,970 - INFO - Running k-Means on digits: k=10, init=farthest
2025-06-15 11:55:30,304 - INFO - Final loss: 6.7538232
2025-06-15 11:55:30,391 - INFO - RESULT: kmeans Algorithm for digits in k=10,Silhouette=0.1012,Calinski-Harabasz=49.0422,Dunn=0.0986
2025-06-15 11:55:30,393 - INFO - Running k-Means on digits: k=11, init=farthest
2025-06-15 11:55:30,796 - INFO - Final loss: 6.7054794
2025-06-15 11:55:30,883 - INFO - RESULT: kmeans Algorithm for digits in k=11,Silhouette=0.1042,Calinski-Harabasz=49.2436,Dunn=0.0983
2025-06-15 11:55:30,885 - INFO - Running k-Means on digits: k=12, init=farthest
2025-06-15 11:55:31,293 - INFO - Final loss: 6.6990858
2025-06-15 11:55:31,382 - INFO - RESULT: kmeans Algorithm for digits in k=12,Silhouette=0.1045,Calinski-Harabasz=45.3671,Dunn=0.0984
2025-06-15 11:55:31,384 - INFO - Running k-Means on digits: k=13, init=farthest
2025-06-15 11:55:31,502 - INFO - Final loss: 6.9117841
2025-06-15 11:55:31,599 - INFO - RESULT: kmeans Algorithm for digits in k=13,Silhouette=0.3485,Calinski-Harabasz=33.3486,Dunn=0.3409
2025-06-15 11:55:31,610 - INFO - Running k-Means on digits: k=14, init=farthest
2025-06-15 11:55:32,051 - INFO - Final loss: 6.5750974
2025-06-15 11:55:32,148 - INFO - RESULT: kmeans Algorithm for digits in k=14,Silhouette=0.1014,Calinski-Harabasz=47.9491,Dunn=0.1426
2025-06-15 11:55:32,150 - INFO - Running k-Means on digits: k=15, init=farthest
2025-06-15 11:55:32,444 - INFO - Final loss: 6.3441338
2025-06-15 11:55:32,541 - INFO - RESULT: kmeans Algorithm for digits in k=15,Silhouette=0.1043,Calinski-Harabasz=56.7277,Dunn=0.1510
2025-06-15 11:55:32,543 - INFO - Running k-Means on digits: k=16, init=farthest
2025-06-15 11:55:33,056 - INFO - Final loss: 6.3305937
2025-06-15 11:55:33,143 - INFO - RESULT: kmeans Algorithm for digits in k=16,Silhouette=0.1003,Calinski-Harabasz=53.8482,Dunn=0.1566
2025-06-15 11:55:33,145 - INFO - Running k-Means on digits: k=17, init=farthest
2025-06-15 11:55:33,820 - INFO - Final loss: 6.1277640
2025-06-15 11:55:33,898 - INFO - RESULT: kmeans Algorithm for digits in k=17,Silhouette=0.1224,Calinski-Harabasz=61.3094,Dunn=0.1605
2025-06-15 11:55:33,900 - INFO - Running k-Means on digits: k=18, init=farthest
2025-06-15 11:55:34,611 - INFO - Final loss: 6.1196646
2025-06-15 11:55:34,708 - INFO - RESULT: kmeans Algorithm for digits in k=18,Silhouette=0.1227,Calinski-Harabasz=58.0309,Dunn=0.1605
2025-06-15 11:55:34,711 - INFO - Running k-Means on digits: k=19, init=farthest
2025-06-15 11:55:35,826 - INFO - Final loss: 5.9463873
2025-06-15 11:55:35,905 - INFO - RESULT: kmeans Algorithm for digits in k=19,Silhouette=0.1227,Calinski-Harabasz=63.6001,Dunn=0.1586
2025-06-15 11:55:35,908 - INFO - Running k-Means on digits: k=20, init=farthest
2025-06-15 11:55:36,410 - INFO - Final loss: 5.6430840
2025-06-15 11:55:36,485 - INFO - RESULT: kmeans Algorithm for digits in k=20,Silhouette=0.1321,Calinski-Harabasz=77.6913,Dunn=0.1765
2025-06-15 11:55:36,856 - INFO - Saved elbow plot to ../kmean-results/digits/elbow_digits.png
2025-06-15 11:55:36,953 - INFO - RESULT: kmeans Algorithm for digits in k=10,Silhouette=0.1012,Calinski-Harabasz=49.0422,Dunn=0.0986,ARI=0.1082,AMI=0.2363,Homogeneity=0.1603,Completeness=0.5132,V-Measure=0.2443
2025-06-15 11:55:36,971 - INFO - digits-K_means Prediction Accuracy (Hungarian Matched): 0.19532554257095158
2025-06-15 11:55:36,971 - INFO - Saving K-Means visualizations to: E:\PythonProject\kmean-results
2025-06-15 11:55:36,971 - INFO - Skipping pairwise features plot for digits as it has more than 4 features.
2025-06-15 11:55:37,032 - INFO - 
--- PCA Components for digits ---
2025-06-15 11:55:37,032 - INFO - 1st PC explains 12.0% variance
2025-06-15 11:55:37,032 - INFO - 2nd PC explains 9.6% variance
2025-06-15 11:55:37,032 - INFO - Total explained variance: 21.6%
2025-06-15 11:55:37,718 - INFO - Saved PCA projection plot for digits.
2025-06-15 11:55:37,718 - INFO - Skipping t-SNE plot for digits as it has more than 1000 samples.
2025-06-15 11:55:37,718 - INFO - 
@---- ||||||||||||| DBSCAN algorithm ||||||||||||| ----@

2025-06-15 11:55:37,719 - INFO - DBSCAN outputs will be saved to E:\PythonProject\dbscan_results\digits
2025-06-15 11:55:37,720 - INFO - Final parameters -> eps=0.6000  min_samples=4
2025-06-15 11:55:38,025 - INFO - clusters=0  noise=1797 (100.0%)
2025-06-15 11:55:38,030 - INFO - ARI=0.000  Homog.=0.000  Compl.=1.000  AMI=-0.000
2025-06-15 11:55:38,030 - INFO - Dunn: inf
2025-06-15 11:55:38,763 - INFO - Saved DBSCAN plot -> ../dbscan_results/digits/dbscan_digits_eps0.600_min4.png
2025-06-15 11:55:38,763 - INFO - DBSCAN outputs will be saved to E:\PythonProject\dbscan_results\digits
2025-06-15 11:55:38,766 - INFO - Final parameters -> eps=0.6000  min_samples=4
2025-06-15 11:55:39,109 - INFO - clusters=0  noise=1797 (100.0%)
2025-06-15 11:55:39,113 - INFO - ARI=0.000  Homog.=0.000  Compl.=1.000  AMI=-0.000
2025-06-15 11:55:39,114 - INFO - Dunn: inf
2025-06-15 11:55:39,135 - INFO - PCA vis -> 2D  var=21.6%
2025-06-15 11:55:40,115 - INFO - Saved DBSCAN plot -> ../dbscan_results/digits/dbscan_digits_eps0.600_min4_pca.png
2025-06-15 11:55:40,115 - INFO - digits-DBSCAN-nd Prediction Accuracy (Hungarian Matched): None
2025-06-15 11:55:40,115 - INFO - digits-DBSCAN-2d Prediction Accuracy (Hungarian Matched): None
2025-06-15 11:55:40,115 - INFO - 
@---- ||||||||||||| spherical algorithm Dataset ||||||||||||| ----@

2025-06-15 11:55:40,115 - INFO - 
--- Running Spherical K-Means for digits (k=10) ---
2025-06-15 11:55:40,630 - INFO - 
--- Clustering Metrics for digits (k=10) ---
2025-06-15 11:55:40,701 - INFO - Silhouette Coefficient: 0.122
2025-06-15 11:55:40,704 - INFO - Homogeneity: 0.715
2025-06-15 11:55:40,705 - INFO - Completeness: 0.718
2025-06-15 11:55:40,706 - INFO - V-measure: 0.717
2025-06-15 11:55:40,708 - INFO - Adjusted Rand Index: 0.658
2025-06-15 11:55:40,717 - INFO - Adjusted Mutual Information: 0.714
2025-06-15 11:55:40,718 - INFO - Calinski_Harabasz_Score: 103.339
2025-06-15 11:55:40,721 - INFO - Dunn: 0.010
2025-06-15 11:55:40,721 - INFO - --------------------------------------------------
2025-06-15 11:55:40,721 - INFO - 
--- Saving Visualizations for digits ---
2025-06-15 11:55:40,787 - INFO - 
--- PCA Components for digits ---
2025-06-15 11:55:40,787 - INFO - 1st PC explains 12.0% variance
2025-06-15 11:55:40,787 - INFO - 2nd PC explains 9.6% variance
2025-06-15 11:55:40,787 - INFO - Total explained variance: 21.6%
2025-06-15 11:55:44,095 - INFO - Saved 2D visualization plots for digits.
2025-06-15 11:55:44,929 - INFO - Saved 3D PCA plot to ../spherical-results/3d/digits//digits_spherical_10_3d_pca.png
2025-06-15 11:55:44,930 - INFO - Saved 3D PCA plot for digits.
2025-06-15 11:55:44,942 - INFO - digits-Spherical_K_means Prediction Accuracy (Hungarian Matched): 0.7790762381747357
2025-06-15 11:55:44,942 - INFO - 
@---- ||||||||||||| complex9 Dataset ||||||||||||| ----@

2025-06-15 11:55:44,946 - INFO - Features: 2 without labels
2025-06-15 11:55:44,946 - INFO - 
@---- ||||||||||||| K-Means algorithm Dataset ||||||||||||| ----@

2025-06-15 11:55:44,946 - INFO - Running k-Means on complex9: k=9, init=farthest
2025-06-15 11:55:44,956 - INFO - Final loss: 0.4035268
2025-06-15 11:55:45,211 - INFO - Saved convergence plot to ../kmean-results/complex9/convergence_complex9_k9.png
2025-06-15 11:55:45,643 - INFO - Saved clusters plot to ../kmean-results/complex9/clusters_complex9_k9.png
2025-06-15 11:55:46,240 - INFO - Saved cluster+loss plot to ../kmean-results/complex9/clusters_loss_complex9_k9.png
2025-06-15 11:55:46,456 - INFO - Saved Dunn plot to ../kmean-results/complex9/dunn_complex9_k9.png
2025-06-15 11:55:46,456 - INFO - Running k-Means on complex9: k=1, init=farthest
2025-06-15 11:55:46,457 - INFO - Final loss: 1.3373257
2025-06-15 11:55:46,458 - INFO - RESULT: kmeans Algorithm for complex9 in k=1,Dunn=inf
2025-06-15 11:55:46,458 - INFO - Running k-Means on complex9: k=2, init=farthest
2025-06-15 11:55:46,461 - INFO - Final loss: 1.0101498
2025-06-15 11:55:46,638 - INFO - RESULT: kmeans Algorithm for complex9 in k=2,Silhouette=0.3829,Calinski-Harabasz=2043.5965,Dunn=0.4407
2025-06-15 11:55:46,639 - INFO - Running k-Means on complex9: k=3, init=farthest
2025-06-15 11:55:46,647 - INFO - Final loss: 0.7705974
2025-06-15 11:55:46,845 - INFO - RESULT: kmeans Algorithm for complex9 in k=3,Silhouette=0.4251,Calinski-Harabasz=2741.2488,Dunn=0.4701
2025-06-15 11:55:46,846 - INFO - Running k-Means on complex9: k=4, init=farthest
2025-06-15 11:55:46,850 - INFO - Final loss: 0.6032594
2025-06-15 11:55:47,045 - INFO - RESULT: kmeans Algorithm for complex9 in k=4,Silhouette=0.4773,Calinski-Harabasz=3874.9293,Dunn=0.7321
2025-06-15 11:55:47,046 - INFO - Running k-Means on complex9: k=5, init=farthest
2025-06-15 11:55:47,057 - INFO - Final loss: 0.5414133
2025-06-15 11:55:47,263 - INFO - RESULT: kmeans Algorithm for complex9 in k=5,Silhouette=0.4581,Calinski-Harabasz=3719.1178,Dunn=0.4576
2025-06-15 11:55:47,264 - INFO - Running k-Means on complex9: k=6, init=farthest
2025-06-15 11:55:47,270 - INFO - Final loss: 0.5034949
2025-06-15 11:55:47,479 - INFO - RESULT: kmeans Algorithm for complex9 in k=6,Silhouette=0.4193,Calinski-Harabasz=3473.2756,Dunn=0.4623
2025-06-15 11:55:47,480 - INFO - Running k-Means on complex9: k=7, init=farthest
2025-06-15 11:55:47,488 - INFO - Final loss: 0.4638657
2025-06-15 11:55:47,707 - INFO - RESULT: kmeans Algorithm for complex9 in k=7,Silhouette=0.4009,Calinski-Harabasz=3504.4639,Dunn=0.3725
2025-06-15 11:55:47,708 - INFO - Running k-Means on complex9: k=8, init=farthest
2025-06-15 11:55:47,720 - INFO - Final loss: 0.4234788
2025-06-15 11:55:47,958 - INFO - RESULT: kmeans Algorithm for complex9 in k=8,Silhouette=0.4139,Calinski-Harabasz=3794.4014,Dunn=0.4643
2025-06-15 11:55:47,960 - INFO - Running k-Means on complex9: k=9, init=farthest
2025-06-15 11:55:47,978 - INFO - Final loss: 0.3955353
2025-06-15 11:55:48,234 - INFO - RESULT: kmeans Algorithm for complex9 in k=9,Silhouette=0.4107,Calinski-Harabasz=3801.1571,Dunn=0.4559
2025-06-15 11:55:48,235 - INFO - Running k-Means on complex9: k=10, init=farthest
2025-06-15 11:55:48,255 - INFO - Final loss: 0.3760580
2025-06-15 11:55:48,490 - INFO - RESULT: kmeans Algorithm for complex9 in k=10,Silhouette=0.4092,Calinski-Harabasz=3670.3301,Dunn=0.3782
2025-06-15 11:55:48,491 - INFO - Running k-Means on complex9: k=11, init=farthest
2025-06-15 11:55:48,511 - INFO - Final loss: 0.3538300
2025-06-15 11:55:48,733 - INFO - RESULT: kmeans Algorithm for complex9 in k=11,Silhouette=0.4134,Calinski-Harabasz=3817.5672,Dunn=0.3883
2025-06-15 11:55:48,735 - INFO - Running k-Means on complex9: k=12, init=farthest
2025-06-15 11:55:48,754 - INFO - Final loss: 0.3331431
2025-06-15 11:55:48,978 - INFO - RESULT: kmeans Algorithm for complex9 in k=12,Silhouette=0.4059,Calinski-Harabasz=4092.0924,Dunn=0.5648
2025-06-15 11:55:48,980 - INFO - Running k-Means on complex9: k=13, init=farthest
2025-06-15 11:55:49,000 - INFO - Final loss: 0.3225891
2025-06-15 11:55:49,222 - INFO - RESULT: kmeans Algorithm for complex9 in k=13,Silhouette=0.4111,Calinski-Harabasz=3897.7017,Dunn=0.3856
2025-06-15 11:55:49,223 - INFO - Running k-Means on complex9: k=14, init=farthest
2025-06-15 11:55:49,238 - INFO - Final loss: 0.3097693
2025-06-15 11:55:49,465 - INFO - RESULT: kmeans Algorithm for complex9 in k=14,Silhouette=0.4114,Calinski-Harabasz=3866.1008,Dunn=0.3978
2025-06-15 11:55:49,467 - INFO - Running k-Means on complex9: k=15, init=farthest
2025-06-15 11:55:49,510 - INFO - Final loss: 0.2908631
2025-06-15 11:55:49,731 - INFO - RESULT: kmeans Algorithm for complex9 in k=15,Silhouette=0.4020,Calinski-Harabasz=4087.2611,Dunn=0.3509
2025-06-15 11:55:49,733 - INFO - Running k-Means on complex9: k=16, init=farthest
2025-06-15 11:55:49,766 - INFO - Final loss: 0.2785609
2025-06-15 11:55:49,993 - INFO - RESULT: kmeans Algorithm for complex9 in k=16,Silhouette=0.4224,Calinski-Harabasz=4138.8982,Dunn=0.3648
2025-06-15 11:55:49,994 - INFO - Running k-Means on complex9: k=17, init=farthest
2025-06-15 11:55:50,049 - INFO - Final loss: 0.2647161
2025-06-15 11:55:50,293 - INFO - RESULT: kmeans Algorithm for complex9 in k=17,Silhouette=0.4334,Calinski-Harabasz=4393.9967,Dunn=0.4632
2025-06-15 11:55:50,295 - INFO - Running k-Means on complex9: k=18, init=farthest
2025-06-15 11:55:50,346 - INFO - Final loss: 0.2569519
2025-06-15 11:55:50,583 - INFO - RESULT: kmeans Algorithm for complex9 in k=18,Silhouette=0.4187,Calinski-Harabasz=4424.3352,Dunn=0.4719
2025-06-15 11:55:50,951 - INFO - Saved elbow plot to ../kmean-results/complex9/elbow_complex9.png
2025-06-15 11:55:51,177 - INFO - RESULT: kmeans Algorithm for complex9 in k=9,Silhouette=0.4111,Calinski-Harabasz=3565.9253,Dunn=0.3538,ARI=0.3998,AMI=0.6630,Homogeneity=0.7100,Completeness=0.6249,V-Measure=0.6648
2025-06-15 11:55:51,187 - INFO - complex9-K_means Prediction Accuracy (Hungarian Matched): 0.5090729132299571
2025-06-15 11:55:51,187 - INFO - Saving K-Means visualizations to: E:\PythonProject\kmean-results
2025-06-15 11:55:52,822 - INFO - Saved pairwise features plot for complex9.
2025-06-15 11:55:52,849 - INFO - 
--- PCA Components for complex9 ---
2025-06-15 11:55:52,849 - INFO - 1st PC explains 55.7% variance
2025-06-15 11:55:52,849 - INFO - 2nd PC explains 44.3% variance
2025-06-15 11:55:52,849 - INFO - Total explained variance: 100.0%
2025-06-15 11:55:53,458 - INFO - Saved PCA projection plot for complex9.
2025-06-15 11:55:53,459 - INFO - Skipping t-SNE plot for complex9 as it has more than 1000 samples.
2025-06-15 11:55:53,459 - INFO - 
@---- ||||||||||||| DBSCAN algorithm ||||||||||||| ----@

2025-06-15 11:55:53,459 - INFO - DBSCAN outputs will be saved to E:\PythonProject\dbscan_results\complex9
2025-06-15 11:55:53,460 - INFO - Final parameters -> eps=0.6000  min_samples=4
2025-06-15 11:55:53,500 - INFO - clusters=1  noise=0 (0.0%)
2025-06-15 11:55:53,504 - INFO - ARI=0.000  Homog.=-0.000  Compl.=1.000  AMI=-0.000
2025-06-15 11:55:53,619 - INFO - Dunn: inf
2025-06-15 11:55:54,698 - INFO - Saved DBSCAN plot -> ../dbscan_results/complex9/dbscan_complex9_eps0.600_min4.png
2025-06-15 11:55:54,698 - INFO - DBSCAN outputs will be saved to E:\PythonProject\dbscan_results\complex9
2025-06-15 11:55:54,699 - INFO - Final parameters -> eps=0.6000  min_samples=4
2025-06-15 11:55:54,750 - INFO - clusters=1  noise=0 (0.0%)
2025-06-15 11:55:54,755 - INFO - ARI=0.000  Homog.=-0.000  Compl.=1.000  AMI=-0.000
2025-06-15 11:55:54,886 - INFO - Dunn: inf
2025-06-15 11:55:55,960 - INFO - Saved DBSCAN plot -> ../dbscan_results/complex9/dbscan_complex9_eps0.600_min4_pca.png
2025-06-15 11:55:55,963 - INFO - complex9-DBSCAN-nd Prediction Accuracy (Hungarian Matched): 0.2989112504124051
2025-06-15 11:55:55,965 - INFO - complex9-DBSCAN-2d Prediction Accuracy (Hungarian Matched): 0.2989112504124051
2025-06-15 11:55:55,965 - INFO - 
@---- ||||||||||||| spherical algorithm Dataset ||||||||||||| ----@

2025-06-15 11:55:55,966 - INFO - 
--- Running Spherical K-Means for complex9 (k=9) ---
2025-06-15 11:55:56,059 - INFO - 
--- Clustering Metrics for complex9 (k=9) ---
2025-06-15 11:55:56,218 - INFO - Silhouette Coefficient: 0.339
2025-06-15 11:55:56,220 - INFO - Homogeneity: 0.654
2025-06-15 11:55:56,222 - INFO - Completeness: 0.570
2025-06-15 11:55:56,224 - INFO - V-measure: 0.609
2025-06-15 11:55:56,225 - INFO - Adjusted Rand Index: 0.347
2025-06-15 11:55:56,233 - INFO - Adjusted Mutual Information: 0.607
2025-06-15 11:55:56,235 - INFO - Calinski_Harabasz_Score: 2931.445
2025-06-15 11:55:56,235 - INFO - Dunn: 0.182
2025-06-15 11:55:56,236 - INFO - --------------------------------------------------
2025-06-15 11:55:56,236 - INFO - 
--- Saving Visualizations for complex9 ---
2025-06-15 11:55:56,270 - INFO - 
--- PCA Components for complex9 ---
2025-06-15 11:55:56,271 - INFO - 1st PC explains 55.7% variance
2025-06-15 11:55:56,271 - INFO - 2nd PC explains 44.3% variance
2025-06-15 11:55:56,271 - INFO - Total explained variance: 100.0%
2025-06-15 11:55:59,246 - INFO - Saved 2D visualization plots for complex9.
2025-06-15 11:56:00,001 - INFO - Saved 3D PCA plot to ../spherical-results/3d/complex9//complex9_spherical_9_3d_pca.png
2025-06-15 11:56:00,001 - INFO - Saved 3D PCA plot for complex9.
2025-06-15 11:56:00,010 - INFO - complex9-Spherical_K_means Prediction Accuracy (Hungarian Matched): 0.5701088749587595
2025-06-15 11:56:00,010 - INFO - 
@---- ||||||||||||| vehicle Dataset ||||||||||||| ----@

2025-06-15 11:56:00,015 - INFO - Features: 2 without labels
2025-06-15 11:56:00,017 - INFO - 
@---- ||||||||||||| K-Means algorithm Dataset ||||||||||||| ----@

2025-06-15 11:56:00,017 - INFO - Running k-Means on vehicle: k=3, init=farthest
2025-06-15 11:56:00,018 - INFO - Final loss: 3.8421868
2025-06-15 11:56:00,280 - INFO - Saved convergence plot to ../kmean-results/vehicle/convergence_vehicle_k3.png
2025-06-15 11:56:00,619 - INFO - Saved clusters plot to ../kmean-results/vehicle/clusters_vehicle_k3.png
2025-06-15 11:56:01,038 - INFO - Saved cluster+loss plot to ../kmean-results/vehicle/clusters_loss_vehicle_k3.png
2025-06-15 11:56:01,242 - INFO - Saved Dunn plot to ../kmean-results/vehicle/dunn_vehicle_k3.png
2025-06-15 11:56:01,243 - INFO - Running k-Means on vehicle: k=1, init=farthest
2025-06-15 11:56:01,244 - INFO - Final loss: 3.9411445
2025-06-15 11:56:01,244 - INFO - RESULT: kmeans Algorithm for vehicle in k=1,Dunn=inf
2025-06-15 11:56:01,245 - INFO - Running k-Means on vehicle: k=2, init=farthest
2025-06-15 11:56:01,246 - INFO - Final loss: 3.8498423
2025-06-15 11:56:01,264 - INFO - RESULT: kmeans Algorithm for vehicle in k=2,Silhouette=0.6175,Calinski-Harabasz=80.9363,Dunn=0.7534
2025-06-15 11:56:01,264 - INFO - Running k-Means on vehicle: k=3, init=farthest
2025-06-15 11:56:01,268 - INFO - Final loss: 2.8771545
2025-06-15 11:56:01,285 - INFO - RESULT: kmeans Algorithm for vehicle in k=3,Silhouette=0.4003,Calinski-Harabasz=419.3669,Dunn=0.4981
2025-06-15 11:56:01,285 - INFO - Running k-Means on vehicle: k=4, init=farthest
2025-06-15 11:56:01,289 - INFO - Final loss: 2.8694989
2025-06-15 11:56:01,306 - INFO - RESULT: kmeans Algorithm for vehicle in k=4,Silhouette=0.3966,Calinski-Harabasz=282.4635,Dunn=0.4184
2025-06-15 11:56:01,306 - INFO - Running k-Means on vehicle: k=5, init=farthest
2025-06-15 11:56:01,311 - INFO - Final loss: 2.5408244
2025-06-15 11:56:01,331 - INFO - RESULT: kmeans Algorithm for vehicle in k=5,Silhouette=0.3012,Calinski-Harabasz=328.8972,Dunn=0.3165
2025-06-15 11:56:01,331 - INFO - Running k-Means on vehicle: k=6, init=farthest
2025-06-15 11:56:01,341 - INFO - Final loss: 2.4315983
2025-06-15 11:56:01,359 - INFO - RESULT: kmeans Algorithm for vehicle in k=6,Silhouette=0.2296,Calinski-Harabasz=306.8142,Dunn=0.3355
2025-06-15 11:56:01,655 - INFO - Saved elbow plot to ../kmean-results/vehicle/elbow_vehicle.png
2025-06-15 11:56:01,679 - INFO - RESULT: kmeans Algorithm for vehicle in k=3,Silhouette=0.5779,Calinski-Harabasz=41.8745,Dunn=0.2802,ARI=0.0006,AMI=0.0055,Homogeneity=0.0060,Completeness=0.1394,V-Measure=0.0115
2025-06-15 11:56:01,682 - INFO - vehicle-K_means Prediction Accuracy (Hungarian Matched): 0.2624113475177305
2025-06-15 11:56:01,682 - INFO - Saving K-Means visualizations to: E:\PythonProject\kmean-results
2025-06-15 11:56:01,682 - INFO - Skipping pairwise features plot for vehicle as it has more than 4 features.
2025-06-15 11:56:01,721 - INFO - 
--- PCA Components for vehicle ---
2025-06-15 11:56:01,721 - INFO - 1st PC explains 52.4% variance
2025-06-15 11:56:01,722 - INFO - 2nd PC explains 16.8% variance
2025-06-15 11:56:01,722 - INFO - Total explained variance: 69.2%
2025-06-15 11:56:02,242 - INFO - Saved PCA projection plot for vehicle.
2025-06-15 11:56:07,220 - INFO - 
--- T-SNE Diagnostics for vehicle ---
2025-06-15 11:56:07,220 - INFO - Perplexity: 30
2025-06-15 11:56:07,221 - INFO - KL Divergence: 0.82
2025-06-15 11:56:07,221 - INFO - Note: t-SNE components don't explain variance like PCA.
2025-06-15 11:56:07,903 - INFO - Saved t-SNE projection plot for vehicle.
2025-06-15 11:56:07,903 - INFO - 
@---- ||||||||||||| DBSCAN algorithm ||||||||||||| ----@

2025-06-15 11:56:07,904 - INFO - DBSCAN outputs will be saved to E:\PythonProject\dbscan_results\vehicle
2025-06-15 11:56:07,905 - INFO - Final parameters -> eps=0.6000  min_samples=4
2025-06-15 11:56:07,922 - INFO - clusters=0  noise=846 (100.0%)
2025-06-15 11:56:07,926 - INFO - ARI=0.000  Homog.=-0.000  Compl.=1.000  AMI=-0.000
2025-06-15 11:56:07,926 - INFO - Dunn: inf
2025-06-15 11:56:08,705 - INFO - Saved DBSCAN plot -> ../dbscan_results/vehicle/dbscan_vehicle_eps0.600_min4.png
2025-06-15 11:56:08,706 - INFO - DBSCAN outputs will be saved to E:\PythonProject\dbscan_results\vehicle
2025-06-15 11:56:08,706 - INFO - Final parameters -> eps=0.6000  min_samples=4
2025-06-15 11:56:08,724 - INFO - clusters=0  noise=846 (100.0%)
2025-06-15 11:56:08,728 - INFO - ARI=0.000  Homog.=-0.000  Compl.=1.000  AMI=-0.000
2025-06-15 11:56:08,728 - INFO - Dunn: inf
2025-06-15 11:56:08,735 - INFO - PCA vis -> 2D  var=69.2%
2025-06-15 11:56:09,601 - INFO - Saved DBSCAN plot -> ../dbscan_results/vehicle/dbscan_vehicle_eps0.600_min4_pca.png
2025-06-15 11:56:09,602 - INFO - vehicle-DBSCAN-nd Prediction Accuracy (Hungarian Matched): None
2025-06-15 11:56:09,602 - INFO - vehicle-DBSCAN-2d Prediction Accuracy (Hungarian Matched): None
2025-06-15 11:56:09,602 - INFO - 
@---- ||||||||||||| spherical algorithm Dataset ||||||||||||| ----@

2025-06-15 11:56:09,602 - INFO - 
--- Running Spherical K-Means for vehicle (k=3) ---
2025-06-15 11:56:09,653 - INFO - 
--- Clustering Metrics for vehicle (k=3) ---
2025-06-15 11:56:09,665 - INFO - Silhouette Coefficient: 0.287
2025-06-15 11:56:09,667 - INFO - Homogeneity: 0.085
2025-06-15 11:56:09,668 - INFO - Completeness: 0.108
2025-06-15 11:56:09,668 - INFO - V-measure: 0.095
2025-06-15 11:56:09,669 - INFO - Adjusted Rand Index: 0.082
2025-06-15 11:56:09,671 - INFO - Adjusted Mutual Information: 0.093
2025-06-15 11:56:09,672 - INFO - Calinski_Harabasz_Score: 441.830
2025-06-15 11:56:09,672 - INFO - Dunn: 0.040
2025-06-15 11:56:09,672 - INFO - --------------------------------------------------
2025-06-15 11:56:09,672 - INFO - 
--- Saving Visualizations for vehicle ---
2025-06-15 11:56:09,705 - INFO - 
--- PCA Components for vehicle ---
2025-06-15 11:56:09,705 - INFO - 1st PC explains 52.4% variance
2025-06-15 11:56:09,705 - INFO - 2nd PC explains 16.8% variance
2025-06-15 11:56:09,705 - INFO - Total explained variance: 69.2%
2025-06-15 11:56:11,474 - INFO - Saved 2D visualization plots for vehicle.
2025-06-15 11:56:12,155 - INFO - Saved 3D PCA plot to ../spherical-results/3d/vehicle//vehicle_spherical_3_3d_pca.png
2025-06-15 11:56:12,155 - INFO - Saved 3D PCA plot for vehicle.
2025-06-15 11:56:12,157 - INFO - vehicle-Spherical_K_means Prediction Accuracy (Hungarian Matched): 0.3557919621749409
2025-06-15 11:56:12,157 - INFO - 
--- All Clustering Processes Completed ---
